{"/Users/philipp/code/neo4jmapper/src/index.js":{"path":"/Users/philipp/code/neo4jmapper/src/index.js","s":{"1":1,"2":8,"3":8,"4":0,"5":0,"6":0,"7":0,"8":0,"9":0,"10":0,"11":0,"12":0,"13":0,"14":8,"15":8,"16":8,"17":8,"18":8,"19":8,"20":8,"21":8,"22":8,"23":8,"24":8,"25":8,"26":8,"27":8,"28":8,"29":1,"30":1,"31":1,"32":1,"33":1,"34":1,"35":1,"36":1,"37":1,"38":0,"39":1,"40":1,"41":0},"b":{"1":[0,8],"2":[1,0]},"f":{"1":8,"2":0},"fnMap":{"1":{"name":"Neo4jMapper","line":8,"loc":{"start":{"line":8,"column":18},"end":{"line":8,"column":53}}},"2":{"name":"(anonymous_2)","line":62,"loc":{"start":{"line":62,"column":19},"end":{"line":62,"column":42}}}},"statementMap":{"1":{"start":{"line":8,"column":0},"end":{"line":51,"column":1}},"2":{"start":{"line":10,"column":2},"end":{"line":10,"column":22}},"3":{"start":{"line":12,"column":2},"end":{"line":42,"column":3}},"4":{"start":{"line":14,"column":4},"end":{"line":14,"column":95}},"5":{"start":{"line":16,"column":4},"end":{"line":16,"column":48}},"6":{"start":{"line":18,"column":4},"end":{"line":18,"column":64}},"7":{"start":{"line":19,"column":4},"end":{"line":19,"column":82}},"8":{"start":{"line":20,"column":4},"end":{"line":20,"column":75}},"9":{"start":{"line":21,"column":4},"end":{"line":21,"column":94}},"10":{"start":{"line":22,"column":4},"end":{"line":22,"column":75}},"11":{"start":{"line":24,"column":4},"end":{"line":24,"column":46}},"12":{"start":{"line":25,"column":4},"end":{"line":25,"column":82}},"13":{"start":{"line":26,"column":4},"end":{"line":26,"column":62}},"14":{"start":{"line":29,"column":4},"end":{"line":29,"column":90}},"15":{"start":{"line":31,"column":4},"end":{"line":31,"column":48}},"16":{"start":{"line":33,"column":4},"end":{"line":33,"column":59}},"17":{"start":{"line":34,"column":4},"end":{"line":34,"column":65}},"18":{"start":{"line":35,"column":4},"end":{"line":35,"column":70}},"19":{"start":{"line":36,"column":4},"end":{"line":36,"column":89}},"20":{"start":{"line":37,"column":4},"end":{"line":37,"column":70}},"21":{"start":{"line":39,"column":4},"end":{"line":39,"column":40}},"22":{"start":{"line":40,"column":4},"end":{"line":40,"column":76}},"23":{"start":{"line":41,"column":4},"end":{"line":41,"column":56}},"24":{"start":{"line":45,"column":2},"end":{"line":45,"column":54}},"25":{"start":{"line":46,"column":2},"end":{"line":46,"column":46}},"26":{"start":{"line":47,"column":2},"end":{"line":47,"column":46}},"27":{"start":{"line":48,"column":2},"end":{"line":48,"column":46}},"28":{"start":{"line":49,"column":2},"end":{"line":49,"column":54}},"29":{"start":{"line":53,"column":0},"end":{"line":53,"column":34}},"30":{"start":{"line":54,"column":0},"end":{"line":54,"column":42}},"31":{"start":{"line":55,"column":0},"end":{"line":55,"column":35}},"32":{"start":{"line":56,"column":0},"end":{"line":56,"column":41}},"33":{"start":{"line":57,"column":0},"end":{"line":57,"column":34}},"34":{"start":{"line":58,"column":0},"end":{"line":58,"column":42}},"35":{"start":{"line":59,"column":0},"end":{"line":59,"column":36}},"36":{"start":{"line":60,"column":0},"end":{"line":60,"column":37}},"37":{"start":{"line":62,"column":0},"end":{"line":64,"column":1}},"38":{"start":{"line":63,"column":2},"end":{"line":63,"column":39}},"39":{"start":{"line":66,"column":0},"end":{"line":70,"column":1}},"40":{"start":{"line":67,"column":2},"end":{"line":67,"column":41}},"41":{"start":{"line":69,"column":2},"end":{"line":69,"column":35}}},"branchMap":{"1":{"line":12,"type":"if","locations":[{"start":{"line":12,"column":2},"end":{"line":12,"column":2}},{"start":{"line":12,"column":2},"end":{"line":12,"column":2}}]},"2":{"line":66,"type":"if","locations":[{"start":{"line":66,"column":0},"end":{"line":66,"column":0}},{"start":{"line":66,"column":0},"end":{"line":66,"column":0}}]}}},"/Users/philipp/code/neo4jmapper/src/neo4jrestful.js":{"path":"/Users/philipp/code/neo4jmapper/src/neo4jrestful.js","s":{"1":1,"2":8,"3":8,"4":8,"5":8,"6":8,"7":8,"8":8,"9":8,"10":0,"11":0,"12":0,"13":0,"14":0,"15":8,"16":8,"17":8,"18":8,"19":8,"20":8,"21":8,"22":0,"23":0,"24":0,"25":8,"26":8,"27":0,"28":0,"29":8,"30":8,"31":8,"32":8,"33":8,"34":8,"35":8,"36":8,"37":8,"38":8,"39":1057,"40":1057,"41":8456,"42":8,"43":8,"44":8,"45":8,"46":8,"47":8,"48":8,"49":8,"50":8,"51":0,"52":0,"53":0,"54":0,"55":8,"56":0,"57":0,"58":8,"59":453,"60":453,"61":453,"62":453,"63":8,"64":453,"65":453,"66":453,"67":448,"68":453,"69":453,"70":453,"71":0,"72":0,"73":453,"74":453,"75":453,"76":453,"77":0,"78":453,"79":4,"80":453,"81":453,"82":8,"83":8,"84":8,"85":8,"86":8,"87":8,"88":8,"89":8,"90":8,"91":8,"92":8,"93":8,"94":8,"95":8,"96":8,"97":8,"98":8,"99":604,"100":604,"101":604,"102":0,"103":604,"104":604,"105":628,"106":8,"107":0,"108":8,"109":11,"110":11,"111":11,"112":11,"113":11,"114":11,"115":11,"116":11,"117":11,"118":3,"119":0,"120":0,"121":11,"122":8,"123":1595,"124":1058,"125":1595,"126":1058,"127":1595,"128":1595,"129":1595,"130":8,"131":2040,"132":8,"133":1057,"134":1057,"135":0,"136":1057,"137":1057,"138":0,"139":1057,"140":1057,"141":1057,"142":1057,"143":1057,"144":636,"145":1057,"146":1057,"147":1057,"148":8,"149":1057,"150":1057,"151":1057,"152":1057,"153":1057,"154":1057,"155":1057,"156":1057,"157":1057,"158":1057,"159":1057,"160":1057,"161":1057,"162":636,"163":1057,"164":7,"165":7,"166":7,"167":7,"168":34,"169":17,"170":17,"171":17,"172":7,"173":7,"174":10,"175":10,"176":7,"177":7,"178":7,"179":7,"180":7,"181":7,"182":0,"183":7,"184":1057,"185":1050,"186":1050,"187":1050,"188":1050,"189":0,"190":1050,"191":13,"192":1037,"193":1029,"194":1037,"195":8,"196":1068,"197":1068,"198":1068,"199":0,"200":1068,"201":0,"202":1068,"203":0,"204":0,"205":0,"206":0,"207":0,"208":0,"209":0,"210":0,"211":0,"212":1068,"213":1068,"214":1068,"215":636,"216":636,"217":0,"218":1068,"219":7,"220":1061,"221":1061,"222":1061,"223":1061,"224":8,"225":1037,"226":8,"227":1029,"228":399,"229":122,"230":630,"231":588,"232":589,"233":746,"234":42,"235":42,"236":1029,"237":8,"238":24,"239":24,"240":44,"241":24,"242":8,"243":1037,"244":1037,"245":1037,"246":1037,"247":1037,"248":0,"249":0,"250":8,"251":13,"252":0,"253":13,"254":13,"255":13,"256":13,"257":13,"258":0,"259":0,"260":13,"261":13,"262":13,"263":13,"264":13,"265":0,"266":0,"267":0,"268":0,"269":13,"270":13,"271":0,"272":0,"273":0,"274":0,"275":0,"276":13,"277":4,"278":9,"279":8,"280":7,"281":7,"282":7,"283":7,"284":7,"285":7,"286":7,"287":0,"288":7,"289":31,"290":24,"291":24,"292":24,"293":24,"294":4,"295":24,"296":0,"297":0,"298":24,"299":0,"300":7,"301":8,"302":413,"303":413,"304":413,"305":8,"306":635,"307":635,"308":635,"309":8,"310":1,"311":1,"312":1,"313":8,"314":8,"315":8,"316":8,"317":8,"318":8,"319":1540,"320":0,"321":1540,"322":1540,"323":1540,"324":1540,"325":1540,"326":1366,"327":1540,"328":619,"329":557,"330":557,"331":557,"332":62,"333":62,"334":62,"335":62,"336":921,"337":2,"338":2,"339":2,"340":919,"341":8,"342":1052,"343":1052,"344":0,"345":8,"346":1,"347":1,"348":1,"349":0,"350":8,"351":8,"352":445,"353":8,"354":0,"355":8,"356":0,"357":8,"358":1,"359":1,"360":0},"b":{"1":[0,8],"2":[0,0],"3":[1057,0],"4":[1057,1057],"5":[0,0],"6":[0,0],"7":[8,445],"8":[453,0],"9":[5,448],"10":[448,5],"11":[453,0],"12":[0,453],"13":[453,0],"14":[4,449],"15":[8,445],"16":[604,604,604],"17":[0,604],"18":[604,2],"19":[11,0],"20":[11,0],"21":[11,11,11,11],"22":[0,11],"23":[3,8],"24":[0,0],"25":[1058,537],"26":[1058,537],"27":[1058,1],"28":[1595,0],"29":[0,2040],"30":[2040,0],"31":[0,1057],"32":[0,1057],"33":[636,421],"34":[1057,1057],"35":[636,421],"36":[7,1050],"37":[17,17],"38":[17,0],"39":[7,10],"40":[0,7],"41":[0,1050],"42":[13,1037],"43":[1029,8],"44":[1029,441],"45":[0,1068],"46":[0,1068],"47":[1068,1068],"48":[0,1068],"49":[0,0],"50":[0,0],"51":[0,0],"52":[636,432],"53":[636,0],"54":[7,1061],"55":[1061,0],"56":[8,1029],"57":[399,630],"58":[588,42],"59":[630,596],"60":[42,0],"61":[24,0],"62":[1037,0],"63":[1037,0],"64":[0,13],"65":[13,13,13],"66":[0,0],"67":[13,0],"68":[0,13],"69":[13,13],"70":[0,13],"71":[0,13],"72":[0,0],"73":[0,0],"74":[0,13],"75":[13,13,0],"76":[0,0],"77":[4,9],"78":[13,13,13,13],"79":[9,0],"80":[7,7,7],"81":[0,7],"82":[24,7],"83":[24,0],"84":[4,20],"85":[24,24],"86":[0,24],"87":[413,413,413,413],"88":[635,635,635,635],"89":[1,1,1,1],"90":[8,8,8,8],"91":[0,1540],"92":[1540,1540],"93":[1536,4],"94":[1366,174],"95":[619,921],"96":[557,62],"97":[62,0],"98":[2,919],"99":[921,280],"100":[1052,0],"101":[1052,1052],"102":[1,0],"103":[0,8],"104":[1,0]},"f":{"1":8,"2":0,"3":0,"4":1057,"5":0,"6":0,"7":453,"8":604,"9":628,"10":0,"11":11,"12":11,"13":1595,"14":2040,"15":1057,"16":1057,"17":34,"18":7,"19":7,"20":1050,"21":1068,"22":0,"23":1061,"24":1037,"25":24,"26":1037,"27":13,"28":7,"29":31,"30":24,"31":413,"32":635,"33":1,"34":8,"35":3775,"36":1540,"37":1052,"38":1,"39":0,"40":445,"41":0},"fnMap":{"1":{"name":"(anonymous_1)","line":2,"loc":{"start":{"line":2,"column":27},"end":{"line":2,"column":50}}},"2":{"name":"ResponseError","line":30,"loc":{"start":{"line":30,"column":22},"end":{"line":30,"column":60}}},"3":{"name":"CustomError","line":39,"loc":{"start":{"line":39,"column":20},"end":{"line":39,"column":50}}},"4":{"name":"RequestDebug","line":55,"loc":{"start":{"line":55,"column":21},"end":{"line":55,"column":48}}},"5":{"name":"(anonymous_5)","line":71,"loc":{"start":{"line":71,"column":19},"end":{"line":71,"column":52}}},"6":{"name":"(anonymous_6)","line":79,"loc":{"start":{"line":79,"column":25},"end":{"line":79,"column":52}}},"7":{"name":"Neo4jRestful","line":87,"loc":{"start":{"line":87,"column":21},"end":{"line":87,"column":57}}},"8":{"name":"(anonymous_8)","line":172,"loc":{"start":{"line":172,"column":33},"end":{"line":172,"column":63}}},"9":{"name":"(anonymous_9)","line":184,"loc":{"start":{"line":184,"column":9},"end":{"line":184,"column":37}}},"10":{"name":"(anonymous_10)","line":191,"loc":{"start":{"line":191,"column":37},"end":{"line":191,"column":48}}},"11":{"name":"(anonymous_11)","line":195,"loc":{"start":{"line":195,"column":45},"end":{"line":195,"column":58}}},"12":{"name":"(anonymous_12)","line":201,"loc":{"start":{"line":201,"column":7},"end":{"line":201,"column":26}}},"13":{"name":"(anonymous_13)","line":219,"loc":{"start":{"line":219,"column":39},"end":{"line":219,"column":53}}},"14":{"name":"(anonymous_14)","line":231,"loc":{"start":{"line":231,"column":45},"end":{"line":231,"column":56}}},"15":{"name":"(anonymous_15)","line":239,"loc":{"start":{"line":239,"column":35},"end":{"line":239,"column":62}}},"16":{"name":"(anonymous_16)","line":293,"loc":{"start":{"line":293,"column":40},"end":{"line":293,"column":64}}},"17":{"name":"(anonymous_17)","line":333,"loc":{"start":{"line":333,"column":24},"end":{"line":333,"column":39}}},"18":{"name":"(anonymous_18)","line":349,"loc":{"start":{"line":349,"column":23},"end":{"line":349,"column":34}}},"19":{"name":"(anonymous_19)","line":354,"loc":{"start":{"line":354,"column":24},"end":{"line":354,"column":46}}},"20":{"name":"(anonymous_20)","line":368,"loc":{"start":{"line":368,"column":42},"end":{"line":368,"column":61}}},"21":{"name":"(anonymous_21)","line":392,"loc":{"start":{"line":392,"column":44},"end":{"line":392,"column":66}}},"22":{"name":"(anonymous_22)","line":413,"loc":{"start":{"line":413,"column":23},"end":{"line":413,"column":42}}},"23":{"name":"(anonymous_23)","line":435,"loc":{"start":{"line":435,"column":28},"end":{"line":435,"column":47}}},"24":{"name":"(anonymous_24)","line":446,"loc":{"start":{"line":446,"column":37},"end":{"line":446,"column":62}}},"25":{"name":"(anonymous_25)","line":469,"loc":{"start":{"line":469,"column":43},"end":{"line":469,"column":68}}},"26":{"name":"(anonymous_26)","line":478,"loc":{"start":{"line":478,"column":37},"end":{"line":478,"column":63}}},"27":{"name":"(anonymous_27)","line":493,"loc":{"start":{"line":493,"column":35},"end":{"line":493,"column":77}}},"28":{"name":"(anonymous_28)","line":554,"loc":{"start":{"line":554,"column":34},"end":{"line":554,"column":64}}},"29":{"name":"(anonymous_29)","line":565,"loc":{"start":{"line":565,"column":39},"end":{"line":565,"column":54}}},"30":{"name":"(anonymous_30)","line":569,"loc":{"start":{"line":569,"column":37},"end":{"line":569,"column":57}}},"31":{"name":"(anonymous_31)","line":589,"loc":{"start":{"line":589,"column":31},"end":{"line":589,"column":58}}},"32":{"name":"(anonymous_32)","line":595,"loc":{"start":{"line":595,"column":32},"end":{"line":595,"column":59}}},"33":{"name":"(anonymous_33)","line":600,"loc":{"start":{"line":600,"column":31},"end":{"line":600,"column":58}}},"34":{"name":"(anonymous_34)","line":606,"loc":{"start":{"line":606,"column":34},"end":{"line":606,"column":61}}},"35":{"name":"(anonymous_35)","line":612,"loc":{"start":{"line":612,"column":31},"end":{"line":612,"column":41}}},"36":{"name":"(anonymous_36)","line":614,"loc":{"start":{"line":614,"column":56},"end":{"line":614,"column":86}}},"37":{"name":"(anonymous_37)","line":647,"loc":{"start":{"line":647,"column":40},"end":{"line":647,"column":51}}},"38":{"name":"(anonymous_38)","line":655,"loc":{"start":{"line":655,"column":48},"end":{"line":655,"column":59}}},"39":{"name":"(anonymous_39)","line":664,"loc":{"start":{"line":664,"column":45},"end":{"line":664,"column":71}}},"40":{"name":"(anonymous_40)","line":669,"loc":{"start":{"line":669,"column":37},"end":{"line":669,"column":48}}},"41":{"name":"(anonymous_41)","line":674,"loc":{"start":{"line":674,"column":24},"end":{"line":674,"column":47}}}},"statementMap":{"1":{"start":{"line":2,"column":0},"end":{"line":682,"column":2}},"2":{"start":{"line":5,"column":2},"end":{"line":5,"column":40}},"3":{"start":{"line":6,"column":2},"end":{"line":6,"column":40}},"4":{"start":{"line":7,"column":2},"end":{"line":7,"column":40}},"5":{"start":{"line":8,"column":2},"end":{"line":8,"column":40}},"6":{"start":{"line":9,"column":2},"end":{"line":9,"column":40}},"7":{"start":{"line":10,"column":2},"end":{"line":10,"column":40}},"8":{"start":{"line":11,"column":2},"end":{"line":11,"column":38}},"9":{"start":{"line":13,"column":2},"end":{"line":28,"column":3}},"10":{"start":{"line":15,"column":4},"end":{"line":15,"column":46}},"11":{"start":{"line":16,"column":4},"end":{"line":16,"column":28}},"12":{"start":{"line":17,"column":4},"end":{"line":17,"column":33}},"13":{"start":{"line":18,"column":4},"end":{"line":18,"column":35}},"14":{"start":{"line":19,"column":4},"end":{"line":19,"column":37}},"15":{"start":{"line":22,"column":4},"end":{"line":22,"column":40}},"16":{"start":{"line":23,"column":4},"end":{"line":23,"column":41}},"17":{"start":{"line":24,"column":4},"end":{"line":24,"column":24}},"18":{"start":{"line":25,"column":4},"end":{"line":25,"column":45}},"19":{"start":{"line":26,"column":4},"end":{"line":26,"column":38}},"20":{"start":{"line":27,"column":4},"end":{"line":27,"column":41}},"21":{"start":{"line":30,"column":2},"end":{"line":34,"column":3}},"22":{"start":{"line":31,"column":4},"end":{"line":31,"column":31}},"23":{"start":{"line":32,"column":4},"end":{"line":32,"column":18}},"24":{"start":{"line":33,"column":4},"end":{"line":33,"column":13}},"25":{"start":{"line":36,"column":2},"end":{"line":36,"column":35}},"26":{"start":{"line":39,"column":2},"end":{"line":42,"column":3}},"27":{"start":{"line":40,"column":4},"end":{"line":41,"column":29}},"28":{"start":{"line":41,"column":6},"end":{"line":41,"column":29}},"29":{"start":{"line":44,"column":2},"end":{"line":44,"column":37}},"30":{"start":{"line":45,"column":2},"end":{"line":45,"column":34}},"31":{"start":{"line":46,"column":2},"end":{"line":46,"column":41}},"32":{"start":{"line":47,"column":2},"end":{"line":47,"column":38}},"33":{"start":{"line":48,"column":2},"end":{"line":48,"column":42}},"34":{"start":{"line":49,"column":2},"end":{"line":49,"column":42}},"35":{"start":{"line":50,"column":2},"end":{"line":50,"column":38}},"36":{"start":{"line":51,"column":2},"end":{"line":51,"column":35}},"37":{"start":{"line":52,"column":2},"end":{"line":52,"column":36}},"38":{"start":{"line":55,"column":2},"end":{"line":60,"column":3}},"39":{"start":{"line":57,"column":4},"end":{"line":59,"column":29}},"40":{"start":{"line":58,"column":6},"end":{"line":59,"column":29}},"41":{"start":{"line":59,"column":8},"end":{"line":59,"column":29}},"42":{"start":{"line":62,"column":2},"end":{"line":62,"column":47}},"43":{"start":{"line":63,"column":2},"end":{"line":63,"column":45}},"44":{"start":{"line":64,"column":2},"end":{"line":64,"column":45}},"45":{"start":{"line":65,"column":2},"end":{"line":65,"column":47}},"46":{"start":{"line":66,"column":2},"end":{"line":66,"column":47}},"47":{"start":{"line":67,"column":2},"end":{"line":67,"column":47}},"48":{"start":{"line":68,"column":2},"end":{"line":68,"column":47}},"49":{"start":{"line":69,"column":2},"end":{"line":69,"column":47}},"50":{"start":{"line":71,"column":2},"end":{"line":77,"column":3}},"51":{"start":{"line":72,"column":4},"end":{"line":72,"column":41}},"52":{"start":{"line":73,"column":4},"end":{"line":73,"column":66}},"53":{"start":{"line":74,"column":4},"end":{"line":76,"column":5}},"54":{"start":{"line":75,"column":6},"end":{"line":75,"column":39}},"55":{"start":{"line":79,"column":2},"end":{"line":82,"column":3}},"56":{"start":{"line":80,"column":4},"end":{"line":80,"column":65}},"57":{"start":{"line":81,"column":4},"end":{"line":81,"column":33}},"58":{"start":{"line":87,"column":2},"end":{"line":139,"column":3}},"59":{"start":{"line":88,"column":4},"end":{"line":88,"column":20}},"60":{"start":{"line":89,"column":4},"end":{"line":89,"column":85}},"61":{"start":{"line":90,"column":4},"end":{"line":90,"column":26}},"62":{"start":{"line":91,"column":4},"end":{"line":94,"column":5}},"63":{"start":{"line":93,"column":6},"end":{"line":93,"column":25}},"64":{"start":{"line":95,"column":4},"end":{"line":97,"column":5}},"65":{"start":{"line":96,"column":6},"end":{"line":96,"column":53}},"66":{"start":{"line":98,"column":4},"end":{"line":100,"column":5}},"67":{"start":{"line":99,"column":6},"end":{"line":99,"column":24}},"68":{"start":{"line":101,"column":4},"end":{"line":127,"column":5}},"69":{"start":{"line":104,"column":6},"end":{"line":104,"column":53}},"70":{"start":{"line":106,"column":6},"end":{"line":109,"column":7}},"71":{"start":{"line":107,"column":8},"end":{"line":107,"column":140}},"72":{"start":{"line":108,"column":8},"end":{"line":108,"column":29}},"73":{"start":{"line":112,"column":6},"end":{"line":112,"column":49}},"74":{"start":{"line":113,"column":6},"end":{"line":120,"column":26}},"75":{"start":{"line":121,"column":6},"end":{"line":124,"column":7}},"76":{"start":{"line":123,"column":8},"end":{"line":123,"column":80}},"77":{"start":{"line":126,"column":6},"end":{"line":126,"column":126}},"78":{"start":{"line":130,"column":4},"end":{"line":132,"column":5}},"79":{"start":{"line":131,"column":6},"end":{"line":131,"column":57}},"80":{"start":{"line":135,"column":4},"end":{"line":135,"column":62}},"81":{"start":{"line":137,"column":4},"end":{"line":138,"column":31}},"82":{"start":{"line":138,"column":6},"end":{"line":138,"column":31}},"83":{"start":{"line":141,"column":2},"end":{"line":141,"column":43}},"84":{"start":{"line":142,"column":2},"end":{"line":142,"column":42}},"85":{"start":{"line":144,"column":2},"end":{"line":144,"column":59}},"86":{"start":{"line":146,"column":2},"end":{"line":149,"column":4}},"87":{"start":{"line":150,"column":2},"end":{"line":150,"column":59}},"88":{"start":{"line":151,"column":2},"end":{"line":151,"column":59}},"89":{"start":{"line":152,"column":2},"end":{"line":152,"column":59}},"90":{"start":{"line":153,"column":2},"end":{"line":153,"column":95}},"91":{"start":{"line":154,"column":2},"end":{"line":161,"column":4}},"92":{"start":{"line":164,"column":2},"end":{"line":164,"column":59}},"93":{"start":{"line":165,"column":2},"end":{"line":165,"column":59}},"94":{"start":{"line":167,"column":2},"end":{"line":167,"column":59}},"95":{"start":{"line":168,"column":2},"end":{"line":168,"column":59}},"96":{"start":{"line":169,"column":2},"end":{"line":169,"column":60}},"97":{"start":{"line":170,"column":2},"end":{"line":170,"column":59}},"98":{"start":{"line":172,"column":2},"end":{"line":188,"column":3}},"99":{"start":{"line":173,"column":4},"end":{"line":173,"column":13}},"100":{"start":{"line":174,"column":4},"end":{"line":174,"column":128}},"101":{"start":{"line":175,"column":4},"end":{"line":187,"column":5}},"102":{"start":{"line":176,"column":6},"end":{"line":176,"column":56}},"103":{"start":{"line":178,"column":6},"end":{"line":178,"column":73}},"104":{"start":{"line":179,"column":6},"end":{"line":186,"column":9}},"105":{"start":{"line":185,"column":8},"end":{"line":185,"column":38}},"106":{"start":{"line":191,"column":2},"end":{"line":193,"column":3}},"107":{"start":{"line":192,"column":4},"end":{"line":192,"column":40}},"108":{"start":{"line":195,"column":2},"end":{"line":217,"column":3}},"109":{"start":{"line":196,"column":4},"end":{"line":196,"column":20}},"110":{"start":{"line":197,"column":4},"end":{"line":215,"column":6}},"111":{"start":{"line":202,"column":8},"end":{"line":202,"column":43}},"112":{"start":{"line":203,"column":8},"end":{"line":213,"column":9}},"113":{"start":{"line":204,"column":10},"end":{"line":204,"column":50}},"114":{"start":{"line":205,"column":10},"end":{"line":205,"column":93}},"115":{"start":{"line":206,"column":10},"end":{"line":206,"column":118}},"116":{"start":{"line":207,"column":10},"end":{"line":207,"column":67}},"117":{"start":{"line":208,"column":10},"end":{"line":209,"column":42}},"118":{"start":{"line":209,"column":12},"end":{"line":209,"column":42}},"119":{"start":{"line":211,"column":10},"end":{"line":211,"column":68}},"120":{"start":{"line":212,"column":10},"end":{"line":212,"column":167}},"121":{"start":{"line":216,"column":4},"end":{"line":216,"column":16}},"122":{"start":{"line":219,"column":2},"end":{"line":229,"column":3}},"123":{"start":{"line":220,"column":4},"end":{"line":221,"column":15}},"124":{"start":{"line":221,"column":6},"end":{"line":221,"column":15}},"125":{"start":{"line":222,"column":4},"end":{"line":223,"column":28}},"126":{"start":{"line":223,"column":6},"end":{"line":223,"column":28}},"127":{"start":{"line":224,"column":4},"end":{"line":228,"column":5}},"128":{"start":{"line":225,"column":6},"end":{"line":225,"column":45}},"129":{"start":{"line":227,"column":6},"end":{"line":227,"column":128}},"130":{"start":{"line":231,"column":2},"end":{"line":237,"column":3}},"131":{"start":{"line":232,"column":4},"end":{"line":236,"column":39}},"132":{"start":{"line":239,"column":2},"end":{"line":291,"column":3}},"133":{"start":{"line":240,"column":4},"end":{"line":240,"column":21}},"134":{"start":{"line":241,"column":4},"end":{"line":242,"column":19}},"135":{"start":{"line":242,"column":6},"end":{"line":242,"column":19}},"136":{"start":{"line":245,"column":4},"end":{"line":251,"column":7}},"137":{"start":{"line":253,"column":4},"end":{"line":257,"column":5}},"138":{"start":{"line":255,"column":6},"end":{"line":255,"column":62}},"139":{"start":{"line":259,"column":4},"end":{"line":259,"column":33}},"140":{"start":{"line":260,"column":4},"end":{"line":260,"column":33}},"141":{"start":{"line":262,"column":4},"end":{"line":262,"column":42}},"142":{"start":{"line":263,"column":4},"end":{"line":263,"column":28}},"143":{"start":{"line":265,"column":4},"end":{"line":266,"column":41}},"144":{"start":{"line":266,"column":5},"end":{"line":266,"column":41}},"145":{"start":{"line":269,"column":4},"end":{"line":278,"column":7}},"146":{"start":{"line":281,"column":4},"end":{"line":288,"column":6}},"147":{"start":{"line":290,"column":4},"end":{"line":290,"column":44}},"148":{"start":{"line":293,"column":2},"end":{"line":388,"column":3}},"149":{"start":{"line":294,"column":4},"end":{"line":294,"column":20}},"150":{"start":{"line":296,"column":4},"end":{"line":300,"column":7}},"151":{"start":{"line":303,"column":4},"end":{"line":303,"column":36}},"152":{"start":{"line":305,"column":4},"end":{"line":305,"column":50}},"153":{"start":{"line":306,"column":4},"end":{"line":306,"column":32}},"154":{"start":{"line":307,"column":4},"end":{"line":307,"column":38}},"155":{"start":{"line":308,"column":4},"end":{"line":308,"column":34}},"156":{"start":{"line":310,"column":4},"end":{"line":310,"column":96}},"157":{"start":{"line":311,"column":4},"end":{"line":311,"column":55}},"158":{"start":{"line":312,"column":4},"end":{"line":312,"column":56}},"159":{"start":{"line":314,"column":4},"end":{"line":314,"column":45}},"160":{"start":{"line":316,"column":4},"end":{"line":320,"column":6}},"161":{"start":{"line":322,"column":4},"end":{"line":323,"column":41}},"162":{"start":{"line":323,"column":6},"end":{"line":323,"column":41}},"163":{"start":{"line":326,"column":4},"end":{"line":365,"column":5}},"164":{"start":{"line":328,"column":6},"end":{"line":328,"column":62}},"165":{"start":{"line":330,"column":6},"end":{"line":330,"column":31}},"166":{"start":{"line":331,"column":6},"end":{"line":331,"column":26}},"167":{"start":{"line":333,"column":6},"end":{"line":347,"column":9}},"168":{"start":{"line":336,"column":8},"end":{"line":346,"column":9}},"169":{"start":{"line":337,"column":10},"end":{"line":337,"column":26}},"170":{"start":{"line":338,"column":15},"end":{"line":346,"column":9}},"171":{"start":{"line":339,"column":10},"end":{"line":345,"column":11}},"172":{"start":{"line":340,"column":12},"end":{"line":340,"column":32}},"173":{"start":{"line":341,"column":12},"end":{"line":341,"column":28}},"174":{"start":{"line":343,"column":12},"end":{"line":343,"column":38}},"175":{"start":{"line":344,"column":12},"end":{"line":344,"column":19}},"176":{"start":{"line":349,"column":6},"end":{"line":352,"column":9}},"177":{"start":{"line":351,"column":8},"end":{"line":351,"column":23}},"178":{"start":{"line":354,"column":6},"end":{"line":361,"column":9}},"179":{"start":{"line":355,"column":8},"end":{"line":355,"column":50}},"180":{"start":{"line":357,"column":8},"end":{"line":357,"column":39}},"181":{"start":{"line":358,"column":8},"end":{"line":360,"column":9}},"182":{"start":{"line":359,"column":10},"end":{"line":359,"column":79}},"183":{"start":{"line":363,"column":6},"end":{"line":363,"column":37}},"184":{"start":{"line":368,"column":4},"end":{"line":386,"column":7}},"185":{"start":{"line":369,"column":6},"end":{"line":369,"column":28}},"186":{"start":{"line":370,"column":6},"end":{"line":370,"column":48}},"187":{"start":{"line":372,"column":6},"end":{"line":372,"column":54}},"188":{"start":{"line":374,"column":6},"end":{"line":385,"column":7}},"189":{"start":{"line":375,"column":8},"end":{"line":375,"column":48}},"190":{"start":{"line":378,"column":8},"end":{"line":384,"column":9}},"191":{"start":{"line":379,"column":10},"end":{"line":379,"column":55}},"192":{"start":{"line":381,"column":10},"end":{"line":382,"column":54}},"193":{"start":{"line":382,"column":12},"end":{"line":382,"column":54}},"194":{"start":{"line":383,"column":10},"end":{"line":383,"column":59}},"195":{"start":{"line":392,"column":2},"end":{"line":444,"column":3}},"196":{"start":{"line":393,"column":4},"end":{"line":399,"column":7}},"197":{"start":{"line":400,"column":4},"end":{"line":400,"column":56}},"198":{"start":{"line":401,"column":4},"end":{"line":402,"column":59}},"199":{"start":{"line":402,"column":6},"end":{"line":402,"column":59}},"200":{"start":{"line":403,"column":4},"end":{"line":404,"column":48}},"201":{"start":{"line":404,"column":6},"end":{"line":404,"column":48}},"202":{"start":{"line":405,"column":4},"end":{"line":443,"column":5}},"203":{"start":{"line":407,"column":6},"end":{"line":407,"column":83}},"204":{"start":{"line":408,"column":6},"end":{"line":409,"column":31}},"205":{"start":{"line":409,"column":8},"end":{"line":409,"column":31}},"206":{"start":{"line":410,"column":6},"end":{"line":420,"column":7}},"207":{"start":{"line":411,"column":8},"end":{"line":411,"column":40}},"208":{"start":{"line":413,"column":8},"end":{"line":419,"column":11}},"209":{"start":{"line":415,"column":10},"end":{"line":417,"column":11}},"210":{"start":{"line":416,"column":12},"end":{"line":416,"column":40}},"211":{"start":{"line":418,"column":10},"end":{"line":418,"column":30}},"212":{"start":{"line":424,"column":6},"end":{"line":424,"column":24}},"213":{"start":{"line":425,"column":6},"end":{"line":425,"column":26}},"214":{"start":{"line":426,"column":6},"end":{"line":431,"column":7}},"215":{"start":{"line":427,"column":8},"end":{"line":430,"column":38}},"216":{"start":{"line":428,"column":10},"end":{"line":428,"column":38}},"217":{"start":{"line":430,"column":10},"end":{"line":430,"column":38}},"218":{"start":{"line":432,"column":6},"end":{"line":442,"column":7}},"219":{"start":{"line":433,"column":8},"end":{"line":433,"column":49}},"220":{"start":{"line":435,"column":8},"end":{"line":441,"column":11}},"221":{"start":{"line":437,"column":10},"end":{"line":439,"column":11}},"222":{"start":{"line":438,"column":12},"end":{"line":438,"column":40}},"223":{"start":{"line":440,"column":10},"end":{"line":440,"column":30}},"224":{"start":{"line":446,"column":2},"end":{"line":467,"column":3}},"225":{"start":{"line":447,"column":4},"end":{"line":465,"column":5}},"226":{"start":{"line":449,"column":6},"end":{"line":449,"column":34}},"227":{"start":{"line":450,"column":11},"end":{"line":465,"column":5}},"228":{"start":{"line":451,"column":6},"end":{"line":453,"column":7}},"229":{"start":{"line":452,"column":8},"end":{"line":452,"column":59}},"230":{"start":{"line":454,"column":11},"end":{"line":465,"column":5}},"231":{"start":{"line":457,"column":6},"end":{"line":461,"column":7}},"232":{"start":{"line":458,"column":8},"end":{"line":460,"column":9}},"233":{"start":{"line":459,"column":10},"end":{"line":459,"column":91}},"234":{"start":{"line":463,"column":11},"end":{"line":465,"column":5}},"235":{"start":{"line":464,"column":6},"end":{"line":464,"column":51}},"236":{"start":{"line":466,"column":4},"end":{"line":466,"column":25}},"237":{"start":{"line":469,"column":2},"end":{"line":476,"column":3}},"238":{"start":{"line":470,"column":4},"end":{"line":474,"column":5}},"239":{"start":{"line":471,"column":6},"end":{"line":473,"column":7}},"240":{"start":{"line":472,"column":8},"end":{"line":472,"column":69}},"241":{"start":{"line":475,"column":4},"end":{"line":475,"column":25}},"242":{"start":{"line":478,"column":2},"end":{"line":491,"column":3}},"243":{"start":{"line":480,"column":4},"end":{"line":480,"column":27}},"244":{"start":{"line":481,"column":4},"end":{"line":481,"column":33}},"245":{"start":{"line":483,"column":4},"end":{"line":490,"column":5}},"246":{"start":{"line":484,"column":6},"end":{"line":487,"column":43}},"247":{"start":{"line":485,"column":8},"end":{"line":485,"column":53}},"248":{"start":{"line":487,"column":8},"end":{"line":487,"column":43}},"249":{"start":{"line":489,"column":6},"end":{"line":489,"column":36}},"250":{"start":{"line":493,"column":2},"end":{"line":552,"column":3}},"251":{"start":{"line":495,"column":4},"end":{"line":497,"column":5}},"252":{"start":{"line":496,"column":6},"end":{"line":496,"column":54}},"253":{"start":{"line":498,"column":4},"end":{"line":498,"column":28}},"254":{"start":{"line":499,"column":4},"end":{"line":499,"column":20}},"255":{"start":{"line":500,"column":4},"end":{"line":500,"column":71}},"256":{"start":{"line":501,"column":4},"end":{"line":501,"column":76}},"257":{"start":{"line":502,"column":4},"end":{"line":506,"column":5}},"258":{"start":{"line":504,"column":6},"end":{"line":504,"column":73}},"259":{"start":{"line":505,"column":6},"end":{"line":505,"column":72}},"260":{"start":{"line":508,"column":4},"end":{"line":508,"column":27}},"261":{"start":{"line":509,"column":4},"end":{"line":509,"column":27}},"262":{"start":{"line":510,"column":4},"end":{"line":510,"column":31}},"263":{"start":{"line":512,"column":4},"end":{"line":528,"column":5}},"264":{"start":{"line":514,"column":6},"end":{"line":525,"column":7}},"265":{"start":{"line":516,"column":8},"end":{"line":520,"column":9}},"266":{"start":{"line":517,"column":10},"end":{"line":517,"column":138}},"267":{"start":{"line":518,"column":13},"end":{"line":520,"column":9}},"268":{"start":{"line":519,"column":10},"end":{"line":519,"column":68}},"269":{"start":{"line":524,"column":8},"end":{"line":524,"column":79}},"270":{"start":{"line":530,"column":4},"end":{"line":545,"column":5}},"271":{"start":{"line":531,"column":6},"end":{"line":544,"column":7}},"272":{"start":{"line":532,"column":8},"end":{"line":532,"column":47}},"273":{"start":{"line":533,"column":8},"end":{"line":533,"column":102}},"274":{"start":{"line":534,"column":8},"end":{"line":541,"column":11}},"275":{"start":{"line":543,"column":8},"end":{"line":543,"column":80}},"276":{"start":{"line":546,"column":4},"end":{"line":551,"column":5}},"277":{"start":{"line":548,"column":6},"end":{"line":548,"column":42}},"278":{"start":{"line":550,"column":6},"end":{"line":550,"column":50}},"279":{"start":{"line":554,"column":2},"end":{"line":587,"column":3}},"280":{"start":{"line":555,"column":4},"end":{"line":555,"column":13}},"281":{"start":{"line":556,"column":4},"end":{"line":556,"column":128}},"282":{"start":{"line":557,"column":4},"end":{"line":557,"column":37}},"283":{"start":{"line":558,"column":4},"end":{"line":558,"column":20}},"284":{"start":{"line":559,"column":4},"end":{"line":559,"column":17}},"285":{"start":{"line":560,"column":4},"end":{"line":560,"column":17}},"286":{"start":{"line":562,"column":4},"end":{"line":563,"column":56}},"287":{"start":{"line":563,"column":6},"end":{"line":563,"column":56}},"288":{"start":{"line":565,"column":4},"end":{"line":586,"column":7}},"289":{"start":{"line":566,"column":6},"end":{"line":585,"column":7}},"290":{"start":{"line":567,"column":8},"end":{"line":582,"column":9}},"291":{"start":{"line":568,"column":10},"end":{"line":568,"column":17}},"292":{"start":{"line":569,"column":10},"end":{"line":579,"column":12}},"293":{"start":{"line":570,"column":12},"end":{"line":571,"column":29}},"294":{"start":{"line":571,"column":14},"end":{"line":571,"column":29}},"295":{"start":{"line":572,"column":12},"end":{"line":578,"column":13}},"296":{"start":{"line":574,"column":14},"end":{"line":574,"column":29}},"297":{"start":{"line":575,"column":14},"end":{"line":575,"column":50}},"298":{"start":{"line":577,"column":14},"end":{"line":577,"column":50}},"299":{"start":{"line":581,"column":10},"end":{"line":581,"column":46}},"300":{"start":{"line":584,"column":8},"end":{"line":584,"column":44}},"301":{"start":{"line":589,"column":2},"end":{"line":593,"column":3}},"302":{"start":{"line":590,"column":4},"end":{"line":590,"column":13}},"303":{"start":{"line":591,"column":4},"end":{"line":591,"column":158}},"304":{"start":{"line":592,"column":4},"end":{"line":592,"column":42}},"305":{"start":{"line":595,"column":2},"end":{"line":599,"column":3}},"306":{"start":{"line":596,"column":4},"end":{"line":596,"column":13}},"307":{"start":{"line":597,"column":4},"end":{"line":597,"column":159}},"308":{"start":{"line":598,"column":4},"end":{"line":598,"column":42}},"309":{"start":{"line":600,"column":2},"end":{"line":604,"column":3}},"310":{"start":{"line":601,"column":4},"end":{"line":601,"column":13}},"311":{"start":{"line":602,"column":4},"end":{"line":602,"column":158}},"312":{"start":{"line":603,"column":4},"end":{"line":603,"column":42}},"313":{"start":{"line":606,"column":2},"end":{"line":610,"column":3}},"314":{"start":{"line":607,"column":4},"end":{"line":607,"column":13}},"315":{"start":{"line":608,"column":4},"end":{"line":608,"column":161}},"316":{"start":{"line":609,"column":4},"end":{"line":609,"column":42}},"317":{"start":{"line":612,"column":2},"end":{"line":612,"column":63}},"318":{"start":{"line":614,"column":2},"end":{"line":645,"column":3}},"319":{"start":{"line":615,"column":4},"end":{"line":616,"column":18}},"320":{"start":{"line":616,"column":6},"end":{"line":616,"column":18}},"321":{"start":{"line":617,"column":4},"end":{"line":617,"column":56}},"322":{"start":{"line":618,"column":4},"end":{"line":618,"column":33}},"323":{"start":{"line":619,"column":4},"end":{"line":619,"column":49}},"324":{"start":{"line":620,"column":4},"end":{"line":620,"column":33}},"325":{"start":{"line":621,"column":4},"end":{"line":622,"column":19}},"326":{"start":{"line":622,"column":6},"end":{"line":622,"column":19}},"327":{"start":{"line":623,"column":4},"end":{"line":643,"column":5}},"328":{"start":{"line":624,"column":6},"end":{"line":634,"column":7}},"329":{"start":{"line":626,"column":8},"end":{"line":626,"column":28}},"330":{"start":{"line":627,"column":8},"end":{"line":627,"column":57}},"331":{"start":{"line":628,"column":8},"end":{"line":628,"column":17}},"332":{"start":{"line":629,"column":13},"end":{"line":634,"column":7}},"333":{"start":{"line":631,"column":8},"end":{"line":631,"column":35}},"334":{"start":{"line":632,"column":8},"end":{"line":632,"column":57}},"335":{"start":{"line":633,"column":8},"end":{"line":633,"column":17}},"336":{"start":{"line":637,"column":6},"end":{"line":642,"column":7}},"337":{"start":{"line":639,"column":8},"end":{"line":639,"column":27}},"338":{"start":{"line":640,"column":8},"end":{"line":640,"column":57}},"339":{"start":{"line":641,"column":8},"end":{"line":641,"column":17}},"340":{"start":{"line":644,"column":4},"end":{"line":644,"column":24}},"341":{"start":{"line":647,"column":2},"end":{"line":653,"column":3}},"342":{"start":{"line":648,"column":4},"end":{"line":652,"column":5}},"343":{"start":{"line":649,"column":6},"end":{"line":649,"column":52}},"344":{"start":{"line":651,"column":6},"end":{"line":651,"column":18}},"345":{"start":{"line":655,"column":2},"end":{"line":662,"column":3}},"346":{"start":{"line":656,"column":4},"end":{"line":656,"column":35}},"347":{"start":{"line":657,"column":4},"end":{"line":661,"column":5}},"348":{"start":{"line":658,"column":6},"end":{"line":658,"column":45}},"349":{"start":{"line":660,"column":6},"end":{"line":660,"column":16}},"350":{"start":{"line":664,"column":2},"end":{"line":667,"column":3}},"351":{"start":{"line":669,"column":2},"end":{"line":672,"column":3}},"352":{"start":{"line":671,"column":4},"end":{"line":671,"column":54}},"353":{"start":{"line":674,"column":2},"end":{"line":676,"column":3}},"354":{"start":{"line":675,"column":4},"end":{"line":675,"column":42}},"355":{"start":{"line":678,"column":2},"end":{"line":679,"column":39}},"356":{"start":{"line":679,"column":4},"end":{"line":679,"column":39}},"357":{"start":{"line":681,"column":2},"end":{"line":681,"column":22}},"358":{"start":{"line":684,"column":0},"end":{"line":691,"column":1}},"359":{"start":{"line":686,"column":2},"end":{"line":688,"column":4}},"360":{"start":{"line":690,"column":2},"end":{"line":690,"column":61}}},"branchMap":{"1":{"line":13,"type":"if","locations":[{"start":{"line":13,"column":2},"end":{"line":13,"column":2}},{"start":{"line":13,"column":2},"end":{"line":13,"column":2}}]},"2":{"line":40,"type":"if","locations":[{"start":{"line":40,"column":4},"end":{"line":40,"column":4}},{"start":{"line":40,"column":4},"end":{"line":40,"column":4}}]},"3":{"line":57,"type":"if","locations":[{"start":{"line":57,"column":4},"end":{"line":57,"column":4}},{"start":{"line":57,"column":4},"end":{"line":57,"column":4}}]},"4":{"line":57,"type":"binary-expr","locations":[{"start":{"line":57,"column":9},"end":{"line":57,"column":32}},{"start":{"line":57,"column":38},"end":{"line":57,"column":41}}]},"5":{"line":73,"type":"cond-expr","locations":[{"start":{"line":73,"column":46},"end":{"line":73,"column":50}},{"start":{"line":73,"column":53},"end":{"line":73,"column":65}}]},"6":{"line":74,"type":"if","locations":[{"start":{"line":74,"column":4},"end":{"line":74,"column":4}},{"start":{"line":74,"column":4},"end":{"line":74,"column":4}}]},"7":{"line":91,"type":"if","locations":[{"start":{"line":91,"column":4},"end":{"line":91,"column":4}},{"start":{"line":91,"column":4},"end":{"line":91,"column":4}}]},"8":{"line":95,"type":"if","locations":[{"start":{"line":95,"column":4},"end":{"line":95,"column":4}},{"start":{"line":95,"column":4},"end":{"line":95,"column":4}}]},"9":{"line":96,"type":"cond-expr","locations":[{"start":{"line":96,"column":44},"end":{"line":96,"column":47}},{"start":{"line":96,"column":50},"end":{"line":96,"column":52}}]},"10":{"line":98,"type":"if","locations":[{"start":{"line":98,"column":4},"end":{"line":98,"column":4}},{"start":{"line":98,"column":4},"end":{"line":98,"column":4}}]},"11":{"line":101,"type":"if","locations":[{"start":{"line":101,"column":4},"end":{"line":101,"column":4}},{"start":{"line":101,"column":4},"end":{"line":101,"column":4}}]},"12":{"line":106,"type":"if","locations":[{"start":{"line":106,"column":6},"end":{"line":106,"column":6}},{"start":{"line":106,"column":6},"end":{"line":106,"column":6}}]},"13":{"line":121,"type":"if","locations":[{"start":{"line":121,"column":6},"end":{"line":121,"column":6}},{"start":{"line":121,"column":6},"end":{"line":121,"column":6}}]},"14":{"line":130,"type":"if","locations":[{"start":{"line":130,"column":4},"end":{"line":130,"column":4}},{"start":{"line":130,"column":4},"end":{"line":130,"column":4}}]},"15":{"line":137,"type":"if","locations":[{"start":{"line":137,"column":4},"end":{"line":137,"column":4}},{"start":{"line":137,"column":4},"end":{"line":137,"column":4}}]},"16":{"line":174,"type":"binary-expr","locations":[{"start":{"line":174,"column":8},"end":{"line":174,"column":67}},{"start":{"line":174,"column":75},"end":{"line":174,"column":97}},{"start":{"line":174,"column":105},"end":{"line":174,"column":123}}]},"17":{"line":175,"type":"if","locations":[{"start":{"line":175,"column":4},"end":{"line":175,"column":4}},{"start":{"line":175,"column":4},"end":{"line":175,"column":4}}]},"18":{"line":182,"type":"binary-expr","locations":[{"start":{"line":182,"column":18},"end":{"line":182,"column":32}},{"start":{"line":182,"column":36},"end":{"line":182,"column":38}}]},"19":{"line":202,"type":"cond-expr","locations":[{"start":{"line":202,"column":27},"end":{"line":202,"column":35}},{"start":{"line":202,"column":38},"end":{"line":202,"column":42}}]},"20":{"line":203,"type":"if","locations":[{"start":{"line":203,"column":8},"end":{"line":203,"column":8}},{"start":{"line":203,"column":8},"end":{"line":203,"column":8}}]},"21":{"line":203,"type":"binary-expr","locations":[{"start":{"line":203,"column":13},"end":{"line":203,"column":39}},{"start":{"line":203,"column":45},"end":{"line":203,"column":63}},{"start":{"line":203,"column":67},"end":{"line":203,"column":71}},{"start":{"line":203,"column":75},"end":{"line":203,"column":93}}]},"22":{"line":206,"type":"cond-expr","locations":[{"start":{"line":206,"column":43},"end":{"line":206,"column":110}},{"start":{"line":206,"column":113},"end":{"line":206,"column":117}}]},"23":{"line":208,"type":"if","locations":[{"start":{"line":208,"column":10},"end":{"line":208,"column":10}},{"start":{"line":208,"column":10},"end":{"line":208,"column":10}}]},"24":{"line":212,"type":"cond-expr","locations":[{"start":{"line":212,"column":133},"end":{"line":212,"column":152}},{"start":{"line":212,"column":155},"end":{"line":212,"column":157}}]},"25":{"line":220,"type":"if","locations":[{"start":{"line":220,"column":4},"end":{"line":220,"column":4}},{"start":{"line":220,"column":4},"end":{"line":220,"column":4}}]},"26":{"line":222,"type":"if","locations":[{"start":{"line":222,"column":4},"end":{"line":222,"column":4}},{"start":{"line":222,"column":4},"end":{"line":222,"column":4}}]},"27":{"line":223,"type":"binary-expr","locations":[{"start":{"line":223,"column":12},"end":{"line":223,"column":20}},{"start":{"line":223,"column":24},"end":{"line":223,"column":27}}]},"28":{"line":224,"type":"if","locations":[{"start":{"line":224,"column":4},"end":{"line":224,"column":4}},{"start":{"line":224,"column":4},"end":{"line":224,"column":4}}]},"29":{"line":233,"type":"cond-expr","locations":[{"start":{"line":233,"column":70},"end":{"line":233,"column":127}},{"start":{"line":233,"column":130},"end":{"line":233,"column":132}}]},"30":{"line":233,"type":"binary-expr","locations":[{"start":{"line":233,"column":17},"end":{"line":233,"column":37}},{"start":{"line":233,"column":41},"end":{"line":233,"column":65}}]},"31":{"line":241,"type":"if","locations":[{"start":{"line":241,"column":4},"end":{"line":241,"column":4}},{"start":{"line":241,"column":4},"end":{"line":241,"column":4}}]},"32":{"line":253,"type":"if","locations":[{"start":{"line":253,"column":4},"end":{"line":253,"column":4}},{"start":{"line":253,"column":4},"end":{"line":253,"column":4}}]},"33":{"line":265,"type":"if","locations":[{"start":{"line":265,"column":4},"end":{"line":265,"column":4}},{"start":{"line":265,"column":4},"end":{"line":265,"column":4}}]},"34":{"line":265,"type":"binary-expr","locations":[{"start":{"line":265,"column":10},"end":{"line":265,"column":34}},{"start":{"line":265,"column":40},"end":{"line":265,"column":53}}]},"35":{"line":322,"type":"if","locations":[{"start":{"line":322,"column":4},"end":{"line":322,"column":4}},{"start":{"line":322,"column":4},"end":{"line":322,"column":4}}]},"36":{"line":326,"type":"if","locations":[{"start":{"line":326,"column":4},"end":{"line":326,"column":4}},{"start":{"line":326,"column":4},"end":{"line":326,"column":4}}]},"37":{"line":336,"type":"if","locations":[{"start":{"line":336,"column":8},"end":{"line":336,"column":8}},{"start":{"line":336,"column":8},"end":{"line":336,"column":8}}]},"38":{"line":338,"type":"if","locations":[{"start":{"line":338,"column":15},"end":{"line":338,"column":15}},{"start":{"line":338,"column":15},"end":{"line":338,"column":15}}]},"39":{"line":339,"type":"if","locations":[{"start":{"line":339,"column":10},"end":{"line":339,"column":10}},{"start":{"line":339,"column":10},"end":{"line":339,"column":10}}]},"40":{"line":358,"type":"if","locations":[{"start":{"line":358,"column":8},"end":{"line":358,"column":8}},{"start":{"line":358,"column":8},"end":{"line":358,"column":8}}]},"41":{"line":374,"type":"if","locations":[{"start":{"line":374,"column":6},"end":{"line":374,"column":6}},{"start":{"line":374,"column":6},"end":{"line":374,"column":6}}]},"42":{"line":378,"type":"if","locations":[{"start":{"line":378,"column":8},"end":{"line":378,"column":8}},{"start":{"line":378,"column":8},"end":{"line":378,"column":8}}]},"43":{"line":381,"type":"if","locations":[{"start":{"line":381,"column":10},"end":{"line":381,"column":10}},{"start":{"line":381,"column":10},"end":{"line":381,"column":10}}]},"44":{"line":382,"type":"binary-expr","locations":[{"start":{"line":382,"column":29},"end":{"line":382,"column":45}},{"start":{"line":382,"column":49},"end":{"line":382,"column":53}}]},"45":{"line":401,"type":"if","locations":[{"start":{"line":401,"column":4},"end":{"line":401,"column":4}},{"start":{"line":401,"column":4},"end":{"line":401,"column":4}}]},"46":{"line":403,"type":"if","locations":[{"start":{"line":403,"column":4},"end":{"line":403,"column":4}},{"start":{"line":403,"column":4},"end":{"line":403,"column":4}}]},"47":{"line":403,"type":"binary-expr","locations":[{"start":{"line":403,"column":9},"end":{"line":403,"column":36}},{"start":{"line":403,"column":40},"end":{"line":403,"column":52}}]},"48":{"line":405,"type":"if","locations":[{"start":{"line":405,"column":4},"end":{"line":405,"column":4}},{"start":{"line":405,"column":4},"end":{"line":405,"column":4}}]},"49":{"line":408,"type":"if","locations":[{"start":{"line":408,"column":6},"end":{"line":408,"column":6}},{"start":{"line":408,"column":6},"end":{"line":408,"column":6}}]},"50":{"line":410,"type":"if","locations":[{"start":{"line":410,"column":6},"end":{"line":410,"column":6}},{"start":{"line":410,"column":6},"end":{"line":410,"column":6}}]},"51":{"line":415,"type":"if","locations":[{"start":{"line":415,"column":10},"end":{"line":415,"column":10}},{"start":{"line":415,"column":10},"end":{"line":415,"column":10}}]},"52":{"line":426,"type":"if","locations":[{"start":{"line":426,"column":6},"end":{"line":426,"column":6}},{"start":{"line":426,"column":6},"end":{"line":426,"column":6}}]},"53":{"line":427,"type":"if","locations":[{"start":{"line":427,"column":8},"end":{"line":427,"column":8}},{"start":{"line":427,"column":8},"end":{"line":427,"column":8}}]},"54":{"line":432,"type":"if","locations":[{"start":{"line":432,"column":6},"end":{"line":432,"column":6}},{"start":{"line":432,"column":6},"end":{"line":432,"column":6}}]},"55":{"line":437,"type":"if","locations":[{"start":{"line":437,"column":10},"end":{"line":437,"column":10}},{"start":{"line":437,"column":10},"end":{"line":437,"column":10}}]},"56":{"line":447,"type":"if","locations":[{"start":{"line":447,"column":4},"end":{"line":447,"column":4}},{"start":{"line":447,"column":4},"end":{"line":447,"column":4}}]},"57":{"line":450,"type":"if","locations":[{"start":{"line":450,"column":11},"end":{"line":450,"column":11}},{"start":{"line":450,"column":11},"end":{"line":450,"column":11}}]},"58":{"line":454,"type":"if","locations":[{"start":{"line":454,"column":11},"end":{"line":454,"column":11}},{"start":{"line":454,"column":11},"end":{"line":454,"column":11}}]},"59":{"line":454,"type":"binary-expr","locations":[{"start":{"line":454,"column":17},"end":{"line":454,"column":25}},{"start":{"line":454,"column":31},"end":{"line":454,"column":50}}]},"60":{"line":463,"type":"if","locations":[{"start":{"line":463,"column":11},"end":{"line":463,"column":11}},{"start":{"line":463,"column":11},"end":{"line":463,"column":11}}]},"61":{"line":470,"type":"if","locations":[{"start":{"line":470,"column":4},"end":{"line":470,"column":4}},{"start":{"line":470,"column":4},"end":{"line":470,"column":4}}]},"62":{"line":483,"type":"if","locations":[{"start":{"line":483,"column":4},"end":{"line":483,"column":4}},{"start":{"line":483,"column":4},"end":{"line":483,"column":4}}]},"63":{"line":484,"type":"if","locations":[{"start":{"line":484,"column":6},"end":{"line":484,"column":6}},{"start":{"line":484,"column":6},"end":{"line":484,"column":6}}]},"64":{"line":495,"type":"if","locations":[{"start":{"line":495,"column":4},"end":{"line":495,"column":4}},{"start":{"line":495,"column":4},"end":{"line":495,"column":4}}]},"65":{"line":495,"type":"binary-expr","locations":[{"start":{"line":495,"column":10},"end":{"line":495,"column":23}},{"start":{"line":495,"column":29},"end":{"line":495,"column":62}},{"start":{"line":495,"column":68},"end":{"line":495,"column":107}}]},"66":{"line":496,"type":"binary-expr","locations":[{"start":{"line":496,"column":22},"end":{"line":496,"column":30}},{"start":{"line":496,"column":34},"end":{"line":496,"column":38}}]},"67":{"line":500,"type":"cond-expr","locations":[{"start":{"line":500,"column":41},"end":{"line":500,"column":63}},{"start":{"line":500,"column":66},"end":{"line":500,"column":70}}]},"68":{"line":501,"type":"cond-expr","locations":[{"start":{"line":501,"column":46},"end":{"line":501,"column":69}},{"start":{"line":501,"column":72},"end":{"line":501,"column":75}}]},"69":{"line":501,"type":"binary-expr","locations":[{"start":{"line":501,"column":18},"end":{"line":501,"column":21}},{"start":{"line":501,"column":25},"end":{"line":501,"column":41}}]},"70":{"line":502,"type":"if","locations":[{"start":{"line":502,"column":4},"end":{"line":502,"column":4}},{"start":{"line":502,"column":4},"end":{"line":502,"column":4}}]},"71":{"line":514,"type":"if","locations":[{"start":{"line":514,"column":6},"end":{"line":514,"column":6}},{"start":{"line":514,"column":6},"end":{"line":514,"column":6}}]},"72":{"line":516,"type":"if","locations":[{"start":{"line":516,"column":8},"end":{"line":516,"column":8}},{"start":{"line":516,"column":8},"end":{"line":516,"column":8}}]},"73":{"line":518,"type":"if","locations":[{"start":{"line":518,"column":13},"end":{"line":518,"column":13}},{"start":{"line":518,"column":13},"end":{"line":518,"column":13}}]},"74":{"line":530,"type":"if","locations":[{"start":{"line":530,"column":4},"end":{"line":530,"column":4}},{"start":{"line":530,"column":4},"end":{"line":530,"column":4}}]},"75":{"line":530,"type":"binary-expr","locations":[{"start":{"line":530,"column":9},"end":{"line":530,"column":12}},{"start":{"line":530,"column":16},"end":{"line":530,"column":32}},{"start":{"line":530,"column":36},"end":{"line":530,"column":72}}]},"76":{"line":533,"type":"cond-expr","locations":[{"start":{"line":533,"column":72},"end":{"line":533,"column":88}},{"start":{"line":533,"column":91},"end":{"line":533,"column":101}}]},"77":{"line":546,"type":"if","locations":[{"start":{"line":546,"column":4},"end":{"line":546,"column":4}},{"start":{"line":546,"column":4},"end":{"line":546,"column":4}}]},"78":{"line":546,"type":"binary-expr","locations":[{"start":{"line":546,"column":10},"end":{"line":546,"column":13}},{"start":{"line":546,"column":19},"end":{"line":546,"column":32}},{"start":{"line":546,"column":38},"end":{"line":546,"column":65}},{"start":{"line":546,"column":71},"end":{"line":546,"column":118}}]},"79":{"line":550,"type":"binary-expr","locations":[{"start":{"line":550,"column":16},"end":{"line":550,"column":19}},{"start":{"line":550,"column":23},"end":{"line":550,"column":28}}]},"80":{"line":556,"type":"binary-expr","locations":[{"start":{"line":556,"column":8},"end":{"line":556,"column":67}},{"start":{"line":556,"column":75},"end":{"line":556,"column":97}},{"start":{"line":556,"column":105},"end":{"line":556,"column":123}}]},"81":{"line":562,"type":"if","locations":[{"start":{"line":562,"column":4},"end":{"line":562,"column":4}},{"start":{"line":562,"column":4},"end":{"line":562,"column":4}}]},"82":{"line":566,"type":"if","locations":[{"start":{"line":566,"column":6},"end":{"line":566,"column":6}},{"start":{"line":566,"column":6},"end":{"line":566,"column":6}}]},"83":{"line":567,"type":"if","locations":[{"start":{"line":567,"column":8},"end":{"line":567,"column":8}},{"start":{"line":567,"column":8},"end":{"line":567,"column":8}}]},"84":{"line":570,"type":"if","locations":[{"start":{"line":570,"column":12},"end":{"line":570,"column":12}},{"start":{"line":570,"column":12},"end":{"line":570,"column":12}}]},"85":{"line":570,"type":"binary-expr","locations":[{"start":{"line":570,"column":18},"end":{"line":570,"column":22}},{"start":{"line":570,"column":28},"end":{"line":570,"column":45}}]},"86":{"line":572,"type":"if","locations":[{"start":{"line":572,"column":12},"end":{"line":572,"column":12}},{"start":{"line":572,"column":12},"end":{"line":572,"column":12}}]},"87":{"line":591,"type":"binary-expr","locations":[{"start":{"line":591,"column":8},"end":{"line":591,"column":67}},{"start":{"line":591,"column":75},"end":{"line":591,"column":97}},{"start":{"line":591,"column":105},"end":{"line":591,"column":123}},{"start":{"line":591,"column":131},"end":{"line":591,"column":153}}]},"88":{"line":597,"type":"binary-expr","locations":[{"start":{"line":597,"column":8},"end":{"line":597,"column":67}},{"start":{"line":597,"column":75},"end":{"line":597,"column":97}},{"start":{"line":597,"column":105},"end":{"line":597,"column":123}},{"start":{"line":597,"column":131},"end":{"line":597,"column":154}}]},"89":{"line":602,"type":"binary-expr","locations":[{"start":{"line":602,"column":8},"end":{"line":602,"column":67}},{"start":{"line":602,"column":75},"end":{"line":602,"column":97}},{"start":{"line":602,"column":105},"end":{"line":602,"column":123}},{"start":{"line":602,"column":131},"end":{"line":602,"column":153}}]},"90":{"line":608,"type":"binary-expr","locations":[{"start":{"line":608,"column":8},"end":{"line":608,"column":67}},{"start":{"line":608,"column":75},"end":{"line":608,"column":97}},{"start":{"line":608,"column":105},"end":{"line":608,"column":123}},{"start":{"line":608,"column":131},"end":{"line":608,"column":156}}]},"91":{"line":615,"type":"if","locations":[{"start":{"line":615,"column":4},"end":{"line":615,"column":4}},{"start":{"line":615,"column":4},"end":{"line":615,"column":4}}]},"92":{"line":615,"type":"binary-expr","locations":[{"start":{"line":615,"column":9},"end":{"line":615,"column":30}},{"start":{"line":615,"column":36},"end":{"line":615,"column":55}}]},"93":{"line":617,"type":"cond-expr","locations":[{"start":{"line":617,"column":31},"end":{"line":617,"column":48}},{"start":{"line":617,"column":51},"end":{"line":617,"column":55}}]},"94":{"line":621,"type":"if","locations":[{"start":{"line":621,"column":4},"end":{"line":621,"column":4}},{"start":{"line":621,"column":4},"end":{"line":621,"column":4}}]},"95":{"line":623,"type":"if","locations":[{"start":{"line":623,"column":4},"end":{"line":623,"column":4}},{"start":{"line":623,"column":4},"end":{"line":623,"column":4}}]},"96":{"line":624,"type":"if","locations":[{"start":{"line":624,"column":6},"end":{"line":624,"column":6}},{"start":{"line":624,"column":6},"end":{"line":624,"column":6}}]},"97":{"line":629,"type":"if","locations":[{"start":{"line":629,"column":13},"end":{"line":629,"column":13}},{"start":{"line":629,"column":13},"end":{"line":629,"column":13}}]},"98":{"line":637,"type":"if","locations":[{"start":{"line":637,"column":6},"end":{"line":637,"column":6}},{"start":{"line":637,"column":6},"end":{"line":637,"column":6}}]},"99":{"line":637,"type":"binary-expr","locations":[{"start":{"line":637,"column":11},"end":{"line":637,"column":42}},{"start":{"line":637,"column":46},"end":{"line":637,"column":76}}]},"100":{"line":648,"type":"if","locations":[{"start":{"line":648,"column":4},"end":{"line":648,"column":4}},{"start":{"line":648,"column":4},"end":{"line":648,"column":4}}]},"101":{"line":648,"type":"binary-expr","locations":[{"start":{"line":648,"column":9},"end":{"line":648,"column":30}},{"start":{"line":648,"column":36},"end":{"line":648,"column":58}}]},"102":{"line":657,"type":"if","locations":[{"start":{"line":657,"column":4},"end":{"line":657,"column":4}},{"start":{"line":657,"column":4},"end":{"line":657,"column":4}}]},"103":{"line":678,"type":"if","locations":[{"start":{"line":678,"column":2},"end":{"line":678,"column":2}},{"start":{"line":678,"column":2},"end":{"line":678,"column":2}}]},"104":{"line":684,"type":"if","locations":[{"start":{"line":684,"column":0},"end":{"line":684,"column":0}},{"start":{"line":684,"column":0},"end":{"line":684,"column":0}}]}}},"/Users/philipp/code/neo4jmapper/src/helpers.js":{"path":"/Users/philipp/code/neo4jmapper/src/helpers.js","s":{"1":1,"2":0,"3":1,"4":1,"5":1,"6":3,"7":1,"8":2,"9":1,"10":1714,"11":439,"12":1275,"13":1,"14":2,"15":1,"16":1,"17":2,"18":1,"19":56,"20":40,"21":16,"22":13,"23":3,"24":1,"25":1123,"26":1123,"27":1123,"28":1123,"29":1132,"30":0,"31":1132,"32":7,"33":1125,"34":92,"35":92,"36":100,"37":0,"38":100,"39":1033,"40":1123,"41":1,"42":2096,"43":2096,"44":1237,"45":1,"46":2898,"47":2898,"48":859,"49":1237,"50":1237,"51":1237,"52":1237,"53":212,"54":200,"55":212,"56":212,"57":212,"58":212,"59":1237,"60":859,"61":1,"62":80,"63":1,"64":79,"65":4,"66":79,"67":1,"68":589,"69":263,"70":589,"71":589,"72":3,"73":3,"74":589,"75":318,"76":271,"77":271,"78":222,"79":49,"80":271,"81":1,"82":59,"83":42,"84":59,"85":19,"86":19,"87":40,"88":4,"89":36,"90":0,"91":36,"92":22,"93":14,"94":59,"95":1,"96":110,"97":110,"98":110,"99":4,"100":110,"101":67,"102":0,"103":67,"104":2,"105":65,"106":110,"107":110,"108":18,"109":18,"110":18,"111":92,"112":26,"113":66,"114":92,"115":110,"116":1,"117":22,"118":2,"119":22,"120":24,"121":20,"122":24,"123":7,"124":22,"125":1,"126":1275,"127":1275,"128":43,"129":1275,"130":1,"131":3185,"132":1,"133":5,"134":5,"135":5,"136":5,"137":5,"138":5,"139":12,"140":12,"141":5,"142":1,"143":1,"144":1,"145":0},"b":{"1":[0,1],"2":[1,2],"3":[2,0],"4":[2,1],"5":[439,1275],"6":[1275,1],"7":[1,1],"8":[40,16],"9":[56,40],"10":[13,3],"11":[3,3],"12":[1123,0],"13":[0,1132],"14":[7,1125],"15":[1132,1132],"16":[92,1033],"17":[0,100],"18":[2096,2096],"19":[2096,2096],"20":[1237,859],"21":[2866,32],"22":[200,12],"23":[8,192],"24":[212,0],"25":[1,79],"26":[4,75],"27":[79,77],"28":[263,326],"29":[589,586],"30":[3,586],"31":[589,3],"32":[318,271],"33":[222,49],"34":[42,17],"35":[19,40],"36":[59,52],"37":[15,4],"38":[4,36],"39":[40,39],"40":[0,36],"41":[22,14],"42":[36,31],"43":[4,106],"44":[67,43],"45":[0,67],"46":[2,65],"47":[18,92],"48":[8,10],"49":[18,18],"50":[8,0],"51":[26,66],"52":[92,70],"53":[18,8],"54":[26,25],"55":[18,0],"56":[36,30],"57":[66,63],"58":[29,7],"59":[2,20],"60":[20,4],"61":[7,17],"62":[24,19],"63":[43,1232],"64":[3185,3184,3183],"65":[5,0],"66":[0,1],"67":[1,0]},"f":{"1":3,"2":1714,"3":2,"4":56,"5":1123,"6":2096,"7":2898,"8":1237,"9":80,"10":589,"11":59,"12":110,"13":22,"14":24,"15":1275,"16":3185,"17":5},"fnMap":{"1":{"name":"(anonymous_1)","line":10,"loc":{"start":{"line":10,"column":36},"end":{"line":10,"column":62}}},"2":{"name":"(anonymous_2)","line":20,"loc":{"start":{"line":20,"column":38},"end":{"line":20,"column":66}}},"3":{"name":"(anonymous_3)","line":30,"loc":{"start":{"line":30,"column":37},"end":{"line":30,"column":64}}},"4":{"name":"(anonymous_4)","line":41,"loc":{"start":{"line":41,"column":22},"end":{"line":41,"column":34}}},"5":{"name":"(anonymous_5)","line":51,"loc":{"start":{"line":51,"column":20},"end":{"line":51,"column":49}}},"6":{"name":"(anonymous_6)","line":75,"loc":{"start":{"line":75,"column":22},"end":{"line":75,"column":46}}},"7":{"name":"getkey","line":84,"loc":{"start":{"line":84,"column":2},"end":{"line":84,"column":23}}},"8":{"name":"(anonymous_8)","line":89,"loc":{"start":{"line":89,"column":30},"end":{"line":89,"column":44}}},"9":{"name":"(anonymous_9)","line":117,"loc":{"start":{"line":117,"column":19},"end":{"line":117,"column":31}}},"10":{"name":"(anonymous_10)","line":126,"loc":{"start":{"line":126,"column":21},"end":{"line":126,"column":53}}},"11":{"name":"(anonymous_11)","line":148,"loc":{"start":{"line":148,"column":34},"end":{"line":148,"column":61}}},"12":{"name":"(anonymous_12)","line":170,"loc":{"start":{"line":170,"column":29},"end":{"line":170,"column":99}}},"13":{"name":"(anonymous_13)","line":204,"loc":{"start":{"line":204,"column":37},"end":{"line":204,"column":69}}},"14":{"name":"(anonymous_14)","line":207,"loc":{"start":{"line":207,"column":20},"end":{"line":207,"column":41}}},"15":{"name":"(anonymous_15)","line":220,"loc":{"start":{"line":220,"column":32},"end":{"line":220,"column":47}}},"16":{"name":"(anonymous_16)","line":228,"loc":{"start":{"line":228,"column":22},"end":{"line":228,"column":37}}},"17":{"name":"(anonymous_17)","line":232,"loc":{"start":{"line":232,"column":31},"end":{"line":232,"column":52}}}},"statementMap":{"1":{"start":{"line":2,"column":0},"end":{"line":6,"column":1}},"2":{"start":{"line":3,"column":2},"end":{"line":3,"column":19}},"3":{"start":{"line":5,"column":2},"end":{"line":5,"column":32}},"4":{"start":{"line":8,"column":0},"end":{"line":8,"column":69}},"5":{"start":{"line":10,"column":0},"end":{"line":18,"column":1}},"6":{"start":{"line":11,"column":2},"end":{"line":13,"column":3}},"7":{"start":{"line":12,"column":4},"end":{"line":12,"column":45}},"8":{"start":{"line":14,"column":2},"end":{"line":17,"column":3}},"9":{"start":{"line":20,"column":0},"end":{"line":28,"column":1}},"10":{"start":{"line":21,"column":2},"end":{"line":23,"column":3}},"11":{"start":{"line":22,"column":4},"end":{"line":22,"column":46}},"12":{"start":{"line":24,"column":2},"end":{"line":27,"column":3}},"13":{"start":{"line":30,"column":0},"end":{"line":39,"column":1}},"14":{"start":{"line":31,"column":2},"end":{"line":34,"column":3}},"15":{"start":{"line":32,"column":4},"end":{"line":32,"column":22}},"16":{"start":{"line":33,"column":4},"end":{"line":33,"column":18}},"17":{"start":{"line":35,"column":2},"end":{"line":38,"column":3}},"18":{"start":{"line":41,"column":0},"end":{"line":48,"column":1}},"19":{"start":{"line":42,"column":2},"end":{"line":43,"column":18}},"20":{"start":{"line":43,"column":4},"end":{"line":43,"column":18}},"21":{"start":{"line":44,"column":2},"end":{"line":45,"column":23}},"22":{"start":{"line":45,"column":4},"end":{"line":45,"column":23}},"23":{"start":{"line":47,"column":2},"end":{"line":47,"column":22}},"24":{"start":{"line":51,"column":0},"end":{"line":72,"column":2}},"25":{"start":{"line":52,"column":2},"end":{"line":52,"column":20}},"26":{"start":{"line":53,"column":2},"end":{"line":54,"column":26}},"27":{"start":{"line":54,"column":4},"end":{"line":54,"column":26}},"28":{"start":{"line":55,"column":2},"end":{"line":70,"column":3}},"29":{"start":{"line":56,"column":4},"end":{"line":57,"column":15}},"30":{"start":{"line":57,"column":6},"end":{"line":57,"column":15}},"31":{"start":{"line":58,"column":4},"end":{"line":69,"column":5}},"32":{"start":{"line":59,"column":6},"end":{"line":59,"column":26}},"33":{"start":{"line":60,"column":11},"end":{"line":69,"column":5}},"34":{"start":{"line":61,"column":6},"end":{"line":61,"column":44}},"35":{"start":{"line":62,"column":6},"end":{"line":66,"column":7}},"36":{"start":{"line":63,"column":8},"end":{"line":63,"column":52}},"37":{"start":{"line":63,"column":43},"end":{"line":63,"column":52}},"38":{"start":{"line":65,"column":8},"end":{"line":65,"column":46}},"39":{"start":{"line":68,"column":6},"end":{"line":68,"column":26}},"40":{"start":{"line":71,"column":2},"end":{"line":71,"column":18}},"41":{"start":{"line":75,"column":0},"end":{"line":115,"column":2}},"42":{"start":{"line":76,"column":2},"end":{"line":78,"column":17}},"43":{"start":{"line":80,"column":2},"end":{"line":82,"column":3}},"44":{"start":{"line":81,"column":6},"end":{"line":81,"column":19}},"45":{"start":{"line":84,"column":2},"end":{"line":87,"column":3}},"46":{"start":{"line":85,"column":6},"end":{"line":85,"column":35}},"47":{"start":{"line":86,"column":6},"end":{"line":86,"column":49}},"48":{"start":{"line":89,"column":2},"end":{"line":112,"column":5}},"49":{"start":{"line":90,"column":6},"end":{"line":93,"column":28}},"50":{"start":{"line":95,"column":6},"end":{"line":95,"column":41}},"51":{"start":{"line":96,"column":6},"end":{"line":96,"column":37}},"52":{"start":{"line":98,"column":6},"end":{"line":108,"column":7}},"53":{"start":{"line":99,"column":10},"end":{"line":101,"column":11}},"54":{"start":{"line":100,"column":14},"end":{"line":100,"column":85}},"55":{"start":{"line":103,"column":10},"end":{"line":103,"column":44}},"56":{"start":{"line":104,"column":10},"end":{"line":107,"column":11}},"57":{"start":{"line":105,"column":14},"end":{"line":105,"column":49}},"58":{"start":{"line":106,"column":14},"end":{"line":106,"column":45}},"59":{"start":{"line":111,"column":6},"end":{"line":111,"column":59}},"60":{"start":{"line":114,"column":2},"end":{"line":114,"column":15}},"61":{"start":{"line":117,"column":0},"end":{"line":124,"column":1}},"62":{"start":{"line":118,"column":2},"end":{"line":119,"column":13}},"63":{"start":{"line":119,"column":4},"end":{"line":119,"column":13}},"64":{"start":{"line":121,"column":2},"end":{"line":122,"column":31}},"65":{"start":{"line":122,"column":4},"end":{"line":122,"column":31}},"66":{"start":{"line":123,"column":2},"end":{"line":123,"column":82}},"67":{"start":{"line":126,"column":0},"end":{"line":146,"column":1}},"68":{"start":{"line":127,"column":2},"end":{"line":128,"column":20}},"69":{"start":{"line":128,"column":4},"end":{"line":128,"column":20}},"70":{"start":{"line":130,"column":2},"end":{"line":130,"column":62}},"71":{"start":{"line":132,"column":2},"end":{"line":135,"column":3}},"72":{"start":{"line":133,"column":4},"end":{"line":133,"column":30}},"73":{"start":{"line":134,"column":4},"end":{"line":134,"column":29}},"74":{"start":{"line":137,"column":2},"end":{"line":138,"column":22}},"75":{"start":{"line":138,"column":4},"end":{"line":138,"column":22}},"76":{"start":{"line":140,"column":2},"end":{"line":140,"column":66}},"77":{"start":{"line":141,"column":2},"end":{"line":144,"column":48}},"78":{"start":{"line":142,"column":4},"end":{"line":142,"column":85}},"79":{"start":{"line":144,"column":4},"end":{"line":144,"column":48}},"80":{"start":{"line":145,"column":2},"end":{"line":145,"column":32}},"81":{"start":{"line":148,"column":0},"end":{"line":168,"column":1}},"82":{"start":{"line":149,"column":2},"end":{"line":150,"column":19}},"83":{"start":{"line":150,"column":4},"end":{"line":150,"column":19}},"84":{"start":{"line":151,"column":2},"end":{"line":165,"column":3}},"85":{"start":{"line":152,"column":4},"end":{"line":152,"column":104}},"86":{"start":{"line":154,"column":4},"end":{"line":154,"column":65}},"87":{"start":{"line":156,"column":4},"end":{"line":164,"column":58}},"88":{"start":{"line":157,"column":6},"end":{"line":157,"column":21}},"89":{"start":{"line":158,"column":9},"end":{"line":164,"column":58}},"90":{"start":{"line":160,"column":6},"end":{"line":160,"column":40}},"91":{"start":{"line":161,"column":9},"end":{"line":164,"column":58}},"92":{"start":{"line":162,"column":6},"end":{"line":162,"column":28}},"93":{"start":{"line":164,"column":6},"end":{"line":164,"column":58}},"94":{"start":{"line":167,"column":2},"end":{"line":167,"column":15}},"95":{"start":{"line":170,"column":0},"end":{"line":202,"column":1}},"96":{"start":{"line":171,"column":2},"end":{"line":171,"column":28}},"97":{"start":{"line":172,"column":2},"end":{"line":172,"column":13}},"98":{"start":{"line":173,"column":2},"end":{"line":174,"column":39}},"99":{"start":{"line":174,"column":4},"end":{"line":174,"column":39}},"100":{"start":{"line":175,"column":2},"end":{"line":184,"column":3}},"101":{"start":{"line":176,"column":4},"end":{"line":183,"column":31}},"102":{"start":{"line":178,"column":6},"end":{"line":178,"column":16}},"103":{"start":{"line":179,"column":9},"end":{"line":183,"column":31}},"104":{"start":{"line":181,"column":6},"end":{"line":181,"column":31}},"105":{"start":{"line":183,"column":6},"end":{"line":183,"column":31}},"106":{"start":{"line":185,"column":2},"end":{"line":185,"column":27}},"107":{"start":{"line":186,"column":2},"end":{"line":199,"column":3}},"108":{"start":{"line":187,"column":4},"end":{"line":187,"column":47}},"109":{"start":{"line":188,"column":4},"end":{"line":188,"column":209}},"110":{"start":{"line":189,"column":4},"end":{"line":189,"column":29}},"111":{"start":{"line":193,"column":4},"end":{"line":197,"column":225}},"112":{"start":{"line":194,"column":6},"end":{"line":194,"column":232}},"113":{"start":{"line":197,"column":6},"end":{"line":197,"column":225}},"114":{"start":{"line":198,"column":4},"end":{"line":198,"column":28}},"115":{"start":{"line":201,"column":2},"end":{"line":201,"column":11}},"116":{"start":{"line":204,"column":0},"end":{"line":218,"column":1}},"117":{"start":{"line":205,"column":2},"end":{"line":206,"column":20}},"118":{"start":{"line":206,"column":4},"end":{"line":206,"column":20}},"119":{"start":{"line":207,"column":2},"end":{"line":216,"column":5}},"120":{"start":{"line":209,"column":4},"end":{"line":211,"column":5}},"121":{"start":{"line":210,"column":6},"end":{"line":210,"column":65}},"122":{"start":{"line":212,"column":4},"end":{"line":215,"column":5}},"123":{"start":{"line":214,"column":6},"end":{"line":214,"column":53}},"124":{"start":{"line":217,"column":2},"end":{"line":217,"column":28}},"125":{"start":{"line":220,"column":0},"end":{"line":226,"column":1}},"126":{"start":{"line":221,"column":2},"end":{"line":221,"column":72}},"127":{"start":{"line":222,"column":2},"end":{"line":224,"column":3}},"128":{"start":{"line":223,"column":4},"end":{"line":223,"column":56}},"129":{"start":{"line":225,"column":2},"end":{"line":225,"column":14}},"130":{"start":{"line":228,"column":0},"end":{"line":230,"column":1}},"131":{"start":{"line":229,"column":2},"end":{"line":229,"column":114}},"132":{"start":{"line":232,"column":0},"end":{"line":246,"column":1}},"133":{"start":{"line":233,"column":2},"end":{"line":233,"column":28}},"134":{"start":{"line":234,"column":2},"end":{"line":234,"column":18}},"135":{"start":{"line":235,"column":2},"end":{"line":236,"column":17}},"136":{"start":{"line":236,"column":4},"end":{"line":236,"column":17}},"137":{"start":{"line":237,"column":2},"end":{"line":240,"column":5}},"138":{"start":{"line":241,"column":2},"end":{"line":244,"column":3}},"139":{"start":{"line":242,"column":4},"end":{"line":242,"column":24}},"140":{"start":{"line":243,"column":4},"end":{"line":243,"column":103}},"141":{"start":{"line":245,"column":2},"end":{"line":245,"column":37}},"142":{"start":{"line":248,"column":0},"end":{"line":265,"column":2}},"143":{"start":{"line":267,"column":0},"end":{"line":271,"column":1}},"144":{"start":{"line":268,"column":2},"end":{"line":268,"column":37}},"145":{"start":{"line":270,"column":2},"end":{"line":270,"column":39}}},"branchMap":{"1":{"line":2,"type":"if","locations":[{"start":{"line":2,"column":0},"end":{"line":2,"column":0}},{"start":{"line":2,"column":0},"end":{"line":2,"column":0}}]},"2":{"line":11,"type":"if","locations":[{"start":{"line":11,"column":2},"end":{"line":11,"column":2}},{"start":{"line":11,"column":2},"end":{"line":11,"column":2}}]},"3":{"line":15,"type":"binary-expr","locations":[{"start":{"line":15,"column":12},"end":{"line":15,"column":18}},{"start":{"line":15,"column":22},"end":{"line":15,"column":26}}]},"4":{"line":16,"type":"binary-expr","locations":[{"start":{"line":16,"column":13},"end":{"line":16,"column":20}},{"start":{"line":16,"column":24},"end":{"line":16,"column":26}}]},"5":{"line":21,"type":"if","locations":[{"start":{"line":21,"column":2},"end":{"line":21,"column":2}},{"start":{"line":21,"column":2},"end":{"line":21,"column":2}}]},"6":{"line":25,"type":"binary-expr","locations":[{"start":{"line":25,"column":13},"end":{"line":25,"column":20}},{"start":{"line":25,"column":24},"end":{"line":25,"column":26}}]},"7":{"line":31,"type":"if","locations":[{"start":{"line":31,"column":2},"end":{"line":31,"column":2}},{"start":{"line":31,"column":2},"end":{"line":31,"column":2}}]},"8":{"line":42,"type":"if","locations":[{"start":{"line":42,"column":2},"end":{"line":42,"column":2}},{"start":{"line":42,"column":2},"end":{"line":42,"column":2}}]},"9":{"line":42,"type":"binary-expr","locations":[{"start":{"line":42,"column":7},"end":{"line":42,"column":28}},{"start":{"line":42,"column":34},"end":{"line":42,"column":48}}]},"10":{"line":44,"type":"if","locations":[{"start":{"line":44,"column":2},"end":{"line":44,"column":2}},{"start":{"line":44,"column":2},"end":{"line":44,"column":2}}]},"11":{"line":47,"type":"binary-expr","locations":[{"start":{"line":47,"column":9},"end":{"line":47,"column":13}},{"start":{"line":47,"column":17},"end":{"line":47,"column":21}}]},"12":{"line":53,"type":"if","locations":[{"start":{"line":53,"column":2},"end":{"line":53,"column":2}},{"start":{"line":53,"column":2},"end":{"line":53,"column":2}}]},"13":{"line":56,"type":"if","locations":[{"start":{"line":56,"column":4},"end":{"line":56,"column":4}},{"start":{"line":56,"column":4},"end":{"line":56,"column":4}}]},"14":{"line":58,"type":"if","locations":[{"start":{"line":58,"column":4},"end":{"line":58,"column":4}},{"start":{"line":58,"column":4},"end":{"line":58,"column":4}}]},"15":{"line":58,"type":"binary-expr","locations":[{"start":{"line":58,"column":9},"end":{"line":58,"column":23}},{"start":{"line":58,"column":29},"end":{"line":58,"column":43}}]},"16":{"line":60,"type":"if","locations":[{"start":{"line":60,"column":11},"end":{"line":60,"column":11}},{"start":{"line":60,"column":11},"end":{"line":60,"column":11}}]},"17":{"line":63,"type":"if","locations":[{"start":{"line":63,"column":8},"end":{"line":63,"column":8}},{"start":{"line":63,"column":8},"end":{"line":63,"column":8}}]},"18":{"line":76,"type":"binary-expr","locations":[{"start":{"line":76,"column":13},"end":{"line":76,"column":17}},{"start":{"line":76,"column":21},"end":{"line":76,"column":23}}]},"19":{"line":77,"type":"binary-expr","locations":[{"start":{"line":77,"column":18},"end":{"line":77,"column":32}},{"start":{"line":77,"column":36},"end":{"line":77,"column":39}}]},"20":{"line":80,"type":"if","locations":[{"start":{"line":80,"column":2},"end":{"line":80,"column":2}},{"start":{"line":80,"column":2},"end":{"line":80,"column":2}}]},"21":{"line":86,"type":"cond-expr","locations":[{"start":{"line":86,"column":33},"end":{"line":86,"column":36}},{"start":{"line":86,"column":39},"end":{"line":86,"column":48}}]},"22":{"line":99,"type":"if","locations":[{"start":{"line":99,"column":10},"end":{"line":99,"column":10}},{"start":{"line":99,"column":10},"end":{"line":99,"column":10}}]},"23":{"line":100,"type":"cond-expr","locations":[{"start":{"line":100,"column":77},"end":{"line":100,"column":79}},{"start":{"line":100,"column":82},"end":{"line":100,"column":84}}]},"24":{"line":104,"type":"if","locations":[{"start":{"line":104,"column":10},"end":{"line":104,"column":10}},{"start":{"line":104,"column":10},"end":{"line":104,"column":10}}]},"25":{"line":118,"type":"if","locations":[{"start":{"line":118,"column":2},"end":{"line":118,"column":2}},{"start":{"line":118,"column":2},"end":{"line":118,"column":2}}]},"26":{"line":121,"type":"if","locations":[{"start":{"line":121,"column":2},"end":{"line":121,"column":2}},{"start":{"line":121,"column":2},"end":{"line":121,"column":2}}]},"27":{"line":121,"type":"binary-expr","locations":[{"start":{"line":121,"column":8},"end":{"line":121,"column":24}},{"start":{"line":121,"column":30},"end":{"line":121,"column":46}}]},"28":{"line":127,"type":"if","locations":[{"start":{"line":127,"column":2},"end":{"line":127,"column":2}},{"start":{"line":127,"column":2},"end":{"line":127,"column":2}}]},"29":{"line":130,"type":"binary-expr","locations":[{"start":{"line":130,"column":18},"end":{"line":130,"column":55}},{"start":{"line":130,"column":59},"end":{"line":130,"column":61}}]},"30":{"line":132,"type":"if","locations":[{"start":{"line":132,"column":2},"end":{"line":132,"column":2}},{"start":{"line":132,"column":2},"end":{"line":132,"column":2}}]},"31":{"line":132,"type":"binary-expr","locations":[{"start":{"line":132,"column":7},"end":{"line":132,"column":16}},{"start":{"line":132,"column":20},"end":{"line":132,"column":32}}]},"32":{"line":137,"type":"if","locations":[{"start":{"line":137,"column":2},"end":{"line":137,"column":2}},{"start":{"line":137,"column":2},"end":{"line":137,"column":2}}]},"33":{"line":141,"type":"if","locations":[{"start":{"line":141,"column":2},"end":{"line":141,"column":2}},{"start":{"line":141,"column":2},"end":{"line":141,"column":2}}]},"34":{"line":149,"type":"if","locations":[{"start":{"line":149,"column":2},"end":{"line":149,"column":2}},{"start":{"line":149,"column":2},"end":{"line":149,"column":2}}]},"35":{"line":151,"type":"if","locations":[{"start":{"line":151,"column":2},"end":{"line":151,"column":2}},{"start":{"line":151,"column":2},"end":{"line":151,"column":2}}]},"36":{"line":151,"type":"binary-expr","locations":[{"start":{"line":151,"column":7},"end":{"line":151,"column":12}},{"start":{"line":151,"column":18},"end":{"line":151,"column":46}}]},"37":{"line":152,"type":"cond-expr","locations":[{"start":{"line":152,"column":83},"end":{"line":152,"column":93}},{"start":{"line":152,"column":96},"end":{"line":152,"column":102}}]},"38":{"line":156,"type":"if","locations":[{"start":{"line":156,"column":4},"end":{"line":156,"column":4}},{"start":{"line":156,"column":4},"end":{"line":156,"column":4}}]},"39":{"line":156,"type":"binary-expr","locations":[{"start":{"line":156,"column":9},"end":{"line":156,"column":37}},{"start":{"line":156,"column":43},"end":{"line":156,"column":57}}]},"40":{"line":158,"type":"if","locations":[{"start":{"line":158,"column":9},"end":{"line":158,"column":9}},{"start":{"line":158,"column":9},"end":{"line":158,"column":9}}]},"41":{"line":161,"type":"if","locations":[{"start":{"line":161,"column":9},"end":{"line":161,"column":9}},{"start":{"line":161,"column":9},"end":{"line":161,"column":9}}]},"42":{"line":161,"type":"binary-expr","locations":[{"start":{"line":161,"column":14},"end":{"line":161,"column":40}},{"start":{"line":161,"column":46},"end":{"line":161,"column":71}}]},"43":{"line":173,"type":"if","locations":[{"start":{"line":173,"column":2},"end":{"line":173,"column":2}},{"start":{"line":173,"column":2},"end":{"line":173,"column":2}}]},"44":{"line":175
[...]
line":30,"column":26}}]},"4":{"line":35,"type":"if","locations":[{"start":{"line":35,"column":4},"end":{"line":35,"column":4}},{"start":{"line":35,"column":4},"end":{"line":35,"column":4}}]},"5":{"line":36,"type":"if","locations":[{"start":{"line":36,"column":6},"end":{"line":36,"column":6}},{"start":{"line":36,"column":6},"end":{"line":36,"column":6}}]},"6":{"line":38,"type":"if","locations":[{"start":{"line":38,"column":11},"end":{"line":38,"column":11}},{"start":{"line":38,"column":11},"end":{"line":38,"column":11}}]},"7":{"line":40,"type":"if","locations":[{"start":{"line":40,"column":11},"end":{"line":40,"column":11}},{"start":{"line":40,"column":11},"end":{"line":40,"column":11}}]},"8":{"line":44,"type":"if","locations":[{"start":{"line":44,"column":4},"end":{"line":44,"column":4}},{"start":{"line":44,"column":4},"end":{"line":44,"column":4}}]},"9":{"line":47,"type":"if","locations":[{"start":{"line":47,"column":4},"end":{"line":47,"column":4}},{"start":{"line":47,"column":4},"end":{"line":47,"column":4}}]},"10":{"line":48,"type":"if","locations":[{"start":{"line":48,"column":6},"end":{"line":48,"column":6}},{"start":{"line":48,"column":6},"end":{"line":48,"column":6}}]},"11":{"line":50,"type":"if","locations":[{"start":{"line":50,"column":11},"end":{"line":50,"column":11}},{"start":{"line":50,"column":11},"end":{"line":50,"column":11}}]},"12":{"line":52,"type":"if","locations":[{"start":{"line":52,"column":11},"end":{"line":52,"column":11}},{"start":{"line":52,"column":11},"end":{"line":52,"column":11}}]},"13":{"line":56,"type":"if","locations":[{"start":{"line":56,"column":4},"end":{"line":56,"column":4}},{"start":{"line":56,"column":4},"end":{"line":56,"column":4}}]},"14":{"line":66,"type":"if","locations":[{"start":{"line":66,"column":4},"end":{"line":66,"column":4}},{"start":{"line":66,"column":4},"end":{"line":66,"column":4}}]},"15":{"line":72,"type":"if","locations":[{"start":{"line":72,"column":4},"end":{"line":72,"column":4}},{"start":{"line":72,"column":4},"end":{"line":72,"column":4}}]},"16":{"line":105,"type":"if","locations":[{"start":{"line":105,"column":4},"end":{"line":105,"column":4}},{"start":{"line":105,"column":4},"end":{"line":105,"column":4}}]},"17":{"line":118,"type":"if","locations":[{"start":{"line":118,"column":4},"end":{"line":118,"column":4}},{"start":{"line":118,"column":4},"end":{"line":118,"column":4}}]},"18":{"line":120,"type":"if","locations":[{"start":{"line":120,"column":4},"end":{"line":120,"column":4}},{"start":{"line":120,"column":4},"end":{"line":120,"column":4}}]},"19":{"line":120,"type":"binary-expr","locations":[{"start":{"line":120,"column":9},"end":{"line":120,"column":30}},{"start":{"line":120,"column":34},"end":{"line":120,"column":53}}]},"20":{"line":122,"type":"if","locations":[{"start":{"line":122,"column":4},"end":{"line":122,"column":4}},{"start":{"line":122,"column":4},"end":{"line":122,"column":4}}]},"21":{"line":130,"type":"if","locations":[{"start":{"line":130,"column":4},"end":{"line":130,"column":4}},{"start":{"line":130,"column":4},"end":{"line":130,"column":4}}]},"22":{"line":132,"type":"if","locations":[{"start":{"line":132,"column":4},"end":{"line":132,"column":4}},{"start":{"line":132,"column":4},"end":{"line":132,"column":4}}]},"23":{"line":132,"type":"binary-expr","locations":[{"start":{"line":132,"column":9},"end":{"line":132,"column":30}},{"start":{"line":132,"column":34},"end":{"line":132,"column":53}}]},"24":{"line":134,"type":"if","locations":[{"start":{"line":134,"column":4},"end":{"line":134,"column":4}},{"start":{"line":134,"column":4},"end":{"line":134,"column":4}}]},"25":{"line":144,"type":"if","locations":[{"start":{"line":144,"column":4},"end":{"line":144,"column":4}},{"start":{"line":144,"column":4},"end":{"line":144,"column":4}}]},"26":{"line":144,"type":"binary-expr","locations":[{"start":{"line":144,"column":10},"end":{"line":144,"column":32}},{"start":{"line":144,"column":38},"end":{"line":144,"column":62}}]},"27":{"line":147,"type":"if","locations":[{"start":{"line":147,"column":8},"end":{"line":147,"column":8}},{"start":{"line":147,"column":8},"end":{"line":147,"column":8}}]},"28":{"line":147,"type":"binary-expr","locations":[{"start":{"line":147,"column":13},"end":{"line":147,"column":19}},{"start":{"line":147,"column":25},"end":{"line":147,"column":56}}]},"29":{"line":162,"type":"if","locations":[{"start":{"line":162,"column":6},"end":{"line":162,"column":6}},{"start":{"line":162,"column":6},"end":{"line":162,"column":6}}]},"30":{"line":162,"type":"binary-expr","locations":[{"start":{"line":162,"column":11},"end":{"line":162,"column":37}},{"start":{"line":162,"column":41},"end":{"line":162,"column":53}}]},"31":{"line":166,"type":"if","locations":[{"start":{"line":166,"column":10},"end":{"line":166,"column":10}},{"start":{"line":166,"column":10},"end":{"line":166,"column":10}}]},"32":{"line":176,"type":"if","locations":[{"start":{"line":176,"column":4},"end":{"line":176,"column":4}},{"start":{"line":176,"column":4},"end":{"line":176,"column":4}}]},"33":{"line":178,"type":"if","locations":[{"start":{"line":178,"column":4},"end":{"line":178,"column":4}},{"start":{"line":178,"column":4},"end":{"line":178,"column":4}}]},"34":{"line":185,"type":"if","locations":[{"start":{"line":185,"column":4},"end":{"line":185,"column":4}},{"start":{"line":185,"column":4},"end":{"line":185,"column":4}}]},"35":{"line":187,"type":"if","locations":[{"start":{"line":187,"column":4},"end":{"line":187,"column":4}},{"start":{"line":187,"column":4},"end":{"line":187,"column":4}}]},"36":{"line":187,"type":"binary-expr","locations":[{"start":{"line":187,"column":9},"end":{"line":187,"column":21}},{"start":{"line":187,"column":25},"end":{"line":187,"column":44}}]},"37":{"line":189,"type":"if","locations":[{"start":{"line":189,"column":4},"end":{"line":189,"column":4}},{"start":{"line":189,"column":4},"end":{"line":189,"column":4}}]},"38":{"line":189,"type":"binary-expr","locations":[{"start":{"line":189,"column":9},"end":{"line":189,"column":19}},{"start":{"line":189,"column":23},"end":{"line":189,"column":40}}]},"39":{"line":192,"type":"if","locations":[{"start":{"line":192,"column":4},"end":{"line":192,"column":4}},{"start":{"line":192,"column":4},"end":{"line":192,"column":4}}]},"40":{"line":194,"type":"if","locations":[{"start":{"line":194,"column":6},"end":{"line":194,"column":6}},{"start":{"line":194,"column":6},"end":{"line":194,"column":6}}]},"41":{"line":194,"type":"binary-expr","locations":[{"start":{"line":194,"column":11},"end":{"line":194,"column":22}},{"start":{"line":194,"column":28},"end":{"line":194,"column":53}}]},"42":{"line":199,"type":"if","locations":[{"start":{"line":199,"column":10},"end":{"line":199,"column":10}},{"start":{"line":199,"column":10},"end":{"line":199,"column":10}}]},"43":{"line":203,"type":"if","locations":[{"start":{"line":203,"column":14},"end":{"line":203,"column":14}},{"start":{"line":203,"column":14},"end":{"line":203,"column":14}}]},"44":{"line":233,"type":"if","locations":[{"start":{"line":233,"column":10},"end":{"line":233,"column":10}},{"start":{"line":233,"column":10},"end":{"line":233,"column":10}}]},"45":{"line":233,"type":"binary-expr","locations":[{"start":{"line":233,"column":15},"end":{"line":233,"column":18}},{"start":{"line":233,"column":24},"end":{"line":233,"column":37}}]},"46":{"line":244,"type":"if","locations":[{"start":{"line":244,"column":4},"end":{"line":244,"column":4}},{"start":{"line":244,"column":4},"end":{"line":244,"column":4}}]},"47":{"line":254,"type":"cond-expr","locations":[{"start":{"line":254,"column":47},"end":{"line":254,"column":53}},{"start":{"line":254,"column":56},"end":{"line":254,"column":61}}]},"48":{"line":257,"type":"cond-expr","locations":[{"start":{"line":257,"column":56},"end":{"line":257,"column":60}},{"start":{"line":257,"column":63},"end":{"line":257,"column":81}}]},"49":{"line":258,"type":"if","locations":[{"start":{"line":258,"column":4},"end":{"line":258,"column":4}},{"start":{"line":258,"column":4},"end":{"line":258,"column":4}}]},"50":{"line":260,"type":"if","locations":[{"start":{"line":260,"column":4},"end":{"line":260,"column":4}},{"start":{"line":260,"column":4},"end":{"line":260,"column":4}}]},"51":{"line":261,"type":"if","locations":[{"start":{"line":261,"column":6},"end":{"line":261,"column":6}},{"start":{"line":261,"column":6},"end":{"line":261,"column":6}}]},"52":{"line":261,"type":"binary-expr","locations":[{"start":{"line":261,"column":10},"end":{"line":261,"column":26}},{"start":{"line":261,"column":31},"end":{"line":261,"column":47}}]},"53":{"line":269,"type":"if","locations":[{"start":{"line":269,"column":6},"end":{"line":269,"column":6}},{"start":{"line":269,"column":6},"end":{"line":269,"column":6}}]},"54":{"line":269,"type":"binary-expr","locations":[{"start":{"line":269,"column":11},"end":{"line":269,"column":39}},{"start":{"line":269,"column":45},"end":{"line":269,"column":90}}]},"55":{"line":272,"type":"if","locations":[{"start":{"line":272,"column":6},"end":{"line":272,"column":6}},{"start":{"line":272,"column":6},"end":{"line":272,"column":6}}]},"56":{"line":272,"type":"binary-expr","locations":[{"start":{"line":272,"column":11},"end":{"line":272,"column":40}},{"start":{"line":272,"column":46},"end":{"line":272,"column":92}}]},"57":{"line":276,"type":"if","locations":[{"start":{"line":276,"column":6},"end":{"line":276,"column":6}},{"start":{"line":276,"column":6},"end":{"line":276,"column":6}}]},"58":{"line":276,"type":"binary-expr","locations":[{"start":{"line":276,"column":11},"end":{"line":276,"column":38}},{"start":{"line":276,"column":44},"end":{"line":276,"column":88}}]},"59":{"line":287,"type":"if","locations":[{"start":{"line":287,"column":4},"end":{"line":287,"column":4}},{"start":{"line":287,"column":4},"end":{"line":287,"column":4}}]},"60":{"line":289,"type":"if","locations":[{"start":{"line":289,"column":4},"end":{"line":289,"column":4}},{"start":{"line":289,"column":4},"end":{"line":289,"column":4}}]},"61":{"line":304,"type":"if","locations":[{"start":{"line":304,"column":10},"end":{"line":304,"column":10}},{"start":{"line":304,"column":10},"end":{"line":304,"column":10}}]},"62":{"line":307,"type":"if","locations":[{"start":{"line":307,"column":10},"end":{"line":307,"column":10}},{"start":{"line":307,"column":10},"end":{"line":307,"column":10}}]},"63":{"line":308,"type":"cond-expr","locations":[{"start":{"line":308,"column":39},"end":{"line":308,"column":43}},{"start":{"line":308,"column":46},"end":{"line":308,"column":52}}]},"64":{"line":319,"type":"if","locations":[{"start":{"line":319,"column":6},"end":{"line":319,"column":6}},{"start":{"line":319,"column":6},"end":{"line":319,"column":6}}]},"65":{"line":328,"type":"if","locations":[{"start":{"line":328,"column":6},"end":{"line":328,"column":6}},{"start":{"line":328,"column":6},"end":{"line":328,"column":6}}]},"66":{"line":353,"type":"if","locations":[{"start":{"line":353,"column":4},"end":{"line":353,"column":4}},{"start":{"line":353,"column":4},"end":{"line":353,"column":4}}]},"67":{"line":377,"type":"if","locations":[{"start":{"line":377,"column":4},"end":{"line":377,"column":4}},{"start":{"line":377,"column":4},"end":{"line":377,"column":4}}]},"68":{"line":377,"type":"binary-expr","locations":[{"start":{"line":377,"column":10},"end":{"line":377,"column":16}},{"start":{"line":377,"column":22},"end":{"line":377,"column":59}}]},"69":{"line":379,"type":"if","locations":[{"start":{"line":379,"column":4},"end":{"line":379,"column":4}},{"start":{"line":379,"column":4},"end":{"line":379,"column":4}}]},"70":{"line":379,"type":"binary-expr","locations":[{"start":{"line":379,"column":10},"end":{"line":379,"column":14}},{"start":{"line":379,"column":22},"end":{"line":379,"column":57}}]},"71":{"line":385,"type":"if","locations":[{"start":{"line":385,"column":4},"end":{"line":385,"column":4}},{"start":{"line":385,"column":4},"end":{"line":385,"column":4}}]},"72":{"line":457,"type":"if","locations":[{"start":{"line":457,"column":0},"end":{"line":457,"column":0}},{"start":{"line":457,"column":0},"end":{"line":457,"column":0}}]}}},"/Users/philipp/code/neo4jmapper/src/path.js":{"path":"/Users/philipp/code/neo4jmapper/src/path.js","s":{"1":1,"2":8,"3":8,"4":0,"5":0,"6":8,"7":8,"8":8,"9":2,"10":2,"11":2,"12":2,"13":2,"14":8,"15":8,"16":8,"17":8,"18":8,"19":8,"20":8,"21":8,"22":8,"23":8,"24":8,"25":8,"26":8,"27":0,"28":0,"29":0,"30":8,"31":2,"32":2,"33":2,"34":2,"35":0,"36":2,"37":2,"38":6,"39":6,"40":3,"41":2,"42":2,"43":2,"44":4,"45":4,"46":2,"47":2,"48":2,"49":2,"50":2,"51":2,"52":2,"53":2,"54":2,"55":8,"56":1,"57":8,"58":1,"59":8,"60":0,"61":8,"62":0,"63":8,"64":8,"65":1,"66":1,"67":0},"b":{"1":[0,8],"2":[2,0],"3":[2,0],"4":[2,0],"5":[2,2],"6":[2,0],"7":[3,3],"8":[2,0],"9":[2,2],"10":[1,0]},"f":{"1":8,"2":2,"3":0,"4":2,"5":1,"6":1,"7":0,"8":0},"fnMap":{"1":{"name":"(anonymous_1)","line":3,"loc":{"start":{"line":3,"column":19},"end":{"line":3,"column":42}}},"2":{"name":"Path","line":19,"loc":{"start":{"line":19,"column":13},"end":{"line":19,"column":29}}},"3":{"name":"(anonymous_3)","line":46,"loc":{"start":{"line":46,"column":29},"end":{"line":46,"column":40}}},"4":{"name":"(anonymous_4)","line":65,"loc":{"start":{"line":65,"column":48},"end":{"line":65,"column":63}}},"5":{"name":"(anonymous_5)","line":120,"loc":{"start":{"line":120,"column":24},"end":{"line":120,"column":37}}},"6":{"name":"(anonymous_6)","line":124,"loc":{"start":{"line":124,"column":28},"end":{"line":124,"column":39}}},"7":{"name":"(anonymous_7)","line":136,"loc":{"start":{"line":136,"column":30},"end":{"line":136,"column":41}}},"8":{"name":"(anonymous_8)","line":138,"loc":{"start":{"line":138,"column":13},"end":{"line":138,"column":24}}}},"statementMap":{"1":{"start":{"line":3,"column":0},"end":{"line":145,"column":1}},"2":{"start":{"line":5,"column":2},"end":{"line":6,"column":20}},"3":{"start":{"line":8,"column":2},"end":{"line":16,"column":3}},"4":{"start":{"line":10,"column":4},"end":{"line":10,"column":41}},"5":{"start":{"line":11,"column":4},"end":{"line":11,"column":23}},"6":{"start":{"line":14,"column":4},"end":{"line":14,"column":34}},"7":{"start":{"line":15,"column":4},"end":{"line":15,"column":36}},"8":{"start":{"line":19,"column":2},"end":{"line":31,"column":3}},"9":{"start":{"line":20,"column":4},"end":{"line":20,"column":20}},"10":{"start":{"line":21,"column":4},"end":{"line":21,"column":28}},"11":{"start":{"line":22,"column":4},"end":{"line":25,"column":6}},"12":{"start":{"line":26,"column":4},"end":{"line":29,"column":6}},"13":{"start":{"line":30,"column":4},"end":{"line":30,"column":31}},"14":{"start":{"line":33,"column":2},"end":{"line":33,"column":43}},"15":{"start":{"line":34,"column":2},"end":{"line":34,"column":41}},"16":{"start":{"line":35,"column":2},"end":{"line":35,"column":41}},"17":{"start":{"line":36,"column":2},"end":{"line":36,"column":41}},"18":{"start":{"line":37,"column":2},"end":{"line":37,"column":41}},"19":{"start":{"line":38,"column":2},"end":{"line":38,"column":38}},"20":{"start":{"line":39,"column":2},"end":{"line":39,"column":41}},"21":{"start":{"line":40,"column":2},"end":{"line":40,"column":41}},"22":{"start":{"line":41,"column":2},"end":{"line":41,"column":41}},"23":{"start":{"line":42,"column":2},"end":{"line":42,"column":42}},"24":{"start":{"line":43,"column":2},"end":{"line":43,"column":42}},"25":{"start":{"line":44,"column":2},"end":{"line":44,"column":41}},"26":{"start":{"line":46,"column":2},"end":{"line":50,"column":3}},"27":{"start":{"line":47,"column":4},"end":{"line":47,"column":26}},"28":{"start":{"line":48,"column":4},"end":{"line":48,"column":31}},"29":{"start":{"line":49,"column":4},"end":{"line":49,"column":16}},"30":{"start":{"line":65,"column":2},"end":{"line":118,"column":3}},"31":{"start":{"line":68,"column":4},"end":{"line":68,"column":66}},"32":{"start":{"line":69,"column":4},"end":{"line":115,"column":5}},"33":{"start":{"line":70,"column":6},"end":{"line":73,"column":34}},"34":{"start":{"line":71,"column":8},"end":{"line":71,"column":31}},"35":{"start":{"line":73,"column":8},"end":{"line":73,"column":34}},"36":{"start":{"line":75,"column":6},"end":{"line":84,"column":7}},"37":{"start":{"line":76,"column":8},"end":{"line":83,"column":9}},"38":{"start":{"line":77,"column":10},"end":{"line":77,"column":34}},"39":{"start":{"line":78,"column":10},"end":{"line":82,"column":13}},"40":{"start":{"line":79,"column":12},"end":{"line":82,"column":13}},"41":{"start":{"line":86,"column":6},"end":{"line":86,"column":40}},"42":{"start":{"line":88,"column":6},"end":{"line":97,"column":7}},"43":{"start":{"line":89,"column":8},"end":{"line":96,"column":9}},"44":{"start":{"line":90,"column":10},"end":{"line":90,"column":42}},"45":{"start":{"line":91,"column":10},"end":{"line":95,"column":13}},"46":{"start":{"line":92,"column":12},"end":{"line":95,"column":13}},"47":{"start":{"line":99,"column":6},"end":{"line":99,"column":56}},"48":{"start":{"line":101,"column":6},"end":{"line":104,"column":7}},"49":{"start":{"line":106,"column":6},"end":{"line":109,"column":7}},"50":{"start":{"line":111,"column":6},"end":{"line":111,"column":30}},"51":{"start":{"line":112,"column":6},"end":{"line":112,"column":26}},"52":{"start":{"line":113,"column":6},"end":{"line":113,"column":32}},"53":{"start":{"line":116,"column":4},"end":{"line":116,"column":31}},"54":{"start":{"line":117,"column":4},"end":{"line":117,"column":16}},"55":{"start":{"line":120,"column":2},"end":{"line":122,"column":3}},"56":{"start":{"line":121,"column":4},"end":{"line":121,"column":19}},"57":{"start":{"line":124,"column":2},"end":{"line":134,"column":3}},"58":{"start":{"line":125,"column":4},"end":{"line":133,"column":6}},"59":{"start":{"line":136,"column":2},"end":{"line":136,"column":57}},"60":{"start":{"line":136,"column":43},"end":{"line":136,"column":55}},"61":{"start":{"line":138,"column":2},"end":{"line":140,"column":3}},"62":{"start":{"line":139,"column":4},"end":{"line":139,"column":22}},"63":{"start":{"line":142,"column":2},"end":{"line":142,"column":25}},"64":{"start":{"line":144,"column":2},"end":{"line":144,"column":34}},"65":{"start":{"line":147,"column":0},"end":{"line":153,"column":1}},"66":{"start":{"line":148,"column":2},"end":{"line":150,"column":4}},"67":{"start":{"line":152,"column":2},"end":{"line":152,"column":45}}},"branchMap":{"1":{"line":8,"type":"if","locations":[{"start":{"line":8,"column":2},"end":{"line":8,"column":2}},{"start":{"line":8,"column":2},"end":{"line":8,"column":2}}]},"2":{"line":68,"type":"cond-expr","locations":[{"start":{"line":68,"column":48},"end":{"line":68,"column":52}},{"start":{"line":68,"column":55},"end":{"line":68,"column":65}}]},"3":{"line":69,"type":"if","locations":[{"start":{"line":69,"column":4},"end":{"line":69,"column":4}},{"start":{"line":69,"column":4},"end":{"line":69,"column":4}}]},"4":{"line":70,"type":"if","locations":[{"start":{"line":70,"column":6},"end":{"line":70,"column":6}},{"start":{"line":70,"column":6},"end":{"line":70,"column":6}}]},"5":{"line":70,"type":"binary-expr","locations":[{"start":{"line":70,"column":10},"end":{"line":70,"column":26}},{"start":{"line":70,"column":31},"end":{"line":70,"column":47}}]},"6":{"line":75,"type":"if","locations":[{"start":{"line":75,"column":6},"end":{"line":75,"column":6}},{"start":{"line":75,"column":6},"end":{"line":75,"column":6}}]},"7":{"line":78,"type":"if","locations":[{"start":{"line":78,"column":10},"end":{"line":78,"column":10}},{"start":{"line":78,"column":10},"end":{"line":78,"column":10}}]},"8":{"line":88,"type":"if","locations":[{"start":{"line":88,"column":6},"end":{"line":88,"column":6}},{"start":{"line":88,"column":6},"end":{"line":88,"column":6}}]},"9":{"line":91,"type":"if","locations":[{"start":{"line":91,"column":10},"end":{"line":91,"column":10}},{"start":{"line":91,"column":10},"end":{"line":91,"column":10}}]},"10":{"line":147,"type":"if","locations":[{"start":{"line":147,"column":0},"end":{"line":147,"column":0}},{"start":{"line":147,"column":0},"end":{"line":147,"column":0}}]}}}}