TN:
SF:/Users/philipp/code/neo4jmapper/src/index.js
FN:8,Neo4jMapper
FN:62,(anonymous_2)
FNF:2
FNH:1
FNDA:8,Neo4jMapper
FNDA:0,(anonymous_2)
DA:8,1
DA:10,8
DA:12,8
DA:14,0
DA:16,0
DA:18,0
DA:19,0
DA:20,0
DA:21,0
DA:22,0
DA:24,0
DA:25,0
DA:26,0
DA:29,8
DA:31,8
DA:33,8
DA:34,8
DA:35,8
DA:36,8
DA:37,8
DA:39,8
DA:40,8
DA:41,8
DA:45,8
DA:46,8
DA:47,8
DA:48,8
DA:49,8
DA:53,1
DA:54,1
DA:55,1
DA:56,1
DA:57,1
DA:58,1
DA:59,1
DA:60,1
DA:62,1
DA:63,0
DA:66,1
DA:67,1
DA:69,0
LF:41
LH:29
BRDA:12,1,0,0
BRDA:12,1,1,8
BRDA:66,2,0,1
BRDA:66,2,1,0
BRF:4
BRH:2
end_of_record
TN:
SF:/Users/philipp/code/neo4jmapper/src/neo4jrestful.js
FN:2,(anonymous_1)
FN:30,ResponseError
FN:39,CustomError
FN:55,RequestDebug
FN:71,(anonymous_5)
FN:79,(anonymous_6)
FN:87,Neo4jRestful
FN:172,(anonymous_8)
FN:184,(anonymous_9)
FN:191,(anonymous_10)
FN:195,(anonymous_11)
FN:201,(anonymous_12)
FN:219,(anonymous_13)
FN:231,(anonymous_14)
FN:239,(anonymous_15)
FN:293,(anonymous_16)
FN:333,(anonymous_17)
FN:349,(anonymous_18)
FN:354,(anonymous_19)
FN:368,(anonymous_20)
FN:392,(anonymous_21)
FN:413,(anonymous_22)
FN:435,(anonymous_23)
FN:446,(anonymous_24)
FN:469,(anonymous_25)
FN:478,(anonymous_26)
FN:493,(anonymous_27)
FN:554,(anonymous_28)
FN:565,(anonymous_29)
FN:569,(anonymous_30)
FN:589,(anonymous_31)
FN:595,(anonymous_32)
FN:600,(anonymous_33)
FN:606,(anonymous_34)
FN:612,(anonymous_35)
FN:614,(anonymous_36)
FN:647,(anonymous_37)
FN:655,(anonymous_38)
FN:664,(anonymous_39)
FN:669,(anonymous_40)
FN:674,(anonymous_41)
FNF:41
FNH:33
FNDA:8,(anonymous_1)
FNDA:0,ResponseError
FNDA:0,CustomError
FNDA:1057,RequestDebug
FNDA:0,(anonymous_5)
FNDA:0,(anonymous_6)
FNDA:453,Neo4jRestful
FNDA:604,(anonymous_8)
FNDA:628,(anonymous_9)
FNDA:0,(anonymous_10)
FNDA:11,(anonymous_11)
FNDA:11,(anonymous_12)
FNDA:1595,(anonymous_13)
FNDA:2040,(anonymous_14)
FNDA:1057,(anonymous_15)
FNDA:1057,(anonymous_16)
FNDA:34,(anonymous_17)
FNDA:7,(anonymous_18)
FNDA:7,(anonymous_19)
FNDA:1050,(anonymous_20)
FNDA:1068,(anonymous_21)
FNDA:0,(anonymous_22)
FNDA:1061,(anonymous_23)
FNDA:1037,(anonymous_24)
FNDA:24,(anonymous_25)
FNDA:1037,(anonymous_26)
FNDA:13,(anonymous_27)
FNDA:7,(anonymous_28)
FNDA:31,(anonymous_29)
FNDA:24,(anonymous_30)
FNDA:413,(anonymous_31)
FNDA:635,(anonymous_32)
FNDA:1,(anonymous_33)
FNDA:8,(anonymous_34)
FNDA:3775,(anonymous_35)
FNDA:1540,(anonymous_36)
FNDA:1052,(anonymous_37)
FNDA:1,(anonymous_38)
FNDA:0,(anonymous_39)
FNDA:445,(anonymous_40)
FNDA:0,(anonymous_41)
DA:2,1
DA:5,8
DA:6,8
DA:7,8
DA:8,8
DA:9,8
DA:10,8
DA:11,8
DA:13,8
DA:15,0
DA:16,0
DA:17,0
DA:18,0
DA:19,0
DA:22,8
DA:23,8
DA:24,8
DA:25,8
DA:26,8
DA:27,8
DA:30,8
DA:31,0
DA:32,0
DA:33,0
DA:36,8
DA:39,8
DA:40,0
DA:41,0
DA:44,8
DA:45,8
DA:46,8
DA:47,8
DA:48,8
DA:49,8
DA:50,8
DA:51,8
DA:52,8
DA:55,8
DA:57,1057
DA:58,1057
DA:59,8456
DA:62,8
DA:63,8
DA:64,8
DA:65,8
DA:66,8
DA:67,8
DA:68,8
DA:69,8
DA:71,8
DA:72,0
DA:73,0
DA:74,0
DA:75,0
DA:79,8
DA:80,0
DA:81,0
DA:87,8
DA:88,453
DA:89,453
DA:90,453
DA:91,453
DA:93,8
DA:95,453
DA:96,453
DA:98,453
DA:99,448
DA:101,453
DA:104,453
DA:106,453
DA:107,0
DA:108,0
DA:112,453
DA:113,453
DA:121,453
DA:123,453
DA:126,0
DA:130,453
DA:131,4
DA:135,453
DA:137,453
DA:138,8
DA:141,8
DA:142,8
DA:144,8
DA:146,8
DA:150,8
DA:151,8
DA:152,8
DA:153,8
DA:154,8
DA:164,8
DA:165,8
DA:167,8
DA:168,8
DA:169,8
DA:170,8
DA:172,8
DA:173,604
DA:174,604
DA:175,604
DA:176,0
DA:178,604
DA:179,604
DA:185,628
DA:191,8
DA:192,0
DA:195,8
DA:196,11
DA:197,11
DA:202,11
DA:203,11
DA:204,11
DA:205,11
DA:206,11
DA:207,11
DA:208,11
DA:209,3
DA:211,0
DA:212,0
DA:216,11
DA:219,8
DA:220,1595
DA:221,1058
DA:222,1595
DA:223,1058
DA:224,1595
DA:225,1595
DA:227,1595
DA:231,8
DA:232,2040
DA:239,8
DA:240,1057
DA:241,1057
DA:242,0
DA:245,1057
DA:253,1057
DA:255,0
DA:259,1057
DA:260,1057
DA:262,1057
DA:263,1057
DA:265,1057
DA:266,636
DA:269,1057
DA:281,1057
DA:290,1057
DA:293,8
DA:294,1057
DA:296,1057
DA:303,1057
DA:305,1057
DA:306,1057
DA:307,1057
DA:308,1057
DA:310,1057
DA:311,1057
DA:312,1057
DA:314,1057
DA:316,1057
DA:322,1057
DA:323,636
DA:326,1057
DA:328,7
DA:330,7
DA:331,7
DA:333,7
DA:336,34
DA:337,17
DA:338,17
DA:339,17
DA:340,7
DA:341,7
DA:343,10
DA:344,10
DA:349,7
DA:351,7
DA:354,7
DA:355,7
DA:357,7
DA:358,7
DA:359,0
DA:363,7
DA:368,1057
DA:369,1050
DA:370,1050
DA:372,1050
DA:374,1050
DA:375,0
DA:378,1050
DA:379,13
DA:381,1037
DA:382,1029
DA:383,1037
DA:392,8
DA:393,1068
DA:400,1068
DA:401,1068
DA:402,0
DA:403,1068
DA:404,0
DA:405,1068
DA:407,0
DA:408,0
DA:409,0
DA:410,0
DA:411,0
DA:413,0
DA:415,0
DA:416,0
DA:418,0
DA:424,1068
DA:425,1068
DA:426,1068
DA:427,636
DA:428,636
DA:430,0
DA:432,1068
DA:433,7
DA:435,1061
DA:437,1061
DA:438,1061
DA:440,1061
DA:446,8
DA:447,1037
DA:449,8
DA:450,1029
DA:451,399
DA:452,122
DA:454,630
DA:457,588
DA:458,589
DA:459,746
DA:463,42
DA:464,42
DA:466,1029
DA:469,8
DA:470,24
DA:471,24
DA:472,44
DA:475,24
DA:478,8
DA:480,1037
DA:481,1037
DA:483,1037
DA:484,1037
DA:485,1037
DA:487,0
DA:489,0
DA:493,8
DA:495,13
DA:496,0
DA:498,13
DA:499,13
DA:500,13
DA:501,13
DA:502,13
DA:504,0
DA:505,0
DA:508,13
DA:509,13
DA:510,13
DA:512,13
DA:514,13
DA:516,0
DA:517,0
DA:518,0
DA:519,0
DA:524,13
DA:530,13
DA:531,0
DA:532,0
DA:533,0
DA:534,0
DA:543,0
DA:546,13
DA:548,4
DA:550,9
DA:554,8
DA:555,7
DA:556,7
DA:557,7
DA:558,7
DA:559,7
DA:560,7
DA:562,7
DA:563,0
DA:565,7
DA:566,31
DA:567,24
DA:568,24
DA:569,24
DA:570,24
DA:571,4
DA:572,24
DA:574,0
DA:575,0
DA:577,24
DA:581,0
DA:584,7
DA:589,8
DA:590,413
DA:591,413
DA:592,413
DA:595,8
DA:596,635
DA:597,635
DA:598,635
DA:600,8
DA:601,1
DA:602,1
DA:603,1
DA:606,8
DA:607,8
DA:608,8
DA:609,8
DA:612,8
DA:614,8
DA:615,1540
DA:616,0
DA:617,1540
DA:618,1540
DA:619,1540
DA:620,1540
DA:621,1540
DA:622,1366
DA:623,1540
DA:624,619
DA:626,557
DA:627,557
DA:628,557
DA:629,62
DA:631,62
DA:632,62
DA:633,62
DA:637,921
DA:639,2
DA:640,2
DA:641,2
DA:644,919
DA:647,8
DA:648,1052
DA:649,1052
DA:651,0
DA:655,8
DA:656,1
DA:657,1
DA:658,1
DA:660,0
DA:664,8
DA:669,8
DA:671,445
DA:674,8
DA:675,0
DA:678,8
DA:679,0
DA:681,8
DA:684,1
DA:686,1
DA:690,0
LF:360
LH:297
BRDA:13,1,0,0
BRDA:13,1,1,8
BRDA:40,2,0,0
BRDA:40,2,1,0
BRDA:57,3,0,1057
BRDA:57,3,1,0
BRDA:57,4,0,1057
BRDA:57,4,1,1057
BRDA:73,5,0,0
BRDA:73,5,1,0
BRDA:74,6,0,0
BRDA:74,6,1,0
BRDA:91,7,0,8
BRDA:91,7,1,445
BRDA:95,8,0,453
BRDA:95,8,1,0
BRDA:96,9,0,5
BRDA:96,9,1,448
BRDA:98,10,0,448
BRDA:98,10,1,5
BRDA:101,11,0,453
BRDA:101,11,1,0
BRDA:106,12,0,0
BRDA:106,12,1,453
BRDA:121,13,0,453
BRDA:121,13,1,0
BRDA:130,14,0,4
BRDA:130,14,1,449
BRDA:137,15,0,8
BRDA:137,15,1,445
BRDA:174,16,0,604
BRDA:174,16,1,604
BRDA:174,16,2,604
BRDA:175,17,0,0
BRDA:175,17,1,604
BRDA:182,18,0,604
BRDA:182,18,1,2
BRDA:202,19,0,11
BRDA:202,19,1,0
BRDA:203,20,0,11
BRDA:203,20,1,0
BRDA:203,21,0,11
BRDA:203,21,1,11
BRDA:203,21,2,11
BRDA:203,21,3,11
BRDA:206,22,0,0
BRDA:206,22,1,11
BRDA:208,23,0,3
BRDA:208,23,1,8
BRDA:212,24,0,0
BRDA:212,24,1,0
BRDA:220,25,0,1058
BRDA:220,25,1,537
BRDA:222,26,0,1058
BRDA:222,26,1,537
BRDA:223,27,0,1058
BRDA:223,27,1,1
BRDA:224,28,0,1595
BRDA:224,28,1,0
BRDA:233,29,0,0
BRDA:233,29,1,2040
BRDA:233,30,0,2040
BRDA:233,30,1,0
BRDA:241,31,0,0
BRDA:241,31,1,1057
BRDA:253,32,0,0
BRDA:253,32,1,1057
BRDA:265,33,0,636
BRDA:265,33,1,421
BRDA:265,34,0,1057
BRDA:265,34,1,1057
BRDA:322,35,0,636
BRDA:322,35,1,421
BRDA:326,36,0,7
BRDA:326,36,1,1050
BRDA:336,37,0,17
BRDA:336,37,1,17
BRDA:338,38,0,17
BRDA:338,38,1,0
BRDA:339,39,0,7
BRDA:339,39,1,10
BRDA:358,40,0,0
BRDA:358,40,1,7
BRDA:374,41,0,0
BRDA:374,41,1,1050
BRDA:378,42,0,13
BRDA:378,42,1,1037
BRDA:381,43,0,1029
BRDA:381,43,1,8
BRDA:382,44,0,1029
BRDA:382,44,1,441
BRDA:401,45,0,0
BRDA:401,45,1,1068
BRDA:403,46,0,0
BRDA:403,46,1,1068
BRDA:403,47,0,1068
BRDA:403,47,1,1068
BRDA:405,48,0,0
BRDA:405,48,1,1068
BRDA:408,49,0,0
BRDA:408,49,1,0
BRDA:410,50,0,0
BRDA:410,50,1,0
BRDA:415,51,0,0
BRDA:415,51,1,0
BRDA:426,52,0,636
BRDA:426,52,1,432
BRDA:427,53,0,636
BRDA:427,53,1,0
BRDA:432,54,0,7
BRDA:432,54,1,1061
BRDA:437,55,0,1061
BRDA:437,55,1,0
BRDA:447,56,0,8
BRDA:447,56,1,1029
BRDA:450,57,0,399
BRDA:450,57,1,630
BRDA:454,58,0,588
BRDA:454,58,1,42
BRDA:454,59,0,630
BRDA:454,59,1,596
BRDA:463,60,0,42
BRDA:463,60,1,0
BRDA:470,61,0,24
BRDA:470,61,1,0
BRDA:483,62,0,1037
BRDA:483,62,1,0
BRDA:484,63,0,1037
BRDA:484,63,1,0
BRDA:495,64,0,0
BRDA:495,64,1,13
BRDA:495,65,0,13
BRDA:495,65,1,13
BRDA:495,65,2,13
BRDA:496,66,0,0
BRDA:496,66,1,0
BRDA:500,67,0,13
BRDA:500,67,1,0
BRDA:501,68,0,0
BRDA:501,68,1,13
BRDA:501,69,0,13
BRDA:501,69,1,13
BRDA:502,70,0,0
BRDA:502,70,1,13
BRDA:514,71,0,0
BRDA:514,71,1,13
BRDA:516,72,0,0
BRDA:516,72,1,0
BRDA:518,73,0,0
BRDA:518,73,1,0
BRDA:530,74,0,0
BRDA:530,74,1,13
BRDA:530,75,0,13
BRDA:530,75,1,13
BRDA:530,75,2,0
BRDA:533,76,0,0
BRDA:533,76,1,0
BRDA:546,77,0,4
BRDA:546,77,1,9
BRDA:546,78,0,13
BRDA:546,78,1,13
BRDA:546,78,2,13
BRDA:546,78,3,13
BRDA:550,79,0,9
BRDA:550,79,1,0
BRDA:556,80,0,7
BRDA:556,80,1,7
BRDA:556,80,2,7
BRDA:562,81,0,0
BRDA:562,81,1,7
BRDA:566,82,0,24
BRDA:566,82,1,7
BRDA:567,83,0,24
BRDA:567,83,1,0
BRDA:570,84,0,4
BRDA:570,84,1,20
BRDA:570,85,0,24
BRDA:570,85,1,24
BRDA:572,86,0,0
BRDA:572,86,1,24
BRDA:591,87,0,413
BRDA:591,87,1,413
BRDA:591,87,2,413
BRDA:591,87,3,413
BRDA:597,88,0,635
BRDA:597,88,1,635
BRDA:597,88,2,635
BRDA:597,88,3,635
BRDA:602,89,0,1
BRDA:602,89,1,1
BRDA:602,89,2,1
BRDA:602,89,3,1
BRDA:608,90,0,8
BRDA:608,90,1,8
BRDA:608,90,2,8
BRDA:608,90,3,8
BRDA:615,91,0,0
BRDA:615,91,1,1540
BRDA:615,92,0,1540
BRDA:615,92,1,1540
BRDA:617,93,0,1536
BRDA:617,93,1,4
BRDA:621,94,0,1366
BRDA:621,94,1,174
BRDA:623,95,0,619
BRDA:623,95,1,921
BRDA:624,96,0,557
BRDA:624,96,1,62
BRDA:629,97,0,62
BRDA:629,97,1,0
BRDA:637,98,0,2
BRDA:637,98,1,919
BRDA:637,99,0,921
BRDA:637,99,1,280
BRDA:648,100,0,1052
BRDA:648,100,1,0
BRDA:648,101,0,1052
BRDA:648,101,1,1052
BRDA:657,102,0,1
BRDA:657,102,1,0
BRDA:678,103,0,0
BRDA:678,103,1,8
BRDA:684,104,0,1
BRDA:684,104,1,0
BRF:224
BRH:158
end_of_record
TN:
SF:/Users/philipp/code/neo4jmapper/src/helpers.js
FN:10,(anonymous_1)
FN:20,(anonymous_2)
FN:30,(anonymous_3)
FN:41,(anonymous_4)
FN:51,(anonymous_5)
FN:75,(anonymous_6)
FN:84,getkey
FN:89,(anonymous_8)
FN:117,(anonymous_9)
FN:126,(anonymous_10)
FN:148,(anonymous_11)
FN:170,(anonymous_12)
FN:204,(anonymous_13)
FN:207,(anonymous_14)
FN:220,(anonymous_15)
FN:228,(anonymous_16)
FN:232,(anonymous_17)
FNF:17
FNH:17
FNDA:3,(anonymous_1)
FNDA:1714,(anonymous_2)
FNDA:2,(anonymous_3)
FNDA:56,(anonymous_4)
FNDA:1123,(anonymous_5)
FNDA:2096,(anonymous_6)
FNDA:2898,getkey
FNDA:1237,(anonymous_8)
FNDA:80,(anonymous_9)
FNDA:589,(anonymous_10)
FNDA:59,(anonymous_11)
FNDA:110,(anonymous_12)
FNDA:22,(anonymous_13)
FNDA:24,(anonymous_14)
FNDA:1275,(anonymous_15)
FNDA:3185,(anonymous_16)
FNDA:5,(anonymous_17)
DA:2,1
DA:3,0
DA:5,1
DA:8,1
DA:10,1
DA:11,3
DA:12,1
DA:14,2
DA:20,1
DA:21,1714
DA:22,439
DA:24,1275
DA:30,1
DA:31,2
DA:32,1
DA:33,1
DA:35,2
DA:41,1
DA:42,56
DA:43,40
DA:44,16
DA:45,13
DA:47,3
DA:51,1
DA:52,1123
DA:53,1123
DA:54,1123
DA:55,1123
DA:56,1132
DA:57,0
DA:58,1132
DA:59,7
DA:60,1125
DA:61,92
DA:62,92
DA:63,100
DA:65,100
DA:68,1033
DA:71,1123
DA:75,1
DA:76,2096
DA:80,2096
DA:81,1237
DA:84,1
DA:85,2898
DA:86,2898
DA:89,859
DA:90,1237
DA:95,1237
DA:96,1237
DA:98,1237
DA:99,212
DA:100,200
DA:103,212
DA:104,212
DA:105,212
DA:106,212
DA:111,1237
DA:114,859
DA:117,1
DA:118,80
DA:119,1
DA:121,79
DA:122,4
DA:123,79
DA:126,1
DA:127,589
DA:128,263
DA:130,589
DA:132,589
DA:133,3
DA:134,3
DA:137,589
DA:138,318
DA:140,271
DA:141,271
DA:142,222
DA:144,49
DA:145,271
DA:148,1
DA:149,59
DA:150,42
DA:151,59
DA:152,19
DA:154,19
DA:156,40
DA:157,4
DA:158,36
DA:160,0
DA:161,36
DA:162,22
DA:164,14
DA:167,59
DA:170,1
DA:171,110
DA:172,110
DA:173,110
DA:174,4
DA:175,110
DA:176,67
DA:178,0
DA:179,67
DA:181,2
DA:183,65
DA:185,110
DA:186,110
DA:187,18
DA:188,18
DA:189,18
DA:193,92
DA:194,26
DA:197,66
DA:198,92
DA:201,110
DA:204,1
DA:205,22
DA:206,2
DA:207,22
DA:209,24
DA:210,20
DA:212,24
DA:214,7
DA:217,22
DA:220,1
DA:221,1275
DA:222,1275
DA:223,43
DA:225,1275
DA:228,1
DA:229,3185
DA:232,1
DA:233,5
DA:234,5
DA:235,5
DA:236,5
DA:237,5
DA:241,5
DA:242,12
DA:243,12
DA:245,5
DA:248,1
DA:267,1
DA:268,1
DA:270,0
LF:144
LH:139
BRDA:2,1,0,0
BRDA:2,1,1,1
BRDA:11,2,0,1
BRDA:11,2,1,2
BRDA:15,3,0,2
BRDA:15,3,1,0
BRDA:16,4,0,2
BRDA:16,4,1,1
BRDA:21,5,0,439
BRDA:21,5,1,1275
BRDA:25,6,0,1275
BRDA:25,6,1,1
BRDA:31,7,0,1
BRDA:31,7,1,1
BRDA:42,8,0,40
BRDA:42,8,1,16
BRDA:42,9,0,56
BRDA:42,9,1,40
BRDA:44,10,0,13
BRDA:44,10,1,3
BRDA:47,11,0,3
BRDA:47,11,1,3
BRDA:53,12,0,1123
BRDA:53,12,1,0
BRDA:56,13,0,0
BRDA:56,13,1,1132
BRDA:58,14,0,7
BRDA:58,14,1,1125
BRDA:58,15,0,1132
BRDA:58,15,1,1132
BRDA:60,16,0,92
BRDA:60,16,1,1033
BRDA:63,17,0,0
BRDA:63,17,1,100
BRDA:76,18,0,2096
BRDA:76,18,1,2096
BRDA:77,19,0,2096
BRDA:77,19,1,2096
BRDA:80,20,0,1237
BRDA:80,20,1,859
BRDA:86,21,0,2866
BRDA:86,21,1,32
BRDA:99,22,0,200
BRDA:99,22,1,12
BRDA:100,23,0,8
BRDA:100,23,1,192
BRDA:104,24,0,212
BRDA:104,24,1,0
BRDA:118,25,0,1
BRDA:118,25,1,79
BRDA:121,26,0,4
BRDA:121,26,1,75
BRDA:121,27,0,79
BRDA:121,27,1,77
BRDA:127,28,0,263
BRDA:127,28,1,326
BRDA:130,29,0,589
BRDA:130,29,1,586
BRDA:132,30,0,3
BRDA:132,30,1,586
BRDA:132,31,0,589
BRDA:132,31,1,3
BRDA:137,32,0,318
BRDA:137,32,1,271
BRDA:141,33,0,222
BRDA:141,33,1,49
BRDA:149,34,0,42
BRDA:149,34,1,17
BRDA:151,35,0,19
BRDA:151,35,1,40
BRDA:151,36,0,59
BRDA:151,36,1,52
BRDA:152,37,0,15
BRDA:152,37,1,4
BRDA:156,38,0,4
BRDA:156,38,1,36
BRDA:156,39,0,40
BRDA:156,39,1,39
BRDA:158,40,0,0
BRDA:158,40,1,36
BRDA:161,41,0,22
BRDA:161,41,1,14
BRDA:161,42,0,36
BRDA:161,42,1,31
BRDA:173,43,0,4
BRDA:173,43,1,106
BRDA:175,44,0,67
BRDA:175,44,1,43
BRDA:176,45,0,0
BRDA:176,45,1,67
BRDA:179,46,0,2
BRDA:179,46,1,65
BRDA:186,47,0,18
BRDA:186,47,1,92
BRDA:188,48,0,8
BRDA:188,48,1,10
BRDA:188,49,0,18
BRDA:188,49,1,18
BRDA:188,50,0,8
BRDA:188,50,1,0
BRDA:193,51,0,26
BRDA:193,51,1,66
BRDA:193,52,0,92
BRDA:193,52,1,70
BRDA:194,53,0,18
BRDA:194,53,1,8
BRDA:194,54,0,26
BRDA:194,54,1,25
BRDA:194,55,0,18
BRDA:194,55,1,0
BRDA:197,56,0,36
BRDA:197,56,1,30
BRDA:197,57,0,66
BRDA:197,57,1,63
BRDA:197,58,0,29
BRDA:197,58,1,7
BRDA:205,59,0,2
BRDA:205,59,1,20
BRDA:209,60,0,20
BRDA:209,60,1,4
BRDA:212,61,0,7
BRDA:212,61,1,17
BRDA:212,62,0,24
BRDA:212,62,1,19
BRDA:222,63,0,43
BRDA:222,63,1,1232
BRDA:229,64,0,3185
BRDA:229,64,1,3184
BRDA:229,64,2,3183
BRDA:235,65,0,5
BRDA:235,65,1,0
BRDA:261,66,0,0
BRDA:261,66,1,1
BRDA:267,67,0,1
BRDA:267,67,1,0
BRF:135
BRH:122
end_of_record
TN:
SF:/Users/philipp/code/neo4jmapper/src/lib/md5.js
FN:2,(anonymous_1)
FN:4,RotateLeft
FN:8,AddUnsigned
FN:29,F
FN:30,G
FN:31,H
FN:32,I
FN:34,FF
FN:39,GG
FN:44,HH
FN:49,II
FN:54,ConvertToWordArray
FN:77,WordToHex
FN:87,Utf8Encode
FNF:14
FNH:14
FNDA:3099,(anonymous_1)
FNDA:656640,RotateLeft
FNDA:2667600,AddUnsigned
FNDA:164160,F
FNDA:164160,G
FNDA:164160,H
FNDA:164160,I
FNDA:164160,FF
FNDA:164160,GG
FNDA:164160,HH
FNDA:164160,II
FNDA:3099,ConvertToWordArray
FNDA:12396,WordToHex
FNDA:3099,Utf8Encode
DA:2,1
DA:4,1
DA:5,656640
DA:8,1
DA:9,2667600
DA:10,2667600
DA:11,2667600
DA:12,2667600
DA:13,2667600
DA:14,2667600
DA:15,2667600
DA:16,701348
DA:18,1966252
DA:19,1341727
DA:20,695293
DA:22,646434
DA:25,624525
DA:29,164160
DA:30,164160
DA:31,164160
DA:32,164160
DA:34,1
DA:35,164160
DA:36,164160
DA:39,1
DA:40,164160
DA:41,164160
DA:44,1
DA:45,164160
DA:46,164160
DA:49,1
DA:50,164160
DA:51,164160
DA:54,1
DA:55,3099
DA:56,3099
DA:57,3099
DA:58,3099
DA:59,3099
DA:60,3099
DA:61,3099
DA:62,3099
DA:63,3099
DA:64,528765
DA:65,528765
DA:66,528765
DA:67,528765
DA:69,3099
DA:70,3099
DA:71,3099
DA:72,3099
DA:73,3099
DA:74,3099
DA:77,1
DA:78,12396
DA:79,12396
DA:80,49584
DA:81,49584
DA:82,49584
DA:84,12396
DA:87,1
DA:88,3099
DA:89,3099
DA:91,3099
DA:93,528764
DA:95,528764
DA:96,528763
DA:98,1
DA:99,1
DA:100,1
DA:103,0
DA:104,0
DA:105,0
DA:110,3099
DA:113,3099
DA:114,3099
DA:115,3099
DA:116,3099
DA:117,3099
DA:118,3099
DA:120,3099
DA:122,3099
DA:124,3099
DA:126,3099
DA:127,10260
DA:128,10260
DA:129,10260
DA:130,10260
DA:131,10260
DA:132,10260
DA:133,10260
DA:134,10260
DA:135,10260
DA:136,10260
DA:137,10260
DA:138,10260
DA:139,10260
DA:140,10260
DA:141,10260
DA:142,10260
DA:143,10260
DA:144,10260
DA:145,10260
DA:146,10260
DA:147,10260
DA:148,10260
DA:149,10260
DA:150,10260
DA:151,10260
DA:152,10260
DA:153,10260
DA:154,10260
DA:155,10260
DA:156,10260
DA:157,10260
DA:158,10260
DA:159,10260
DA:160,10260
DA:161,10260
DA:162,10260
DA:163,10260
DA:164,10260
DA:165,10260
DA:166,10260
DA:167,10260
DA:168,10260
DA:169,10260
DA:170,10260
DA:171,10260
DA:172,10260
DA:173,10260
DA:174,10260
DA:175,10260
DA:176,10260
DA:177,10260
DA:178,10260
DA:179,10260
DA:180,10260
DA:181,10260
DA:182,10260
DA:183,10260
DA:184,10260
DA:185,10260
DA:186,10260
DA:187,10260
DA:188,10260
DA:189,10260
DA:190,10260
DA:191,10260
DA:192,10260
DA:193,10260
DA:194,10260
DA:195,10260
DA:198,3099
DA:200,3099
DA:203,1
DA:204,0
DA:206,1
LF:158
LH:154
BRDA:15,1,0,701348
BRDA:15,1,1,1966252
BRDA:18,2,0,1341727
BRDA:18,2,1,624525
BRDA:19,3,0,695293
BRDA:19,3,1,646434
BRDA:95,4,0,528763
BRDA:95,4,1,1
BRDA:98,5,0,1
BRDA:98,5,1,0
BRDA:98,6,0,1
BRDA:98,6,1,1
BRDA:203,7,0,0
BRDA:203,7,1,1
BRF:14
BRH:12
end_of_record
TN:
SF:/Users/philipp/code/neo4jmapper/src/lib/sequence.js
FN:2,(anonymous_1)
FN:4,isSequence
FN:8,Sequence
FN:20,next
FN:36,then
FN:59,createSequence
FNF:6
FNH:1
FNDA:1,(anonymous_1)
FNDA:0,isSequence
FNDA:0,Sequence
FNDA:0,next
FNDA:0,then
FNDA:0,createSequence
DA:2,1
DA:4,1
DA:5,0
DA:8,1
DA:9,0
DA:14,0
DA:15,0
DA:18,0
DA:20,1
DA:21,0
DA:24,0
DA:26,0
DA:28,0
DA:29,0
DA:32,0
DA:33,0
DA:36,1
DA:37,0
DA:38,0
DA:40,0
DA:47,0
DA:48,0
DA:49,0
DA:52,0
DA:55,0
DA:56,0
DA:59,1
DA:61,0
DA:63,1
DA:64,1
DA:66,1
DA:67,0
DA:69,1
LF:33
LH:10
BRDA:14,1,0,0
BRDA:14,1,1,0
BRDA:18,2,0,0
BRDA:18,2,1,0
BRDA:26,3,0,0
BRDA:26,3,1,0
BRDA:37,4,0,0
BRDA:37,4,1,0
BRDA:42,5,0,0
BRDA:42,5,1,0
BRDA:42,6,0,0
BRDA:42,6,1,0
BRDA:47,7,0,0
BRDA:47,7,1,0
BRDA:66,8,0,0
BRDA:66,8,1,1
BRF:16
BRH:1
end_of_record
TN:
SF:/Users/philipp/code/neo4jmapper/src/graph.js
FN:36,(anonymous_1)
FN:63,Graph
FN:101,(anonymous_3)
FN:140,(anonymous_4)
FN:165,(anonymous_5)
FN:166,(anonymous_6)
FN:191,(anonymous_7)
FN:203,(anonymous_8)
FN:221,(anonymous_9)
FN:234,(anonymous_10)
FN:260,(anonymous_11)
FN:281,(anonymous_12)
FN:377,(anonymous_13)
FN:403,(anonymous_14)
FN:452,(anonymous_15)
FN:465,(anonymous_16)
FN:473,(anonymous_17)
FN:482,(anonymous_18)
FN:490,(anonymous_19)
FN:500,(anonymous_20)
FN:511,(anonymous_21)
FN:526,(anonymous_22)
FN:535,(anonymous_23)
FN:543,(anonymous_24)
FN:551,(anonymous_25)
FN:559,(anonymous_26)
FN:564,(anonymous_27)
FN:576,(anonymous_28)
FN:593,(anonymous_29)
FN:611,(anonymous_30)
FN:618,(anonymous_31)
FN:647,(anonymous_32)
FN:657,(anonymous_33)
FN:667,(anonymous_34)
FN:678,(anonymous_35)
FN:692,(anonymous_36)
FN:707,(anonymous_37)
FN:719,(anonymous_38)
FN:734,(anonymous_39)
FN:769,(anonymous_40)
FN:788,(anonymous_41)
FN:799,(anonymous_42)
FN:837,(anonymous_43)
FN:845,(anonymous_44)
FN:853,(anonymous_45)
FN:863,(anonymous_46)
FN:874,(anonymous_47)
FN:885,(anonymous_48)
FN:913,(anonymous_49)
FN:938,(anonymous_50)
FN:944,(anonymous_51)
FN:963,(anonymous_52)
FN:973,(anonymous_53)
FN:984,(anonymous_54)
FN:995,(anonymous_55)
FN:1006,(anonymous_56)
FN:1017,(anonymous_57)
FN:1028,(anonymous_58)
FN:1037,(anonymous_59)
FN:1046,(anonymous_60)
FN:1053,(anonymous_61)
FN:1069,(anonymous_62)
FN:1079,(anonymous_63)
FN:1094,(anonymous_64)
FN:1104,(anonymous_65)
FN:1111,(anonymous_66)
FN:1118,(anonymous_67)
FN:1127,(anonymous_68)
FN:1136,(anonymous_69)
FN:1144,(anonymous_70)
FN:1163,(anonymous_71)
FN:1186,(anonymous_72)
FN:1204,(anonymous_73)
FN:1215,(anonymous_74)
FN:1232,(anonymous_75)
FN:1239,(anonymous_76)
FN:1246,(anonymous_77)
FN:1253,(anonymous_78)
FN:1260,(anonymous_79)
FN:1267,(anonymous_80)
FN:1274,(anonymous_81)
FN:1281,(anonymous_82)
FN:1288,(anonymous_83)
FN:1295,(anonymous_84)
FN:1302,(anonymous_85)
FN:1309,(anonymous_86)
FN:1316,(anonymous_87)
FN:1323,(anonymous_88)
FN:1330,(anonymous_89)
FN:1337,(anonymous_90)
FN:1344,(anonymous_91)
FN:1351,(anonymous_92)
FN:1358,(anonymous_93)
FN:1365,(anonymous_94)
FN:1372,(anonymous_95)
FN:1381,(anonymous_96)
FN:1390,(anonymous_97)
FNF:97
FNH:71
FNDA:8,(anonymous_1)
FNDA:1081,Graph
FNDA:2840,(anonymous_3)
FNDA:595,(anonymous_4)
FNDA:595,(anonymous_5)
FNDA:595,(anonymous_6)
FNDA:1475,(anonymous_7)
FNDA:1475,(anonymous_8)
FNDA:317,(anonymous_9)
FNDA:567,(anonymous_10)
FNDA:595,(anonymous_11)
FNDA:1124,(anonymous_12)
FNDA:7,(anonymous_13)
FNDA:31,(anonymous_14)
FNDA:173,(anonymous_15)
FNDA:610,(anonymous_16)
FNDA:76,(anonymous_17)
FNDA:2,(anonymous_18)
FNDA:0,(anonymous_19)
FNDA:15,(anonymous_20)
FNDA:15,(anonymous_21)
FNDA:9,(anonymous_22)
FNDA:4,(anonymous_23)
FNDA:4,(anonymous_24)
FNDA:2,(anonymous_25)
FNDA:2,(anonymous_26)
FNDA:2,(anonymous_27)
FNDA:2148,(anonymous_28)
FNDA:1067,(anonymous_29)
FNDA:137,(anonymous_30)
FNDA:6,(anonymous_31)
FNDA:2,(anonymous_32)
FNDA:5,(anonymous_33)
FNDA:6,(anonymous_34)
FNDA:8,(anonymous_35)
FNDA:282,(anonymous_36)
FNDA:2,(anonymous_37)
FNDA:24,(anonymous_38)
FNDA:15,(anonymous_39)
FNDA:10,(anonymous_40)
FNDA:240,(anonymous_41)
FNDA:93,(anonymous_42)
FNDA:2,(anonymous_43)
FNDA:2,(anonymous_44)
FNDA:0,(anonymous_45)
FNDA:2,(anonymous_46)
FNDA:0,(anonymous_47)
FNDA:11,(anonymous_48)
FNDA:93,(anonymous_49)
FNDA:688,(anonymous_50)
FNDA:0,(anonymous_51)
FNDA:0,(anonymous_52)
FNDA:2,(anonymous_53)
FNDA:2,(anonymous_54)
FNDA:2,(anonymous_55)
FNDA:0,(anonymous_56)
FNDA:0,(anonymous_57)
FNDA:4,(anonymous_58)
FNDA:739,(anonymous_59)
FNDA:0,(anonymous_60)
FNDA:271,(anonymous_61)
FNDA:1067,(anonymous_62)
FNDA:23,(anonymous_63)
FNDA:1088,(anonymous_64)
FNDA:0,(anonymous_65)
FNDA:1,(anonymous_66)
FNDA:1066,(anonymous_67)
FNDA:21,(anonymous_68)
FNDA:0,(anonymous_69)
FNDA:29,(anonymous_70)
FNDA:378,(anonymous_71)
FNDA:244,(anonymous_72)
FNDA:243,(anonymous_73)
FNDA:237,(anonymous_74)
FNDA:17,(anonymous_75)
FNDA:2,(anonymous_76)
FNDA:0,(anonymous_77)
FNDA:0,(anonymous_78)
FNDA:0,(anonymous_79)
FNDA:0,(anonymous_80)
FNDA:0,(anonymous_81)
FNDA:0,(anonymous_82)
FNDA:0,(anonymous_83)
FNDA:1066,(anonymous_84)
FNDA:1,(anonymous_85)
FNDA:0,(anonymous_86)
FNDA:0,(anonymous_87)
FNDA:0,(anonymous_88)
FNDA:3,(anonymous_89)
FNDA:0,(anonymous_90)
FNDA:0,(anonymous_91)
FNDA:20,(anonymous_92)
FNDA:0,(anonymous_93)
FNDA:0,(anonymous_94)
FNDA:0,(anonymous_95)
FNDA:429,(anonymous_96)
FNDA:0,(anonymous_97)
DA:36,1
DA:42,8
DA:43,0
DA:44,0
DA:45,0
DA:46,0
DA:48,8
DA:49,8
DA:50,8
DA:51,8
DA:55,8
DA:56,0
DA:63,8
DA:64,1081
DA:65,0
DA:67,1081
DA:68,1081
DA:71,8
DA:72,8
DA:74,8
DA:75,8
DA:76,8
DA:77,8
DA:78,8
DA:80,8
DA:82,8
DA:83,8
DA:101,8
DA:102,2840
DA:103,246
DA:104,246
DA:105,246
DA:106,2594
DA:107,18
DA:108,18
DA:109,18
DA:110,18
DA:113,2840
DA:115,42
DA:116,42
DA:118,2840
DA:119,60
DA:121,2840
DA:123,264
DA:125,2840
DA:140,8
DA:141,595
DA:142,595
DA:143,264
DA:145,595
DA:146,139
DA:147,139
DA:148,139
DA:150,595
DA:151,0
DA:154,595
DA:155,0
DA:156,595
DA:157,0
DA:160,595
DA:161,595
DA:164,595
DA:165,595
DA:166,595
DA:169,595
DA:170,163
DA:171,17
DA:174,595
DA:179,0
DA:182,595
DA:191,8
DA:192,1475
DA:193,1475
DA:194,1475
DA:203,8
DA:204,1475
DA:205,1475
DA:206,317
DA:207,1475
DA:208,2049
DA:209,617
DA:211,1475
DA:221,8
DA:222,317
DA:223,317
DA:224,317
DA:225,317
DA:234,8
DA:235,567
DA:236,567
DA:237,567
DA:238,567
DA:240,154
DA:241,151
DA:242,151
DA:244,154
DA:246,567
DA:260,8
DA:261,595
DA:262,595
DA:263,595
DA:264,595
DA:265,9
DA:266,586
DA:267,586
DA:268,586
DA:269,586
DA:270,586
DA:274,586
DA:276,0
DA:281,586
DA:282,1124
DA:284,586
DA:286,35
DA:293,551
DA:294,532
DA:296,532
DA:297,530
DA:298,547
DA:301,532
DA:303,233
DA:305,532
DA:307,19
DA:310,538
DA:316,586
DA:317,0
DA:322,586
DA:323,586
DA:325,586
DA:327,586
DA:328,587
DA:329,593
DA:331,593
DA:332,562
DA:334,593
DA:336,593
DA:337,589
DA:339,483
DA:341,150
DA:342,150
DA:343,150
DA:345,483
DA:346,483
DA:348,106
DA:349,54
DA:350,54
DA:352,52
DA:353,1
DA:354,1
DA:357,589
DA:363,586
DA:364,586
DA:366,586
DA:377,8
DA:378,7
DA:379,7
DA:381,7
DA:382,3
DA:383,3
DA:384,4
DA:385,2
DA:386,2
DA:388,7
DA:389,3
DA:391,7
DA:392,2
DA:394,7
DA:395,5
DA:398,7
DA:399,7
DA:400,7
DA:401,7
DA:402,7
DA:403,7
DA:405,31
DA:406,31
DA:407,5
DA:408,5
DA:410,2
DA:413,31
DA:414,24
DA:415,20
DA:416,20
DA:417,10
DA:418,10
DA:419,10
DA:420,10
DA:422,20
DA:423,20
DA:424,10
DA:425,10
DA:431,31
DA:432,31
DA:433,14
DA:436,31
DA:437,31
DA:439,7
DA:446,8
DA:452,8
DA:453,173
DA:454,0
DA:455,173
DA:456,0
DA:457,173
DA:458,173
DA:465,8
DA:466,610
DA:473,8
DA:474,76
DA:475,76
DA:482,8
DA:483,2
DA:490,8
DA:491,0
DA:492,0
DA:500,8
DA:501,15
DA:502,15
DA:503,4
DA:504,11
DA:505,9
DA:506,2
DA:508,0
DA:510,2
DA:511,15
DA:512,15
DA:513,15
DA:514,15
DA:515,2
DA:516,15
DA:518,0
DA:526,8
DA:527,9
DA:535,8
DA:536,4
DA:543,8
DA:544,4
DA:551,8
DA:552,2
DA:559,8
DA:560,2
DA:561,2
DA:562,0
DA:564,2
DA:565,2
DA:566,2
DA:568,2
DA:569,2
DA:576,8
DA:577,2148
DA:578,2148
DA:579,2148
DA:580,2148
DA:593,8
DA:594,1067
DA:595,1067
DA:596,0
DA:597,0
DA:599,1067
DA:600,519
DA:601,1067
DA:611,8
DA:612,137
DA:613,137
DA:614,130
DA:615,137
DA:616,137
DA:617,4
DA:618,2
DA:619,6
DA:620,2
DA:622,4
DA:626,2
DA:629,133
DA:632,137
DA:633,130
DA:634,7
DA:635,2
DA:636,5
DA:637,5
DA:638,137
DA:647,8
DA:648,2
DA:657,8
DA:658,5
DA:667,8
DA:668,6
DA:669,6
DA:678,8
DA:679,8
DA:680,8
DA:681,0
DA:682,8
DA:683,8
DA:692,8
DA:693,282
DA:694,282
DA:695,0
DA:696,282
DA:697,282
DA:698,282
DA:707,8
DA:709,2
DA:710,2
DA:719,8
DA:720,24
DA:721,1
DA:723,23
DA:725,24
DA:734,8
DA:735,15
DA:736,15
DA:737,15
DA:738,13
DA:739,2
DA:740,2
DA:741,2
DA:742,1
DA:744,1
DA:745,3
DA:746,3
DA:750,13
DA:752,2
DA:754,15
DA:755,15
DA:769,8
DA:770,10
DA:771,10
DA:772,10
DA:773,9
DA:775,1
DA:777,10
DA:778,10
DA:788,8
DA:789,240
DA:790,240
DA:791,240
DA:792,236
DA:793,240
DA:796,240
DA:797,233
DA:798,233
DA:799,31
DA:800,93
DA:801,31
DA:803,62
DA:808,202
DA:810,202
DA:812,202
DA:814,287
DA:815,2
DA:818,202
DA:820,202
DA:822,233
DA:824,7
DA:826,240
DA:828,240
DA:829,240
DA:830,240
DA:837,8
DA:838,2
DA:845,8
DA:846,2
DA:853,8
DA:854,0
DA:863,8
DA:864,2
DA:865,2
DA:874,8
DA:875,0
DA:876,0
DA:885,8
DA:886,11
DA:888,11
DA:889,2
DA:890,2
DA:891,2
DA:892,2
DA:893,2
DA:894,2
DA:895,9
DA:896,9
DA:898,11
DA:899,11
DA:913,8
DA:914,93
DA:915,83
DA:916,83
DA:918,10
DA:919,0
DA:920,10
DA:921,10
DA:922,10
DA:923,10
DA:924,10
DA:926,10
DA:927,10
DA:928,8
DA:929,10
DA:938,8
DA:939,688
DA:940,688
DA:941,688
DA:942,0
DA:943,688
DA:944,0
DA:945,0
DA:948,688
DA:949,0
DA:950,688
DA:951,0
DA:953,688
DA:954,688
DA:963,8
DA:964,0
DA:973,8
DA:974,2
DA:975,2
DA:984,8
DA:985,2
DA:986,2
DA:995,8
DA:996,2
DA:997,2
DA:1006,8
DA:1007,0
DA:1008,0
DA:1017,8
DA:1018,0
DA:1019,0
DA:1028,8
DA:1029,4
DA:1030,4
DA:1037,8
DA:1038,739
DA:1039,739
DA:1046,8
DA:1047,0
DA:1053,8
DA:1054,271
DA:1069,8
DA:1070,1067
DA:1071,1066
DA:1072,1067
DA:1073,1067
DA:1079,8
DA:1080,23
DA:1081,23
DA:1094,8
DA:1095,1088
DA:1096,0
DA:1097,1088
DA:1098,1088
DA:1104,8
DA:1105,0
DA:1111,8
DA:1112,1
DA:1118,8
DA:1119,1066
DA:1120,1066
DA:1121,1066
DA:1127,8
DA:1128,21
DA:1129,21
DA:1130,21
DA:1136,8
DA:1144,8
DA:1145,29
DA:1146,29
DA:1147,28
DA:1148,29
DA:1149,45
DA:1152,0
DA:1154,29
DA:1163,8
DA:1164,378
DA:1165,232
DA:1166,378
DA:1167,0
DA:1170,378
DA:1172,378
DA:1174,378
DA:1176,0
DA:1186,8
DA:1187,244
DA:1188,244
DA:1189,244
DA:1190,244
DA:1191,0
DA:1192,244
DA:1193,326
DA:1195,244
DA:1204,8
DA:1205,243
DA:1215,8
DA:1216,237
DA:1217,237
DA:1218,234
DA:1220,3
DA:1221,237
DA:1232,8
DA:1233,17
DA:1239,8
DA:1240,2
DA:1246,8
DA:1247,0
DA:1253,8
DA:1254,0
DA:1260,8
DA:1261,0
DA:1267,8
DA:1268,0
DA:1274,8
DA:1275,0
DA:1281,8
DA:1282,0
DA:1288,8
DA:1289,0
DA:1295,8
DA:1296,1066
DA:1302,8
DA:1303,1
DA:1309,8
DA:1310,0
DA:1316,8
DA:1317,0
DA:1323,8
DA:1324,0
DA:1330,8
DA:1331,3
DA:1337,8
DA:1338,0
DA:1344,8
DA:1345,0
DA:1351,8
DA:1352,20
DA:1358,8
DA:1359,0
DA:1365,8
DA:1366,0
DA:1372,8
DA:1373,0
DA:1381,8
DA:1383,429
DA:1390,8
DA:1391,0
DA:1394,8
DA:1397,1
DA:1398,1
DA:1402,0
LF:550
LH:489
BRDA:42,1,0,0
BRDA:42,1,1,8
BRDA:55,2,0,0
BRDA:55,2,1,8
BRDA:55,3,0,8
BRDA:55,3,1,8
BRDA:64,4,0,0
BRDA:64,4,1,1081
BRDA:102,5,0,246
BRDA:102,5,1,2594
BRDA:106,6,0,18
BRDA:106,6,1,2576
BRDA:108,7,0,18
BRDA:108,7,1,0
BRDA:113,8,0,42
BRDA:113,8,1,2798
BRDA:118,9,0,60
BRDA:118,9,1,2780
BRDA:118,10,0,2840
BRDA:118,10,1,60
BRDA:121,11,0,264
BRDA:121,11,1,2576
BRDA:142,12,0,264
BRDA:142,12,1,331
BRDA:145,13,0,139
BRDA:145,13,1,456
BRDA:150,14,0,0
BRDA:150,14,1,595
BRDA:150,15,0,595
BRDA:150,15,1,0
BRDA:154,16,0,0
BRDA:154,16,1,595
BRDA:156,17,0,0
BRDA:156,17,1,595
BRDA:160,18,0,595
BRDA:160,18,1,0
BRDA:164,19,0,595
BRDA:164,19,1,0
BRDA:169,20,0,163
BRDA:169,20,1,432
BRDA:169,21,0,595
BRDA:169,21,1,551
BRDA:169,21,2,290
BRDA:170,22,0,17
BRDA:170,22,1,146
BRDA:170,23,0,163
BRDA:170,23,1,162
BRDA:170,23,2,160
BRDA:194,24,0,617
BRDA:194,24,1,858
BRDA:205,25,0,317
BRDA:205,25,1,1158
BRDA:208,26,0,617
BRDA:208,26,1,1432
BRDA:222,27,0,317
BRDA:222,27,1,0
BRDA:238,28,0,154
BRDA:238,28,1,413
BRDA:264,29,0,9
BRDA:264,29,1,586
BRDA:274,30,0,0
BRDA:274,30,1,586
BRDA:282,31,0,586
BRDA:282,31,1,538
BRDA:282,32,0,1124
BRDA:282,32,1,586
BRDA:284,33,0,35
BRDA:284,33,1,551
BRDA:293,34,0,532
BRDA:293,34,1,19
BRDA:296,35,0,530
BRDA:296,35,1,2
BRDA:301,36,0,233
BRDA:301,36,1,299
BRDA:301,37,0,532
BRDA:301,37,1,233
BRDA:303,38,0,233
BRDA:303,38,1,0
BRDA:316,39,0,0
BRDA:316,39,1,586
BRDA:316,40,0,586
BRDA:316,40,1,0
BRDA:323,41,0,567
BRDA:323,41,1,19
BRDA:331,42,0,562
BRDA:331,42,1,31
BRDA:331,43,0,593
BRDA:331,43,1,562
BRDA:336,44,0,589
BRDA:336,44,1,4
BRDA:337,45,0,483
BRDA:337,45,1,106
BRDA:337,46,0,589
BRDA:337,46,1,506
BRDA:339,47,0,150
BRDA:339,47,1,333
BRDA:348,48,0,54
BRDA:348,48,1,52
BRDA:348,49,0,106
BRDA:348,49,1,55
BRDA:352,50,0,1
BRDA:352,50,1,51
BRDA:352,51,0,52
BRDA:352,51,1,1
BRDA:381,52,0,3
BRDA:381,52,1,4
BRDA:384,53,0,2
BRDA:384,53,1,2
BRDA:388,54,0,3
BRDA:388,54,1,4
BRDA:391,55,0,2
BRDA:391,55,1,5
BRDA:394,56,0,5
BRDA:394,56,1,2
BRDA:398,57,0,7
BRDA:398,57,1,0
BRDA:398,58,0,7
BRDA:398,58,1,5
BRDA:399,59,0,7
BRDA:399,59,1,0
BRDA:406,60,0,5
BRDA:406,60,1,26
BRDA:406,61,0,31
BRDA:406,61,1,18
BRDA:408,62,0,2
BRDA:408,62,1,3
BRDA:413,63,0,24
BRDA:413,63,1,7
BRDA:413,64,0,31
BRDA:413,64,1,24
BRDA:414,65,0,20
BRDA:414,65,1,4
BRDA:416,66,0,10
BRDA:416,66,1,10
BRDA:416,67,0,20
BRDA:416,67,1,10
BRDA:419,68,0,10
BRDA:419,68,1,0
BRDA:423,69,0,10
BRDA:423,69,1,10
BRDA:423,70,0,20
BRDA:423,70,1,20
BRDA:432,71,0,14
BRDA:432,71,1,17
BRDA:432,72,0,31
BRDA:432,72,1,24
BRDA:453,73,0,0
BRDA:453,73,1,173
BRDA:453,74,0,173
BRDA:453,74,1,173
BRDA:455,75,0,0
BRDA:455,75,1,173
BRDA:466,76,0,610
BRDA:466,76,1,169
BRDA:502,77,0,4
BRDA:502,77,1,11
BRDA:504,78,0,9
BRDA:504,78,1,2
BRDA:506,79,0,0
BRDA:506,79,1,2
BRDA:512,80,0,15
BRDA:512,80,1,0
BRDA:512,81,0,15
BRDA:512,81,1,15
BRDA:514,82,0,2
BRDA:514,82,1,13
BRDA:561,83,0,0
BRDA:561,83,1,2
BRDA:565,84,0,2
BRDA:565,84,1,0
BRDA:568,85,0,2
BRDA:568,85,1,0
BRDA:595,86,0,0
BRDA:595,86,1,1067
BRDA:599,87,0,519
BRDA:599,87,1,548
BRDA:613,88,0,130
BRDA:613,88,1,7
BRDA:616,89,0,4
BRDA:616,89,1,133
BRDA:617,90,0,2
BRDA:617,90,1,2
BRDA:619,91,0,2
BRDA:619,91,1,4
BRDA:632,92,0,130
BRDA:632,92,1,7
BRDA:634,93,0,2
BRDA:634,93,1,5
BRDA:636,94,0,5
BRDA:636,94,1,0
BRDA:680,95,0,0
BRDA:680,95,1,8
BRDA:694,96,0,0
BRDA:694,96,1,282
BRDA:720,97,0,1
BRDA:720,97,1,23
BRDA:720,98,0,24
BRDA:720,98,1,1
BRDA:737,99,0,13
BRDA:737,99,1,2
BRDA:737,100,0,15
BRDA:737,100,1,13
BRDA:738,101,0,2
BRDA:738,101,1,11
BRDA:741,102,0,1
BRDA:741,102,1,1
BRDA:772,103,0,9
BRDA:772,103,1,1
BRDA:791,104,0,236
BRDA:791,104,1,4
BRDA:796,105,0,233
BRDA:796,105,1,7
BRDA:798,106,0,31
BRDA:798,106,1,202
BRDA:800,107,0,31
BRDA:800,107,1,62
BRDA:814,108,0,2
BRDA:814,108,1,285
BRDA:814,109,0,287
BRDA:814,109,1,286
BRDA:888,110,0,2
BRDA:888,110,1,9
BRDA:893,111,0,2
BRDA:893,111,1,0
BRDA:893,112,0,2
BRDA:893,112,1,2
BRDA:895,113,0,9
BRDA:895,113,1,0
BRDA:914,114,0,83
BRDA:914,114,1,10
BRDA:918,115,0,0
BRDA:918,115,1,10
BRDA:920,116,0,10
BRDA:920,116,1,0
BRDA:922,117,0,10
BRDA:922,117,1,9
BRDA:927,118,0,8
BRDA:927,118,1,2
BRDA:940,119,0,688
BRDA:940,119,1,0
BRDA:941,120,0,0
BRDA:941,120,1,688
BRDA:943,121,0,0
BRDA:943,121,1,688
BRDA:943,122,0,688
BRDA:943,122,1,0
BRDA:948,123,0,0
BRDA:948,123,1,688
BRDA:950,124,0,0
BRDA:950,124,1,688
BRDA:1070,125,0,1066
BRDA:1070,125,1,1
BRDA:1095,126,0,0
BRDA:1095,126,1,1088
BRDA:1145,127,0,29
BRDA:1145,127,1,0
BRDA:1145,128,0,29
BRDA:1145,128,1,29
BRDA:1145,128,2,29
BRDA:1146,129,0,28
BRDA:1146,129,1,1
BRDA:1164,130,0,232
BRDA:1164,130,1,146
BRDA:1166,131,0,0
BRDA:1166,131,1,378
BRDA:1166,132,0,378
BRDA:1166,132,1,2
BRDA:1172,133,0,0
BRDA:1172,133,1,378
BRDA:1190,134,0,0
BRDA:1190,134,1,244
BRDA:1217,135,0,234
BRDA:1217,135,1,3
BRDA:1397,136,0,1
BRDA:1397,136,1,0
BRF:275
BRH:230
end_of_record
TN:
SF:/Users/philipp/code/neo4jmapper/src/cypherquery.js
FN:10,CypherQuery
FN:21,(anonymous_2)
FN:77,(anonymous_3)
FN:81,(anonymous_4)
FN:90,(anonymous_5)
FN:103,(anonymous_6)
FNF:6
FNH:6
FNDA:4914,CypherQuery
FNDA:522,(anonymous_2)
FNDA:1008,(anonymous_3)
FNDA:521,(anonymous_4)
FNDA:4,(anonymous_5)
FNDA:397,(anonymous_6)
DA:2,1
DA:3,0
DA:4,0
DA:6,1
DA:7,1
DA:10,1
DA:11,4914
DA:12,4914
DA:13,0
DA:14,4914
DA:15,0
DA:16,4914
DA:17,0
DA:18,4914
DA:21,1
DA:22,522
DA:23,522
DA:24,522
DA:27,522
DA:28,522
DA:29,522
DA:31,0
DA:32,522
DA:33,1518
DA:34,1518
DA:36,18
DA:37,18
DA:39,1500
DA:40,1500
DA:41,0
DA:42,0
DA:43,0
DA:45,1500
DA:49,1500
DA:50,1500
DA:52,0
DA:54,1500
DA:55,1500
DA:57,1226
DA:59,1226
DA:61,274
DA:63,1500
DA:66,522
DA:68,522
DA:71,1
DA:72,1
DA:73,1
DA:74,1
DA:75,1
DA:77,1
DA:78,1008
DA:81,1
DA:82,521
DA:83,521
DA:84,0
DA:85,521
DA:86,521
DA:87,521
DA:90,1
DA:91,4
DA:92,4
DA:94,2
DA:95,2
DA:97,2
DA:100,4
DA:103,1
DA:104,397
DA:105,0
DA:106,397
DA:107,0
DA:109,397
DA:110,227
DA:111,397
DA:113,427
DA:115,397
DA:118,1
DA:120,1
DA:121,0
DA:123,1
LF:79
LH:65
BRDA:2,1,0,0
BRDA:2,1,1,1
BRDA:12,2,0,0
BRDA:12,2,1,4914
BRDA:14,3,0,0
BRDA:14,3,1,4914
BRDA:16,4,0,0
BRDA:16,4,1,4914
BRDA:27,5,0,522
BRDA:27,5,1,0
BRDA:28,6,0,522
BRDA:28,6,1,0
BRDA:34,7,0,18
BRDA:34,7,1,1500
BRDA:40,8,0,0
BRDA:40,8,1,1500
BRDA:40,9,0,1500
BRDA:40,9,1,1500
BRDA:50,10,0,0
BRDA:50,10,1,1500
BRDA:54,11,0,1500
BRDA:54,11,1,0
BRDA:55,12,0,1226
BRDA:55,12,1,274
BRDA:78,13,0,1008
BRDA:78,13,1,527
BRDA:78,13,2,527
BRDA:83,14,0,0
BRDA:83,14,1,521
BRDA:85,15,0,521
BRDA:85,15,1,0
BRDA:92,16,0,2
BRDA:92,16,1,2
BRDA:92,17,0,4
BRDA:92,17,1,4
BRDA:104,18,0,0
BRDA:104,18,1,397
BRDA:106,19,0,0
BRDA:106,19,1,397
BRDA:109,20,0,227
BRDA:109,20,1,170
BRDA:109,21,0,397
BRDA:109,21,1,170
BRDA:109,21,2,170
BRDA:113,22,0,0
BRDA:113,22,1,427
BRDA:120,23,0,0
BRDA:120,23,1,1
BRF:48
BRH:33
end_of_record
TN:
SF:/Users/philipp/code/neo4jmapper/src/conditionalparameters.js
FN:13,ConditionalParameters
FN:16,(anonymous_2)
FN:26,(anonymous_3)
FN:30,(anonymous_4)
FN:38,(anonymous_5)
FN:46,(anonymous_6)
FN:53,(anonymous_7)
FN:57,(anonymous_8)
FN:62,(anonymous_9)
FN:127,(anonymous_10)
FNF:10
FNH:10
FNDA:65,ConditionalParameters
FNDA:4,(anonymous_2)
FNDA:4,(anonymous_3)
FNDA:55,(anonymous_4)
FNDA:32,(anonymous_5)
FNDA:89,(anonymous_6)
FNDA:33,(anonymous_7)
FNDA:99,(anonymous_8)
FNDA:90,(anonymous_9)
FNDA:65,(anonymous_10)
DA:5,1
DA:6,0
DA:7,0
DA:9,1
DA:10,1
DA:13,1
DA:15,65
DA:17,4
DA:18,4
DA:19,2
DA:20,8
DA:22,2
DA:24,4
DA:26,4
DA:30,65
DA:31,55
DA:32,36
DA:33,55
DA:34,55
DA:35,55
DA:38,65
DA:39,32
DA:40,32
DA:41,66
DA:43,32
DA:46,65
DA:47,89
DA:48,6
DA:50,83
DA:53,65
DA:54,33
DA:57,65
DA:59,99
DA:62,65
DA:63,90
DA:64,59
DA:65,90
DA:66,90
DA:67,90
DA:68,90
DA:69,2
DA:71,90
DA:72,0
DA:73,90
DA:74,59
DA:75,90
DA:76,90
DA:77,125
DA:78,125
DA:79,125
DA:80,120
DA:81,120
DA:82,120
DA:83,31
DA:85,89
DA:87,104
DA:88,104
DA:91,104
DA:92,104
DA:93,102
DA:95,86
DA:98,16
DA:99,102
DA:101,104
DA:102,104
DA:103,1
DA:105,103
DA:106,4
DA:108,99
DA:117,120
DA:121,90
DA:122,2
DA:124,88
DA:127,65
DA:128,65
DA:129,59
DA:130,65
DA:134,65
DA:135,59
DA:136,6
DA:137,6
DA:138,6
DA:139,6
DA:141,0
DA:143,59
DA:144,59
DA:146,59
DA:147,58
DA:148,59
DA:149,48
DA:150,59
DA:151,0
DA:155,1
DA:157,1
DA:158,1
DA:159,1
DA:162,1
DA:163,1
DA:165,1
DA:166,1
DA:167,1
DA:168,1
DA:170,1
DA:171,0
DA:173,1
LF:105
LH:99
BRDA:5,1,0,0
BRDA:5,1,1,1
BRDA:18,2,0,2
BRDA:18,2,1,2
BRDA:18,3,0,4
BRDA:18,3,1,2
BRDA:20,4,0,4
BRDA:20,4,1,4
BRDA:31,5,0,36
BRDA:31,5,1,19
BRDA:47,6,0,6
BRDA:47,6,1,83
BRDA:47,7,0,89
BRDA:47,7,1,89
BRDA:63,8,0,59
BRDA:63,8,1,31
BRDA:66,9,0,90
BRDA:66,9,1,0
BRDA:68,10,0,2
BRDA:68,10,1,88
BRDA:71,11,0,0
BRDA:71,11,1,90
BRDA:73,12,0,59
BRDA:73,12,1,31
BRDA:75,13,0,90
BRDA:75,13,1,0
BRDA:79,14,0,120
BRDA:79,14,1,5
BRDA:81,15,0,120
BRDA:81,15,1,0
BRDA:82,16,0,31
BRDA:82,16,1,89
BRDA:82,17,0,120
BRDA:82,17,1,120
BRDA:91,18,0,2
BRDA:91,18,1,102
BRDA:92,19,0,102
BRDA:92,19,1,2
BRDA:93,20,0,86
BRDA:93,20,1,16
BRDA:101,21,0,102
BRDA:101,21,1,2
BRDA:102,22,0,1
BRDA:102,22,1,103
BRDA:105,23,0,4
BRDA:105,23,1,99
BRDA:105,24,0,103
BRDA:105,24,1,22
BRDA:105,24,2,22
BRDA:105,24,3,4
BRDA:106,25,0,4
BRDA:106,25,1,0
BRDA:111,26,0,43
BRDA:111,26,1,56
BRDA:121,27,0,2
BRDA:121,27,1,88
BRDA:121,28,0,90
BRDA:121,28,1,58
BRDA:121,28,2,58
BRDA:128,29,0,59
BRDA:128,29,1,6
BRDA:134,30,0,59
BRDA:134,30,1,6
BRDA:135,31,0,59
BRDA:135,31,1,0
BRDA:136,32,0,6
BRDA:136,32,1,0
BRDA:143,33,0,59
BRDA:143,33,1,0
BRDA:146,34,0,58
BRDA:146,34,1,1
BRDA:148,35,0,48
BRDA:148,35,1,11
BRDA:150,36,0,0
BRDA:150,36,1,59
BRDA:170,37,0,0
BRDA:170,37,1,1
BRF:77
BRH:66
end_of_record
TN:
SF:/Users/philipp/code/neo4jmapper/src/transaction.js
FN:5,(anonymous_1)
FN:7,Statement
FN:21,(anonymous_3)
FN:32,Transaction
FN:51,(anonymous_5)
FN:61,(anonymous_6)
FN:85,(anonymous_7)
FN:113,(anonymous_8)
FN:118,(anonymous_9)
FN:123,(anonymous_10)
FN:152,(anonymous_11)
FN:156,(anonymous_12)
FN:167,(anonymous_13)
FN:177,(anonymous_14)
FN:186,(anonymous_15)
FN:208,(anonymous_16)
FN:210,(anonymous_17)
FN:222,(anonymous_18)
FN:235,(anonymous_19)
FN:237,(anonymous_20)
FN:244,(anonymous_21)
FN:262,(anonymous_22)
FN:266,(anonymous_23)
FN:272,(anonymous_24)
FN:300,(anonymous_25)
FN:303,(anonymous_26)
FN:318,(anonymous_27)
FN:325,(anonymous_28)
FN:329,(anonymous_29)
FN:337,(anonymous_30)
FN:353,(anonymous_31)
FN:358,(anonymous_32)
FNF:32
FNH:27
FNDA:8,(anonymous_1)
FNDA:24,Statement
FNDA:0,(anonymous_3)
FNDA:16,Transaction
FNDA:16,(anonymous_5)
FNDA:29,(anonymous_6)
FNDA:21,(anonymous_7)
FNDA:23,(anonymous_8)
FNDA:21,(anonymous_9)
FNDA:23,(anonymous_10)
FNDA:32,(anonymous_11)
FNDA:24,(anonymous_12)
FNDA:21,(anonymous_13)
FNDA:23,(anonymous_14)
FNDA:24,(anonymous_15)
FNDA:0,(anonymous_16)
FNDA:0,(anonymous_17)
FNDA:21,(anonymous_18)
FNDA:43,(anonymous_19)
FNDA:76,(anonymous_20)
FNDA:10,(anonymous_21)
FNDA:0,(anonymous_22)
FNDA:0,(anonymous_23)
FNDA:32,(anonymous_24)
FNDA:4,(anonymous_25)
FNDA:4,(anonymous_26)
FNDA:9,(anonymous_27)
FNDA:3,(anonymous_28)
FNDA:2,(anonymous_29)
FNDA:4,(anonymous_30)
FNDA:1,(anonymous_31)
FNDA:1,(anonymous_32)
DA:5,1
DA:7,8
DA:8,24
DA:9,24
DA:10,24
DA:13,8
DA:14,8
DA:15,8
DA:16,8
DA:17,8
DA:18,8
DA:19,8
DA:21,8
DA:22,0
DA:32,8
DA:33,16
DA:34,16
DA:37,8
DA:39,8
DA:40,8
DA:41,8
DA:42,8
DA:43,8
DA:44,8
DA:45,8
DA:46,8
DA:47,8
DA:48,8
DA:49,8
DA:51,8
DA:53,16
DA:54,16
DA:55,16
DA:56,16
DA:57,16
DA:58,16
DA:61,8
DA:62,29
DA:63,29
DA:65,29
DA:66,0
DA:67,0
DA:68,0
DA:70,0
DA:72,0
DA:74,29
DA:75,29
DA:76,10
DA:80,19
DA:82,10
DA:85,8
DA:86,21
DA:88,21
DA:89,0
DA:91,21
DA:93,21
DA:94,21
DA:96,21
DA:98,10
DA:99,11
DA:101,9
DA:102,9
DA:103,2
DA:105,2
DA:106,2
DA:107,0
DA:108,0
DA:110,0
DA:112,21
DA:113,21
DA:114,23
DA:115,23
DA:117,21
DA:118,21
DA:119,21
DA:120,21
DA:121,21
DA:123,21
DA:124,23
DA:127,21
DA:129,21
DA:132,0
DA:135,21
DA:136,21
DA:137,21
DA:139,21
DA:141,21
DA:142,10
DA:143,21
DA:144,21
DA:149,21
DA:152,8
DA:153,32
DA:154,32
DA:156,24
DA:157,24
DA:158,24
DA:159,24
DA:160,24
DA:164,32
DA:167,8
DA:168,21
DA:170,21
DA:171,11
DA:172,21
DA:173,0
DA:174,0
DA:175,0
DA:177,21
DA:178,23
DA:179,1
DA:180,1
DA:182,23
DA:183,22
DA:186,22
DA:188,24
DA:189,24
DA:193,22
DA:196,21
DA:197,0
DA:199,21
DA:201,21
DA:202,11
DA:204,10
DA:208,8
DA:209,0
DA:210,0
DA:211,0
DA:213,0
DA:222,8
DA:223,21
DA:224,21
DA:225,11
DA:227,21
DA:228,11
DA:229,11
DA:230,11
DA:235,8
DA:236,43
DA:237,43
DA:238,76
DA:239,23
DA:241,43
DA:244,8
DA:245,10
DA:246,7
DA:248,3
DA:249,3
DA:250,3
DA:252,10
DA:253,0
DA:255,10
DA:256,10
DA:257,10
DA:260,8
DA:262,8
DA:263,0
DA:266,8
DA:267,0
DA:270,8
DA:272,8
DA:273,32
DA:275,32
DA:276,1
DA:277,1
DA:279,0
DA:281,1
DA:282,31
DA:283,23
DA:284,0
DA:285,0
DA:287,23
DA:288,8
DA:289,0
DA:290,0
DA:291,8
DA:292,0
DA:294,32
DA:300,8
DA:301,4
DA:302,4
DA:303,4
DA:305,4
DA:306,4
DA:307,4
DA:310,0
DA:312,4
DA:315,8
DA:316,8
DA:318,8
DA:319,9
DA:322,8
DA:323,8
DA:325,8
DA:326,3
DA:329,8
DA:331,2
DA:332,0
DA:333,2
DA:334,2
DA:335,2
DA:337,2
DA:338,4
DA:339,4
DA:340,0
DA:341,4
DA:342,4
DA:343,2
DA:346,2
DA:347,4
DA:350,2
DA:353,8
DA:354,1
DA:356,8
DA:358,8
DA:359,1
DA:362,8
DA:363,8
DA:366,8
DA:368,8
DA:372,1
DA:373,1
DA:377,0
LF:223
LH:191
BRDA:65,1,0,0
BRDA:65,1,1,29
BRDA:67,2,0,0
BRDA:67,2,1,0
BRDA:75,3,0,10
BRDA:75,3,1,19
BRDA:88,4,0,0
BRDA:88,4,1,21
BRDA:96,5,0,10
BRDA:96,5,1,11
BRDA:98,6,0,5
BRDA:98,6,1,5
BRDA:99,7,0,9
BRDA:99,7,1,2
BRDA:103,8,0,2
BRDA:103,8,1,0
BRDA:107,9,0,0
BRDA:107,9,1,0
BRDA:129,10,0,0
BRDA:129,10,1,21
BRDA:135,11,0,21
BRDA:135,11,1,0
BRDA:136,12,0,21
BRDA:136,12,1,0
BRDA:141,13,0,10
BRDA:141,13,1,11
BRDA:154,14,0,24
BRDA:154,14,1,8
BRDA:154,15,0,32
BRDA:154,15,1,24
BRDA:154,15,2,24
BRDA:157,16,0,24
BRDA:157,16,1,0
BRDA:170,17,0,11
BRDA:170,17,1,10
BRDA:172,18,0,0
BRDA:172,18,1,21
BRDA:173,19,0,0
BRDA:173,19,1,0
BRDA:174,20,0,0
BRDA:174,20,1,0
BRDA:178,21,0,1
BRDA:178,21,1,22
BRDA:182,22,0,22
BRDA:182,22,1,1
BRDA:183,23,0,22
BRDA:183,23,1,0
BRDA:188,24,0,24
BRDA:188,24,1,0
BRDA:196,25,0,0
BRDA:196,25,1,21
BRDA:196,26,0,21
BRDA:196,26,1,21
BRDA:197,27,0,0
BRDA:197,27,1,0
BRDA:201,28,0,11
BRDA:201,28,1,10
BRDA:223,29,0,21
BRDA:223,29,1,0
BRDA:224,30,0,11
BRDA:224,30,1,10
BRDA:224,31,0,21
BRDA:224,31,1,11
BRDA:227,32,0,11
BRDA:227,32,1,10
BRDA:238,33,0,23
BRDA:238,33,1,53
BRDA:238,34,0,76
BRDA:238,34,1,76
BRDA:245,35,0,7
BRDA:245,35,1,3
BRDA:252,36,0,0
BRDA:252,36,1,10
BRDA:275,37,0,1
BRDA:275,37,1,31
BRDA:275,38,0,32
BRDA:275,38,1,1
BRDA:275,38,2,0
BRDA:276,39,0,1
BRDA:276,39,1,0
BRDA:282,40,0,23
BRDA:282,40,1,8
BRDA:283,41,0,0
BRDA:283,41,1,23
BRDA:287,42,0,23
BRDA:287,42,1,0
BRDA:288,43,0,0
BRDA:288,43,1,8
BRDA:288,44,0,8
BRDA:288,44,1,0
BRDA:291,45,0,0
BRDA:291,45,1,8
BRDA:291,46,0,8
BRDA:291,46,1,0
BRDA:296,47,0,32
BRDA:296,47,1,19
BRDA:302,48,0,4
BRDA:302,48,1,0
BRDA:302,49,0,4
BRDA:302,49,1,4
BRDA:305,50,0,4
BRDA:305,50,1,0
BRDA:331,51,0,0
BRDA:331,51,1,2
BRDA:339,52,0,0
BRDA:339,52,1,4
BRDA:342,53,0,2
BRDA:342,53,1,2
BRDA:343,54,0,0
BRDA:343,54,1,2
BRDA:372,55,0,1
BRDA:372,55,1,0
BRF:112
BRH:75
end_of_record
TN:
SF:/Users/philipp/code/neo4jmapper/src/node.js
FN:12,(anonymous_1)
FN:32,Node
FN:49,(anonymous_3)
FN:75,(anonymous_4)
FN:88,(anonymous_5)
FN:184,(anonymous_6)
FN:186,(anonymous_7)
FN:194,(anonymous_8)
FN:198,(anonymous_9)
FN:209,(anonymous_10)
FN:221,(anonymous_11)
FN:240,(anonymous_12)
FN:256,(anonymous_13)
FN:260,(anonymous_14)
FN:266,(anonymous_15)
FN:278,(anonymous_16)
FN:287,(anonymous_17)
FN:295,(anonymous_18)
FN:299,(anonymous_19)
FN:315,(anonymous_20)
FN:322,(anonymous_21)
FN:326,(anonymous_22)
FN:330,(anonymous_23)
FN:334,(anonymous_24)
FN:353,(anonymous_25)
FN:355,(anonymous_26)
FN:368,(anonymous_27)
FN:388,(anonymous_28)
FN:397,(anonymous_29)
FN:400,(anonymous_30)
FN:405,(anonymous_31)
FN:430,(anonymous_32)
FN:445,(anonymous_33)
FN:446,(anonymous_34)
FN:455,(anonymous_35)
FN:457,(anonymous_36)
FN:465,(anonymous_37)
FN:470,(anonymous_38)
FN:473,(anonymous_39)
FN:484,(anonymous_40)
FN:491,(anonymous_41)
FN:503,(anonymous_42)
FN:506,(anonymous_43)
FN:511,(anonymous_44)
FN:520,(anonymous_45)
FN:521,(anonymous_46)
FN:526,(anonymous_47)
FN:530,(anonymous_48)
FN:548,(anonymous_49)
FN:566,(anonymous_50)
FN:583,(anonymous_51)
FN:584,(anonymous_52)
FN:593,(anonymous_53)
FN:608,(anonymous_54)
FN:612,(anonymous_55)
FN:634,(anonymous_56)
FN:652,(anonymous_57)
FN:654,(anonymous_58)
FN:662,(anonymous_59)
FN:663,(anonymous_60)
FN:666,(anonymous_61)
FN:676,(anonymous_62)
FN:690,(anonymous_63)
FN:695,(anonymous_64)
FN:699,(anonymous_65)
FN:701,(anonymous_66)
FN:706,(anonymous_67)
FN:710,(anonymous_68)
FN:718,(anonymous_69)
FN:726,(anonymous_70)
FN:754,(anonymous_71)
FN:762,(anonymous_72)
FN:772,(anonymous_73)
FN:777,(anonymous_74)
FN:786,(anonymous_75)
FN:828,(anonymous_76)
FN:847,(anonymous_77)
FN:865,(anonymous_78)
FN:885,(anonymous_79)
FN:931,(anonymous_80)
FN:990,(anonymous_81)
FN:1002,(anonymous_82)
FN:1034,(anonymous_83)
FN:1038,(anonymous_84)
FN:1042,(anonymous_85)
FN:1053,(anonymous_86)
FN:1059,(anonymous_87)
FN:1065,(anonymous_88)
FN:1081,(anonymous_89)
FN:1129,(anonymous_90)
FN:1145,(anonymous_91)
FN:1156,(anonymous_92)
FN:1176,(anonymous_93)
FN:1196,(anonymous_94)
FN:1208,(anonymous_95)
FN:1219,(anonymous_96)
FN:1234,(anonymous_97)
FN:1245,(anonymous_98)
FN:1261,(anonymous_99)
FN:1272,(anonymous_100)
FN:1281,(anonymous_101)
FN:1290,(anonymous_102)
FN:1331,(anonymous_103)
FN:1335,(anonymous_104)
FN:1339,(anonymous_105)
FN:1343,(anonymous_106)
FN:1349,(anonymous_107)
FN:1363,(anonymous_108)
FN:1379,(anonymous_109)
FN:1395,(anonymous_110)
FN:1444,(anonymous_111)
FN:1448,(anonymous_112)
FN:1452,(anonymous_113)
FN:1456,(anonymous_114)
FN:1460,(anonymous_115)
FN:1464,(anonymous_116)
FN:1468,(anonymous_117)
FN:1495,(anonymous_118)
FN:1499,(anonymous_119)
FN:1503,(anonymous_120)
FN:1507,(anonymous_121)
FN:1511,(anonymous_122)
FN:1523,(anonymous_123)
FN:1534,(anonymous_124)
FN:1536,(anonymous_125)
FN:1546,(anonymous_126)
FN:1549,(anonymous_127)
FN:1551,(anonymous_128)
FN:1559,(anonymous_129)
FN:1562,(anonymous_130)
FN:1566,(anonymous_131)
FN:1570,(anonymous_132)
FN:1597,(anonymous_133)
FN:1613,(anonymous_134)
FN:1618,(anonymous_135)
FN:1646,(anonymous_136)
FN:1656,(anonymous_137)
FN:1657,(anonymous_138)
FN:1674,(anonymous_139)
FN:1687,(anonymous_140)
FN:1701,(anonymous_141)
FN:1707,(anonymous_142)
FN:1713,(anonymous_143)
FN:1719,(anonymous_144)
FN:1725,(anonymous_145)
FN:1732,(anonymous_146)
FN:1741,(anonymous_147)
FN:1748,(anonymous_148)
FN:1752,(anonymous_149)
FN:1766,(anonymous_150)
FN:1776,(anonymous_151)
FN:1780,(anonymous_152)
FN:1784,(anonymous_153)
FN:1790,(anonymous_154)
FN:1795,(anonymous_155)
FN:1802,(anonymous_156)
FN:1820,(anonymous_157)
FN:1824,(anonymous_158)
FN:1835,(anonymous_159)
FN:1838,(anonymous_160)
FN:1844,(anonymous_161)
FN:1845,(anonymous_162)
FN:1858,(anonymous_163)
FN:1873,(anonymous_164)
FN:1878,(anonymous_165)
FN:1886,(anonymous_166)
FN:1900,(anonymous_167)
FN:1911,(anonymous_168)
FN:1922,(anonymous_169)
FN:1938,(anonymous_170)
FN:1966,(anonymous_171)
FN:1989,(anonymous_172)
FN:1993,(anonymous_173)
FN:2002,(anonymous_174)
FN:2004,(anonymous_175)
FN:2033,(anonymous_176)
FN:2044,(anonymous_177)
FN:2048,(anonymous_178)
FN:2052,(anonymous_179)
FN:2056,(anonymous_180)
FN:2060,(anonymous_181)
FN:2064,(anonymous_182)
FN:2068,(anonymous_183)
FN:2072,(anonymous_184)
FN:2076,(anonymous_185)
FN:2080,(anonymous_186)
FN:2084,(anonymous_187)
FN:2088,(anonymous_188)
FN:2110,(anonymous_189)
FN:2160,(anonymous_190)
FN:2182,(anonymous_191)
FN:2189,(anonymous_192)
FN:2193,(anonymous_193)
FN:2200,(anonymous_194)
FN:2204,(anonymous_195)
FN:2208,(anonymous_196)
FN:2212,(anonymous_197)
FN:2216,(anonymous_198)
FN:2220,(anonymous_199)
FN:2224,(anonymous_200)
FN:2228,(anonymous_201)
FN:2240,(anonymous_202)
FN:2244,(anonymous_203)
FN:2248,(anonymous_204)
FN:2252,(anonymous_205)
FN:2256,(anonymous_206)
FNF:206
FNH:172
FNDA:8,(anonymous_1)
FNDA:1203,Node
FNDA:1279,(anonymous_3)
FNDA:153,(anonymous_4)
FNDA:161,(anonymous_5)
FNDA:12,(anonymous_6)
FNDA:12,(anonymous_7)
FNDA:12,(anonymous_8)
FNDA:12,(anonymous_9)
FNDA:10,(anonymous_10)
FNDA:352,(anonymous_11)
FNDA:2728,(anonymous_12)
FNDA:1642,(anonymous_13)
FNDA:4,(anonymous_14)
FNDA:241,(anonymous_15)
FNDA:239,(anonymous_16)
FNDA:557,(anonymous_17)
FNDA:3172,(anonymous_18)
FNDA:240,(anonymous_19)
FNDA:0,(anonymous_20)
FNDA:24,(anonymous_21)
FNDA:0,(anonymous_22)
FNDA:24,(anonymous_23)
FNDA:25,(anonymous_24)
FNDA:36,(anonymous_25)
FNDA:3,(anonymous_26)
FNDA:12,(anonymous_27)
FNDA:12,(anonymous_28)
FNDA:8,(anonymous_29)
FNDA:8,(anonymous_30)
FNDA:0,(anonymous_31)
FNDA:2,(anonymous_32)
FNDA:2,(anonymous_33)
FNDA:2,(anonymous_34)
FNDA:2,(anonymous_35)
FNDA:2,(anonymous_36)
FNDA:19,(anonymous_37)
FNDA:19,(anonymous_38)
FNDA:15,(anonymous_39)
FNDA:2808,(anonymous_40)
FNDA:1470,(anonymous_41)
FNDA:202,(anonymous_42)
FNDA:202,(anonymous_43)
FNDA:202,(anonymous_44)
FNDA:202,(anonymous_45)
FNDA:202,(anonymous_46)
FNDA:201,(anonymous_47)
FNDA:202,(anonymous_48)
FNDA:2,(anonymous_49)
FNDA:200,(anonymous_50)
FNDA:202,(anonymous_51)
FNDA:202,(anonymous_52)
FNDA:38,(anonymous_53)
FNDA:202,(anonymous_54)
FNDA:8,(anonymous_55)
FNDA:11,(anonymous_56)
FNDA:483,(anonymous_57)
FNDA:483,(anonymous_58)
FNDA:483,(anonymous_59)
FNDA:483,(anonymous_60)
FNDA:483,(anonymous_61)
FNDA:333,(anonymous_62)
FNDA:0,(anonymous_63)
FNDA:483,(anonymous_64)
FNDA:483,(anonymous_65)
FNDA:483,(anonymous_66)
FNDA:483,(anonymous_67)
FNDA:1,(anonymous_68)
FNDA:1,(anonymous_69)
FNDA:557,(anonymous_70)
FNDA:557,(anonymous_71)
FNDA:33,(anonymous_72)
FNDA:1,(anonymous_73)
FNDA:1,(anonymous_74)
FNDA:1,(anonymous_75)
FNDA:16,(anonymous_76)
FNDA:14,(anonymous_77)
FNDA:453,(anonymous_78)
FNDA:250,(anonymous_79)
FNDA:453,(anonymous_80)
FNDA:8,(anonymous_81)
FNDA:455,(anonymous_82)
FNDA:2,(anonymous_83)
FNDA:234,(anonymous_84)
FNDA:39,(anonymous_85)
FNDA:13,(anonymous_86)
FNDA:67,(anonymous_87)
FNDA:468,(anonymous_88)
FNDA:194,(anonymous_89)
FNDA:0,(anonymous_90)
FNDA:2,(anonymous_91)
FNDA:18,(anonymous_92)
FNDA:21,(anonymous_93)
FNDA:6,(anonymous_94)
FNDA:10,(anonymous_95)
FNDA:0,(anonymous_96)
FNDA:0,(anonymous_97)
FNDA:10,(anonymous_98)
FNDA:11,(anonymous_99)
FNDA:6,(anonymous_100)
FNDA:4,(anonymous_101)
FNDA:8,(anonymous_102)
FNDA:2,(anonymous_103)
FNDA:0,(anonymous_104)
FNDA:0,(anonymous_105)
FNDA:0,(anonymous_106)
FNDA:6,(anonymous_107)
FNDA:6,(anonymous_108)
FNDA:2,(anonymous_109)
FNDA:49,(anonymous_110)
FNDA:0,(anonymous_111)
FNDA:0,(anonymous_112)
FNDA:2,(anonymous_113)
FNDA:4,(anonymous_114)
FNDA:0,(anonymous_115)
FNDA:0,(anonymous_116)
FNDA:10,(anonymous_117)
FNDA:8,(anonymous_118)
FNDA:0,(anonymous_119)
FNDA:0,(anonymous_120)
FNDA:0,(anonymous_121)
FNDA:18,(anonymous_122)
FNDA:8,(anonymous_123)
FNDA:18,(anonymous_124)
FNDA:18,(anonymous_125)
FNDA:17,(anonymous_126)
FNDA:6,(anonymous_127)
FNDA:6,(anonymous_128)
FNDA:0,(anonymous_129)
FNDA:0,(anonymous_130)
FNDA:6,(anonymous_131)
FNDA:6,(anonymous_132)
FNDA:32,(anonymous_133)
FNDA:5,(anonymous_134)
FNDA:2,(anonymous_135)
FNDA:6,(anonymous_136)
FNDA:4,(anonymous_137)
FNDA:4,(anonymous_138)
FNDA:24,(anonymous_139)
FNDA:8,(anonymous_140)
FNDA:0,(anonymous_141)
FNDA:1,(anonymous_142)
FNDA:2,(anonymous_143)
FNDA:1,(anonymous_144)
FNDA:347,(anonymous_145)
FNDA:1279,(anonymous_146)
FNDA:380,(anonymous_147)
FNDA:1,(anonymous_148)
FNDA:497,(anonymous_149)
FNDA:202,(anonymous_150)
FNDA:378,(anonymous_151)
FNDA:0,(anonymous_152)
FNDA:3,(anonymous_153)
FNDA:42,(anonymous_154)
FNDA:40,(anonymous_155)
FNDA:47,(anonymous_156)
FNDA:3,(anonymous_157)
FNDA:1,(anonymous_158)
FNDA:0,(anonymous_159)
FNDA:0,(anonymous_160)
FNDA:0,(anonymous_161)
FNDA:0,(anonymous_162)
FNDA:2813,(anonymous_163)
FNDA:2,(anonymous_164)
FNDA:2,(anonymous_165)
FNDA:53,(anonymous_166)
FNDA:25,(anonymous_167)
FNDA:183,(anonymous_168)
FNDA:139,(anonymous_169)
FNDA:46,(anonymous_170)
FNDA:2,(anonymous_171)
FNDA:2,(anonymous_172)
FNDA:73,(anonymous_173)
FNDA:4,(anonymous_174)
FNDA:4,(anonymous_175)
FNDA:345,(anonymous_176)
FNDA:13,(anonymous_177)
FNDA:0,(anonymous_178)
FNDA:36,(anonymous_179)
FNDA:169,(anonymous_180)
FNDA:24,(anonymous_181)
FNDA:28,(anonymous_182)
FNDA:4,(anonymous_183)
FNDA:0,(anonymous_184)
FNDA:2,(anonymous_185)
FNDA:2,(anonymous_186)
FNDA:0,(anonymous_187)
FNDA:42,(anonymous_188)
FNDA:76,(anonymous_189)
FNDA:20,(anonymous_190)
FNDA:4,(anonymous_191)
FNDA:97,(anonymous_192)
FNDA:94,(anonymous_193)
FNDA:2,(anonymous_194)
FNDA:0,(anonymous_195)
FNDA:2,(anonymous_196)
FNDA:5,(anonymous_197)
FNDA:0,(anonymous_198)
FNDA:0,(anonymous_199)
FNDA:2,(anonymous_200)
FNDA:132,(anonymous_201)
FNDA:0,(anonymous_202)
FNDA:3,(anonymous_203)
FNDA:0,(anonymous_204)
FNDA:0,(anonymous_205)
FNDA:3,(anonymous_206)
DA:12,1
DA:14,8
DA:17,0
DA:18,0
DA:19,0
DA:20,0
DA:22,8
DA:23,8
DA:24,8
DA:25,8
DA:32,8
DA:34,1203
DA:35,0
DA:36,0
DA:39,1203
DA:40,1203
DA:41,1203
DA:42,1203
DA:43,0
DA:49,8
DA:50,1279
DA:51,1279
DA:52,1279
DA:53,1279
DA:54,4
DA:57,1279
DA:63,1279
DA:65,1279
DA:66,1279
DA:75,8
DA:76,153
DA:77,153
DA:78,115
DA:79,38
DA:80,33
DA:82,153
DA:83,153
DA:84,153
DA:88,8
DA:89,161
DA:91,161
DA:92,1
DA:95,161
DA:96,36
DA:97,161
DA:98,151
DA:99,161
DA:100,161
DA:101,161
DA:104,8
DA:106,8
DA:107,8
DA:108,8
DA:109,8
DA:112,8
DA:118,8
DA:119,8
DA:120,8
DA:121,8
DA:122,8
DA:123,8
DA:126,8
DA:157,8
DA:159,8
DA:160,8
DA:161,8
DA:163,8
DA:164,8
DA:166,8
DA:167,8
DA:169,8
DA:177,8
DA:178,8
DA:184,8
DA:185,12
DA:186,12
DA:187,12
DA:188,0
DA:190,12
DA:194,8
DA:195,12
DA:198,8
DA:201,12
DA:203,12
DA:205,12
DA:206,12
DA:207,12
DA:208,12
DA:209,10
DA:210,10
DA:213,2
DA:216,0
DA:221,8
DA:222,352
DA:223,352
DA:224,352
DA:225,352
DA:226,35
DA:227,352
DA:228,352
DA:229,352
DA:240,8
DA:242,2728
DA:243,2728
DA:244,2728
DA:245,2728
DA:246,2728
DA:247,2728
DA:248,2728
DA:249,2728
DA:250,2728
DA:251,2728
DA:252,14
DA:253,2728
DA:256,8
DA:257,1642
DA:260,8
DA:261,4
DA:262,4
DA:263,4
DA:266,8
DA:268,241
DA:269,241
DA:270,241
DA:271,241
DA:272,241
DA:273,241
DA:275,0
DA:278,8
DA:279,239
DA:280,239
DA:281,317
DA:282,317
DA:284,239
DA:287,8
DA:289,557
DA:290,557
DA:291,557
DA:292,557
DA:295,8
DA:296,3172
DA:299,8
DA:301,240
DA:302,240
DA:303,240
DA:304,77
DA:306,74
DA:307,36
DA:309,38
DA:311,240
DA:312,240
DA:315,8
DA:316,0
DA:317,0
DA:319,0
DA:322,8
DA:323,24
DA:326,8
DA:327,0
DA:330,8
DA:332,24
DA:333,24
DA:334,24
DA:335,25
DA:336,25
DA:338,24
DA:339,24
DA:353,8
DA:354,36
DA:355,36
DA:356,3
DA:357,3
DA:359,36
DA:368,8
DA:369,12
DA:370,12
DA:371,12
DA:376,12
DA:377,12
DA:378,12
DA:379,12
DA:380,12
DA:381,12
DA:382,12
DA:383,0
DA:384,12
DA:385,12
DA:388,12
DA:390,12
DA:391,8
DA:394,12
DA:395,5
DA:397,7
DA:398,8
DA:399,8
DA:400,8
DA:401,8
DA:402,8
DA:404,0
DA:405,0
DA:406,0
DA:408,0
DA:410,0
DA:414,8
DA:416,8
DA:417,7
DA:420,8
DA:421,1
DA:423,7
DA:427,12
DA:430,8
DA:431,2
DA:432,0
DA:433,0
DA:435,2
DA:436,0
DA:437,2
DA:438,2
DA:439,2
DA:441,2
DA:442,0
DA:443,2
DA:444,0
DA:445,2
DA:446,2
DA:447,2
DA:448,2
DA:449,2
DA:452,2
DA:455,8
DA:456,2
DA:457,2
DA:458,2
DA:459,0
DA:460,2
DA:462,2
DA:465,8
DA:466,19
DA:467,19
DA:468,0
DA:469,19
DA:470,19
DA:471,19
DA:472,19
DA:473,19
DA:474,15
DA:475,15
DA:477,19
DA:479,0
DA:484,8
DA:485,2808
DA:486,2808
DA:488,0
DA:491,8
DA:492,1470
DA:494,1464
DA:495,1464
DA:497,0
DA:500,1470
DA:503,8
DA:504,202
DA:505,202
DA:506,202
DA:508,202
DA:509,0
DA:511,202
DA:513,202
DA:514,38
DA:515,202
DA:520,8
DA:521,202
DA:522,202
DA:526,8
DA:527,201
DA:530,8
DA:531,202
DA:532,202
DA:533,0
DA:534,202
DA:535,0
DA:536,202
DA:537,202
DA:539,202
DA:541,202
DA:544,2
DA:549,2
DA:550,0
DA:552,2
DA:553,2
DA:558,200
DA:559,200
DA:560,200
DA:561,200
DA:567,200
DA:568,1
DA:570,199
DA:572,199
DA:573,199
DA:574,199
DA:575,199
DA:576,199
DA:577,199
DA:583,8
DA:584,202
DA:586,202
DA:588,202
DA:589,1
DA:590,201
DA:593,38
DA:595,38
DA:596,0
DA:598,38
DA:599,38
DA:600,38
DA:603,163
DA:608,8
DA:609,202
DA:612,8
DA:613,8
DA:614,1
DA:616,7
DA:617,0
DA:619,7
DA:620,0
DA:623,7
DA:624,7
DA:625,7
DA:626,11
DA:629,7
DA:630,7
DA:631,7
DA:634,8
DA:635,11
DA:636,7
DA:637,5
DA:639,7
DA:640,7
DA:641,7
DA:642,7
DA:643,7
DA:646,7
DA:648,4
DA:652,8
DA:653,483
DA:654,483
DA:655,483
DA:656,0
DA:658,483
DA:662,8
DA:663,483
DA:664,483
DA:666,483
DA:667,483
DA:668,483
DA:669,483
DA:672,483
DA:673,150
DA:676,333
DA:677,333
DA:678,0
DA:679,333
DA:681,333
DA:685,0
DA:690,8
DA:691,0
DA:692,0
DA:695,8
DA:696,483
DA:699,8
DA:700,483
DA:701,483
DA:702,483
DA:706,8
DA:707,483
DA:710,8
DA:711,1
DA:712,1
DA:713,1
DA:715,1
DA:718,8
DA:719,1
DA:720,1
DA:721,1
DA:723,1
DA:726,8
DA:729,557
DA:730,557
DA:731,0
DA:733,557
DA:734,557
DA:735,557
DA:736,557
DA:737,557
DA:739,0
DA:740,557
DA:741,557
DA:742,557
DA:744,557
DA:745,557
DA:748,557
DA:749,557
DA:750,557
DA:751,557
DA:754,8
DA:755,557
DA:762,8
DA:763,33
DA:765,33
DA:766,0
DA:767,33
DA:768,33
DA:769,33
DA:772,8
DA:773,1
DA:774,0
DA:775,0
DA:777,1
DA:778,1
DA:780,1
DA:782,0
DA:786,8
DA:787,1
DA:795,1
DA:796,1
DA:798,0
DA:799,0
DA:802,1
DA:803,0
DA:804,1
DA:805,1
DA:806,1
DA:807,0
DA:808,1
DA:809,1
DA:810,1
DA:814,1
DA:816,1
DA:817,1
DA:819,1
DA:821,1
DA:822,1
DA:825,1
DA:828,8
DA:829,16
DA:830,16
DA:831,14
DA:832,14
DA:834,2
DA:835,2
DA:837,16
DA:839,7
DA:841,16
DA:842,16
DA:844,2
DA:846,16
DA:847,14
DA:848,14
DA:849,0
DA:850,0
DA:852,14
DA:854,16
DA:855,16
DA:865,8
DA:866,453
DA:867,453
DA:869,453
DA:870,164
DA:871,0
DA:872,0
DA:873,0
DA:875,164
DA:876,0
DA:877,0
DA:881,453
DA:883,453
DA:884,244
DA:885,244
DA:886,250
DA:887,206
DA:891,244
DA:892,203
DA:894,244
DA:897,453
DA:898,27
DA:899,2
DA:901,25
DA:907,453
DA:910,453
DA:911,48
DA:912,48
DA:913,48
DA:914,1
DA:916,47
DA:917,20
DA:918,20
DA:920,47
DA:921,27
DA:922,27
DA:925,48
DA:927,29
DA:931,453
DA:932,453
DA:933,453
DA:934,474
DA:936,453
DA:940,453
DA:941,0
DA:942,0
DA:943,0
DA:944,0
DA:945,0
DA:946,0
DA:947,0
DA:949,0
DA:953,453
DA:955,25
DA:956,25
DA:957,0
DA:958,0
DA:962,453
DA:965,144
DA:966,0
DA:968,144
DA:974,453
DA:976,346
DA:977,328
DA:978,328
DA:979,321
DA:980,321
DA:982,7
DA:988,453
DA:990,8
DA:991,8
DA:994,8
DA:997,453
DA:999,453
DA:1002,8
DA:1003,455
DA:1004,2
DA:1006,453
DA:1007,453
DA:1008,453
DA:1009,122
DA:1010,3
DA:1012,119
DA:1014,453
DA:1015,77
DA:1016,453
DA:1017,11
DA:1018,453
DA:1019,17
DA:1020,436
DA:1021,0
DA:1023,436
DA:1024,453
DA:1025,7
DA:1026,453
DA:1027,6
DA:1028,453
DA:1029,38
DA:1030,453
DA:1031,453
DA:1034,8
DA:1035,2
DA:1038,8
DA:1039,234
DA:1042,8
DA:1043,39
DA:1044,0
DA:1045,39
DA:1046,0
DA:1047,39
DA:1048,21
DA:1050,18
DA:1053,8
DA:1054,13
DA:1055,0
DA:1056,13
DA:1059,8
DA:1060,67
DA:1061,67
DA:1062,67
DA:1065,8
DA:1066,468
DA:1067,468
DA:1069,468
DA:1070,0
DA:1071,468
DA:1072,0
DA:1074,468
DA:1075,193
DA:1076,193
DA:1078,275
DA:1081,8
DA:1082,194
DA:1084,194
DA:1085,194
DA:1086,194
DA:1087,194
DA:1091,194
DA:1092,0
DA:1095,194
DA:1097,194
DA:1100,194
DA:1101,1
DA:1104,194
DA:1105,22
DA:1107,194
DA:1109,194
DA:1110,173
DA:1113,194
DA:1116,194
DA:1117,2
DA:1119,192
DA:1121,0
DA:1125,0
DA:1126,0
DA:1127,0
DA:1129,0
DA:1131,0
DA:1134,0
DA:1137,0
DA:1145,8
DA:1146,2
DA:1147,2
DA:1149,2
DA:1150,2
DA:1151,2
DA:1152,2
DA:1153,2
DA:1156,8
DA:1157,18
DA:1158,18
DA:1159,18
DA:1160,17
DA:1162,1
DA:1164,18
DA:1166,18
DA:1167,18
DA:1168,4
DA:1169,18
DA:1170,18
DA:1171,18
DA:1172,18
DA:1173,18
DA:1176,8
DA:1177,21
DA:1178,21
DA:1179,21
DA:1180,19
DA:1182,2
DA:1184,21
DA:1186,21
DA:1187,21
DA:1188,9
DA:1189,21
DA:1190,21
DA:1191,21
DA:1192,21
DA:1193,21
DA:1196,8
DA:1197,6
DA:1198,6
DA:1199,6
DA:1201,6
DA:1202,6
DA:1203,6
DA:1204,6
DA:1205,6
DA:1208,8
DA:1209,10
DA:1210,10
DA:1212,10
DA:1213,10
DA:1214,9
DA:1215,10
DA:1216,10
DA:1219,8
DA:1220,0
DA:1221,0
DA:1222,0
DA:1223,0
DA:1224,0
DA:1225,0
DA:1226,0
DA:1227,0
DA:1228,0
DA:1229,0
DA:1230,0
DA:1231,0
DA:1234,8
DA:1235,0
DA:1236,0
DA:1237,0
DA:1238,0
DA:1239,0
DA:1240,0
DA:1241,0
DA:1242,0
DA:1245,8
DA:1246,10
DA:1247,10
DA:1248,10
DA:1249,2
DA:1251,8
DA:1252,8
DA:1254,10
DA:1255,10
DA:1256,10
DA:1257,10
DA:1258,10
DA:1261,8
DA:1262,11
DA:1263,11
DA:1264,11
DA:1265,0
DA:1266,11
DA:1267,1
DA:1268,10
DA:1269,10
DA:1272,8
DA:1273,6
DA:1274,6
DA:1275,0
DA:1276,6
DA:1277,6
DA:1278,6
DA:1281,8
DA:1282,4
DA:1283,2
DA:1284,4
DA:1285,4
DA:1286,4
DA:1287,4
DA:1290,8
DA:1291,8
DA:1292,8
DA:1293,8
DA:1294,8
DA:1295,8
DA:1296,8
DA:1297,8
DA:1298,8
DA:1300,0
DA:1303,0
DA:1304,0
DA:1305,0
DA:1306,0
DA:1308,8
DA:1309,8
DA:1310,8
DA:1311,8
DA:1312,8
DA:1313,8
DA:1315,0
DA:1318,8
DA:1321,8
DA:1324,0
DA:1326,8
DA:1327,8
DA:1328,8
DA:1331,8
DA:1332,2
DA:1335,8
DA:1336,0
DA:1339,8
DA:1340,0
DA:1343,8
DA:1344,0
DA:1349,8
DA:1351,6
DA:1352,4
DA:1353,6
DA:1354,6
DA:1355,6
DA:1356,6
DA:1363,8
DA:1364,6
DA:1365,6
DA:1366,6
DA:1367,6
DA:1368,6
DA:1369,6
DA:1372,6
DA:1374,6
DA:1375,6
DA:1379,8
DA:1380,2
DA:1381,2
DA:1382,0
DA:1383,2
DA:1384,0
DA:1386,2
DA:1387,2
DA:1389,0
DA:1390,2
DA:1391,2
DA:1392,2
DA:1395,8
DA:1396,49
DA:1397,44
DA:1399,0
DA:1400,0
DA:1402,44
DA:1403,41
DA:1406,49
DA:1407,43
DA:1408,49
DA:1410,43
DA:1413,49
DA:1414,23
DA:1417,49
DA:1418,49
DA:1419,42
DA:1420,49
DA:1421,4
DA:1422,49
DA:1423,4
DA:1428,49
DA:1429,49
DA:1431,49
DA:1432,0
DA:1433,49
DA:1434,49
DA:1435,49
DA:1436,49
DA:1437,27
DA:1438,49
DA:1440,49
DA:1441,49
DA:1444,8
DA:1445,0
DA:1448,8
DA:1449,0
DA:1452,8
DA:1453,2
DA:1456,8
DA:1457,4
DA:1460,8
DA:1461,0
DA:1464,8
DA:1465,0
DA:1468,8
DA:1469,10
DA:1470,0
DA:1471,0
DA:1473,10
DA:1475,0
DA:1477,10
DA:1479,0
DA:1481,10
DA:1482,10
DA:1483,0
DA:1486,10
DA:1487,2
DA:1488,10
DA:1489,10
DA:1491,10
DA:1492,10
DA:1495,8
DA:1496,8
DA:1499,8
DA:1500,0
DA:1503,8
DA:1504,0
DA:1507,8
DA:1508,0
DA:1511,8
DA:1512,18
DA:1513,0
DA:1515,18
DA:1516,1
DA:1518,17
DA:1519,17
DA:1520,17
DA:1523,8
DA:1524,8
DA:1525,8
DA:1526,8
DA:1528,8
DA:1529,8
DA:1530,8
DA:1531,8
DA:1534,8
DA:1535,18
DA:1536,18
DA:1537,18
DA:1538,0
DA:1539,18
DA:1540,18
DA:1543,18
DA:1546,17
DA:1549,8
DA:1550,6
DA:1551,6
DA:1552,6
DA:1553,0
DA:1555,6
DA:1559,8
DA:1560,0
DA:1562,8
DA:1563,0
DA:1566,8
DA:1567,6
DA:1570,8
DA:1571,6
DA:1572,0
DA:1573,0
DA:1574,0
DA:1576,6
DA:1581,6
DA:1582,6
DA:1584,0
DA:1586,6
DA:1587,6
DA:1588,6
DA:1589,6
DA:1590,6
DA:1592,0
DA:1594,6
DA:1597,8
DA:1598,32
DA:1599,32
DA:1607,32
DA:1608,2
DA:1609,30
DA:1610,30
DA:1611,30
DA:1612,30
DA:1613,5
DA:1614,5
DA:1615,0
DA:1616,5
DA:1618,2
DA:1619,2
DA:1620,2
DA:1621,2
DA:1622,2
DA:1623,2
DA:1624,2
DA:1626,0
DA:1631,3
DA:1632,3
DA:1637,25
DA:1638,25
DA:1641,0
DA:1643,5
DA:1646,8
DA:1647,6
DA:1648,6
DA:1649,6
DA:1650,3
DA:1651,3
DA:1653,6
DA:1656,6
DA:1657,4
DA:1658,4
DA:1659,0
DA:1660,0
DA:1662,0
DA:1664,4
DA:1669,0
DA:1671,4
DA:1674,8
DA:1675,24
DA:1676,24
DA:1677,24
DA:1678,24
DA:1679,24
DA:1684,24
DA:1687,8
DA:1688,8
DA:1689,8
DA:1690,8
DA:1691,8
DA:1692,8
DA:1698,8
DA:1701,8
DA:1702,0
DA:1703,0
DA:1704,0
DA:1707,8
DA:1708,1
DA:1709,1
DA:1710,1
DA:1713,8
DA:1714,2
DA:1715,2
DA:1716,2
DA:1719,8
DA:1720,1
DA:1721,1
DA:1722,1
DA:1725,8
DA:1726,347
DA:1727,347
DA:1728,347
DA:1729,347
DA:1732,8
DA:1733,1279
DA:1734,1279
DA:1741,8
DA:1742,380
DA:1743,380
DA:1745,380
DA:1748,8
DA:1749,1
DA:1752,8
DA:1753,497
DA:1754,2
DA:1756,497
DA:1757,487
DA:1760,497
DA:1761,82
DA:1763,497
DA:1766,8
DA:1767,202
DA:1768,202
DA:1769,0
DA:1770,202
DA:1771,38
DA:1772,202
DA:1773,202
DA:1776,8
DA:1777,378
DA:1780,8
DA:1781,0
DA:1784,8
DA:1785,3
DA:1786,3
DA:1790,8
DA:1791,42
DA:1792,42
DA:1793,40
DA:1794,0
DA:1795,40
DA:1796,40
DA:1797,0
DA:1798,40
DA:1799,0
DA:1800,40
DA:1802,40
DA:1803,47
DA:1804,4
DA:1806,40
DA:1807,3
DA:1809,37
DA:1813,2
DA:1814,2
DA:1815,2
DA:1817,42
DA:1820,8
DA:1821,3
DA:1824,8
DA:1825,1
DA:1826,1
DA:1827,1
DA:1828,0
DA:1829,1
DA:1830,1
DA:1832,1
DA:1835,8
DA:1836,0
DA:1837,0
DA:1838,0
DA:1839,0
DA:1840,0
DA:1841,0
DA:1842,0
DA:1843,0
DA:1844,0
DA:1845,0
DA:1846,0
DA:1847,0
DA:1848,0
DA:1854,0
DA:1858,8
DA:1859,2813
DA:1873,8
DA:1874,2
DA:1875,2
DA:1878,8
DA:1879,2
DA:1886,8
DA:1887,53
DA:1888,53
DA:1889,0
DA:1890,53
DA:1891,53
DA:1892,17
DA:1893,53
DA:1894,19
DA:1896,34
DA:1900,8
DA:1901,25
DA:1902,25
DA:1903,0
DA:1904,0
DA:1906,25
DA:1907,25
DA:1908,25
DA:1911,8
DA:1912,183
DA:1913,183
DA:1914,183
DA:1915,0
DA:1917,183
DA:1918,183
DA:1919,183
DA:1920,183
DA:1921,183
DA:1922,139
DA:1923,139
DA:1924,4
DA:1926,135
DA:1927,134
DA:1928,0
DA:1930,134
DA:1932,135
DA:1935,44
DA:1938,8
DA:1939,46
DA:1940,44
DA:1943,46
DA:1944,45
DA:1945,45
DA:1946,45
DA:1947,45
DA:1950,46
DA:1951,0
DA:1952,46
DA:1953,46
DA:1954,46
DA:1955,46
DA:1956,2
DA:1957,46
DA:1958,2
DA:1959,2
DA:1960,2
DA:1961,2
DA:1962,0
DA:1965,46
DA:1966,2
DA:1967,2
DA:1968,0
DA:1971,2
DA:1972,1
DA:1973,1
DA:1974,0
DA:1975,1
DA:1976,1
DA:1977,0
DA:1979,0
DA:1980,1
DA:1986,44
DA:1989,8
DA:1990,2
DA:1993,8
DA:1994,73
DA:1995,73
DA:1996,73
DA:1997,73
DA:1998,16
DA:1999,73
DA:2002,8
DA:2003,4
DA:2004,4
DA:2005,4
DA:2006,0
DA:2008,4
DA:2009,1
DA:2010,3
DA:2011,1
DA:2013,2
DA:2014,2
DA:2017,4
DA:2033,8
DA:2034,345
DA:2035,345
DA:2036,345
DA:2037,0
DA:2038,345
DA:2039,345
DA:2040,345
DA:2041,345
DA:2044,8
DA:2045,13
DA:2048,8
DA:2049,0
DA:2052,8
DA:2053,36
DA:2056,8
DA:2057,169
DA:2060,8
DA:2061,24
DA:2064,8
DA:2065,28
DA:2068,8
DA:2069,4
DA:2072,8
DA:2073,0
DA:2076,8
DA:2077,2
DA:2080,8
DA:2081,2
DA:2084,8
DA:2085,0
DA:2088,8
DA:2089,42
DA:2090,42
DA:2092,42
DA:2094,22
DA:2095,1
DA:2096,1
DA:2097,21
DA:2098,9
DA:2099,9
DA:2100,9
DA:2101,12
DA:2102,0
DA:2103,0
DA:2105,22
DA:2106,12
DA:2107,22
DA:2110,22
DA:2111,76
DA:2114,22
DA:2116,22
DA:2117,22
DA:2118,22
DA:2121,9
DA:2123,9
DA:2125,9
DA:2126,27
DA:2127,27
DA:2132,22
DA:2134,22
DA:2135,17
DA:2138,5
DA:2140,22
DA:2144,20
DA:2145,20
DA:2146,0
DA:2148,20
DA:2149,20
DA:2151,20
DA:2153,42
DA:2154,42
DA:2155,12
DA:2157,42
DA:2160,8
DA:2161,20
DA:2162,20
DA:2163,20
DA:2164,20
DA:2165,20
DA:2166,20
DA:2167,20
DA:2168,20
DA:2169,20
DA:2171,20
DA:2172,2
DA:2173,20
DA:2174,3
DA:2175,20
DA:2179,20
DA:2182,8
DA:2183,4
DA:2184,4
DA:2185,3
DA:2186,4
DA:2189,8
DA:2190,97
DA:2193,8
DA:2194,94
DA:2195,0
DA:2197,94
DA:2200,8
DA:2201,2
DA:2204,8
DA:2205,0
DA:2208,8
DA:2209,2
DA:2212,8
DA:2213,5
DA:2216,8
DA:2217,0
DA:2220,8
DA:2221,0
DA:2224,8
DA:2225,2
DA:2228,8
DA:2229,132
DA:2230,131
DA:2231,131
DA:2233,132
DA:2234,132
DA:2235,131
DA:2237,1
DA:2240,8
DA:2241,0
DA:2244,8
DA:2245,3
DA:2248,8
DA:2249,0
DA:2252,8
DA:2253,0
DA:2256,8
DA:2258,3
DA:2260,1
DA:2261,3
DA:2262,3
DA:2263,3
DA:2265,3
DA:2268,8
DA:2269,8
DA:2270,8
DA:2271,8
DA:2273,8
DA:2274,8
DA:2276,8
DA:2279,1
DA:2280,1
DA:2284,0
LF:1324
LH:1122
BRDA:14,1,0,0
BRDA:14,1,1,8
BRDA:34,2,0,0
BRDA:34,2,1,1203
BRDA:39,3,0,1203
BRDA:39,3,1,0
BRDA:40,4,0,1203
BRDA:40,4,1,0
BRDA:42,5,0,0
BRDA:42,5,1,1203
BRDA:50,6,0,1279
BRDA:50,6,1,1275
BRDA:53,7,0,4
BRDA:53,7,1,1275
BRDA:77,8,0,115
BRDA:77,8,1,38
BRDA:79,9,0,33
BRDA:79,9,1,5
BRDA:79,10,0,38
BRDA:79,10,1,38
BRDA:91,11,0,1
BRDA:91,11,1,160
BRDA:95,12,0,36
BRDA:95,12,1,125
BRDA:95,13,0,161
BRDA:95,13,1,151
BRDA:97,14,0,151
BRDA:97,14,1,10
BRDA:187,15,0,0
BRDA:187,15,1,12
BRDA:207,16,0,12
BRDA:207,16,1,0
BRDA:208,17,0,10
BRDA:208,17,1,2
BRDA:225,18,0,35
BRDA:225,18,1,317
BRDA:251,19,0,14
BRDA:251,19,1,2714
BRDA:257,20,0,1029
BRDA:257,20,1,613
BRDA:257,21,0,1642
BRDA:257,21,1,1642
BRDA:261,22,0,4
BRDA:261,22,1,0
BRDA:268,23,0,241
BRDA:268,23,1,0
BRDA:270,24,0,241
BRDA:270,24,1,0
BRDA:270,25,0,241
BRDA:270,25,1,241
BRDA:271,26,0,0
BRDA:271,26,1,241
BRDA:289,27,0,557
BRDA:289,27,1,0
BRDA:291,28,0,0
BRDA:291,28,1,557
BRDA:304,29,0,74
BRDA:304,29,1,3
BRDA:304,30,0,77
BRDA:304,30,1,3
BRDA:304,30,2,74
BRDA:306,31,0,36
BRDA:306,31,1,38
BRDA:316,32,0,0
BRDA:316,32,1,0
BRDA:323,33,0,20
BRDA:323,33,1,4
BRDA:323,34,0,24
BRDA:323,34,1,24
BRDA:327,35,0,0
BRDA:327,35,1,0
BRDA:327,36,0,0
BRDA:327,36,1,0
BRDA:335,37,0,25
BRDA:335,37,1,0
BRDA:356,38,0,3
BRDA:356,38,1,0
BRDA:370,39,0,12
BRDA:370,39,1,12
BRDA:370,39,2,12
BRDA:374,40,0,12
BRDA:374,40,1,0
BRDA:382,41,0,0
BRDA:382,41,1,12
BRDA:394,42,0,5
BRDA:394,42,1,7
BRDA:399,43,0,1
BRDA:399,43,1,7
BRDA:402,44,0,0
BRDA:402,44,1,8
BRDA:402,45,0,8
BRDA:402,45,1,0
BRDA:404,46,0,0
BRDA:404,46,1,0
BRDA:406,47,0,0
BRDA:406,47,1,0
BRDA:406,48,0,0
BRDA:406,48,1,0
BRDA:406,48,2,0
BRDA:416,49,0,7
BRDA:416,49,1,1
BRDA:417,50,0,0
BRDA:417,50,1,7
BRDA:420,51,0,1
BRDA:420,51,1,7
BRDA:431,52,0,0
BRDA:431,52,1,2
BRDA:435,53,0,0
BRDA:435,53,1,2
BRDA:441,54,0,0
BRDA:441,54,1,2
BRDA:443,55,0,0
BRDA:443,55,1,2
BRDA:448,56,0,2
BRDA:448,56,1,0
BRDA:458,57,0,0
BRDA:458,57,1,2
BRDA:467,58,0,0
BRDA:467,58,1,19
BRDA:471,59,0,19
BRDA:471,59,1,0
BRDA:471,60,0,19
BRDA:471,60,1,19
BRDA:474,61,0,15
BRDA:474,61,1,0
BRDA:485,62,0,2808
BRDA:485,62,1,0
BRDA:492,63,0,1464
BRDA:492,63,1,6
BRDA:494,64,0,1464
BRDA:494,64,1,0
BRDA:500,65,0,1468
BRDA:500,65,1,2
BRDA:505,66,0,38
BRDA:505,66,1,164
BRDA:508,67,0,0
BRDA:508,67,1,202
BRDA:508,68,0,202
BRDA:508,68,1,201
BRDA:513,69,0,38
BRDA:513,69,1,164
BRDA:532,70,0,0
BRDA:532,70,1,202
BRDA:534,71,0,0
BRDA:534,71,1,202
BRDA:541,72,0,2
BRDA:541,72,1,200
BRDA:549,73,0,0
BRDA:549,73,1,2
BRDA:558,74,0,38
BRDA:558,74,1,162
BRDA:567,75,0,1
BRDA:567,75,1,199
BRDA:567,76,0,200
BRDA:567,76,1,199
BRDA:588,77,0,1
BRDA:588,77,1,201
BRDA:590,78,0,38
BRDA:590,78,1,163
BRDA:595,79,0,0
BRDA:595,79,1,38
BRDA:598,80,0,38
BRDA:598,80,1,0
BRDA:599,81,0,38
BRDA:599,81,1,0
BRDA:613,82,0,1
BRDA:613,82,1,7
BRDA:616,83,0,0
BRDA:616,83,1,7
BRDA:616,84,0,7
BRDA:616,84,1,0
BRDA:619,85,0,0
BRDA:619,85,1,7
BRDA:635,86,0,7
BRDA:635,86,1,4
BRDA:636,87,0,5
BRDA:636,87,1,2
BRDA:639,88,0,7
BRDA:639,88,1,0
BRDA:655,89,0,0
BRDA:655,89,1,483
BRDA:664,90,0,483
BRDA:664,90,1,0
BRDA:672,91,0,150
BRDA:672,91,1,333
BRDA:677,92,0,0
BRDA:677,92,1,333
BRDA:711,93,0,1
BRDA:711,93,1,0
BRDA:719,94,0,1
BRDA:719,94,1,0
BRDA:730,95,0,0
BRDA:730,95,1,557
BRDA:735,96,0,557
BRDA:735,96,1,0
BRDA:736,97,0,557
BRDA:736,97,1,0
BRDA:736,98,0,557
BRDA:736,98,1,557
BRDA:744,99,0,557
BRDA:744,99,1,0
BRDA:744,100,0,557
BRDA:744,100,1,557
BRDA:749,101,0,557
BRDA:749,101,1,0
BRDA:765,102,0,0
BRDA:765,102,1,33
BRDA:765,103,0,33
BRDA:765,103,1,33
BRDA:773,104,0,0
BRDA:773,104,1,1
BRDA:778,105,0,1
BRDA:778,105,1,0
BRDA:778,106,0,1
BRDA:778,106,1,1
BRDA:795,107,0,1
BRDA:795,107,1,0
BRDA:802,108,0,0
BRDA:802,108,1,1
BRDA:804,109,0,1
BRDA:804,109,1,0
BRDA:806,110,0,0
BRDA:806,110,1,1
BRDA:810,111,0,1
BRDA:810,111,1,0
BRDA:810,112,0,1
BRDA:810,112,1,1
BRDA:814,113,0,1
BRDA:814,113,1,0
BRDA:819,114,0,0
BRDA:819,114,1,1
BRDA:830,115,0,14
BRDA:830,115,1,2
BRDA:834,116,0,2
BRDA:834,116,1,0
BRDA:837,117,0,7
BRDA:837,117,1,9
BRDA:841,118,0,2
BRDA:841,118,1,14
BRDA:842,119,0,2
BRDA:842,119,1,14
BRDA:846,120,0,14
BRDA:846,120,1,2
BRDA:848,121,0,0
BRDA:848,121,1,14
BRDA:848,122,0,14
BRDA:848,122,1,10
BRDA:849,123,0,0
BRDA:849,123,1,0
BRDA:867,124,0,38
BRDA:867,124,1,415
BRDA:869,125,0,164
BRDA:869,125,1,289
BRDA:869,126,0,453
BRDA:869,126,1,452
BRDA:869,126,2,452
BRDA:870,127,0,0
BRDA:870,127,1,164
BRDA:875,128,0,0
BRDA:875,128,1,164
BRDA:883,129,0,244
BRDA:883,129,1,209
BRDA:883,130,0,453
BRDA:883,130,1,453
BRDA:886,131,0,206
BRDA:886,131,1,44
BRDA:886,132,0,250
BRDA:886,132,1,246
BRDA:891,133,0,203
BRDA:891,133,1,41
BRDA:891,134,0,244
BRDA:891,134,1,206
BRDA:897,135,0,27
BRDA:897,135,1,426
BRDA:898,136,0,2
BRDA:898,136,1,25
BRDA:907,137,0,29
BRDA:907,137,1,424
BRDA:910,138,0,48
BRDA:910,138,1,405
BRDA:910,139,0,453
BRDA:910,139,1,432
BRDA:913,140,0,1
BRDA:913,140,1,47
BRDA:913,141,0,48
BRDA:913,141,1,21
BRDA:916,142,0,20
BRDA:916,142,1,27
BRDA:920,143,0,27
BRDA:920,143,1,20
BRDA:925,144,0,29
BRDA:925,144,1,19
BRDA:927,145,0,11
BRDA:927,145,1,18
BRDA:927,146,0,2
BRDA:927,146,1,16
BRDA:940,147,0,0
BRDA:940,147,1,453
BRDA:940,148,0,453
BRDA:940,148,1,453
BRDA:940,148,2,453
BRDA:940,148,3,0
BRDA:940,148,4,0
BRDA:942,149,0,0
BRDA:942,149,1,0
BRDA:953,150,0,25
BRDA:953,150,1,428
BRDA:953,151,0,453
BRDA:953,151,1,356
BRDA:955,152,0,25
BRDA:955,152,1,0
BRDA:957,153,0,0
BRDA:957,153,1,0
BRDA:962,154,0,144
BRDA:962,154,1,309
BRDA:962,155,0,453
BRDA:962,155,1,452
BRDA:962,155,2,164
BRDA:965,156,0,0
BRDA:965,156,1,144
BRDA:974,157,0,346
BRDA:974,157,1,107
BRDA:976,158,0,328
BRDA:976,158,1,18
BRDA:978,159,0,321
BRDA:978,159,1,7
BRDA:988,160,0,8
BRDA:988,160,1,445
BRDA:1003,161,0,2
BRDA:1003,161,1,453
BRDA:1003,162,0,455
BRDA:1003,162,1,4
BRDA:1008,163,0,122
BRDA:1008,163,1,331
BRDA:1009,164,0,3
BRDA:1009,164,1,119
BRDA:1014,165,0,77
BRDA:1014,165,1,376
BRDA:1014,166,0,453
BRDA:1014,166,1,453
BRDA:1016,167,0,11
BRDA:1016,167,1,442
BRDA:1018,168,0,17
BRDA:1018,168,1,436
BRDA:1020,169,0,0
BRDA:1020,169,1,436
BRDA:1024,170,0,7
BRDA:1024,170,1,446
BRDA:1026,171,0,6
BRDA:1026,171,1,447
BRDA:1028,172,0,38
BRDA:1028,172,1,415
BRDA:1043,173,0,0
BRDA:1043,173,1,39
BRDA:1045,174,0,0
BRDA:1045,174,1,39
BRDA:1047,175,0,21
BRDA:1047,175,1,18
BRDA:1050,176,0,0
BRDA:1050,176,1,18
BRDA:1054,177,0,0
BRDA:1054,177,1,13
BRDA:1056,178,0,13
BRDA:1056,178,1,0
BRDA:1062,179,0,14
BRDA:1062,179,1,53
BRDA:1069,180,0,0
BRDA:1069,180,1,468
BRDA:1071,181,0,0
BRDA:1071,181,1,468
BRDA:1074,182,0,193
BRDA:1074,182,1,275
BRDA:1084,183,0,194
BRDA:1084,183,1,0
BRDA:1091,184,0,0
BRDA:1091,184,1,194
BRDA:1100,185,0,1
BRDA:1100,185,1,193
BRDA:1104,186,0,22
BRDA:1104,186,1,172
BRDA:1109,187,0,173
BRDA:1109,187,1,21
BRDA:1109,188,0,194
BRDA:1109,188,1,193
BRDA:1109,188,2,173
BRDA:1113,189,0,194
BRDA:1113,189,1,0
BRDA:1116,190,0,2
BRDA:1116,190,1,192
BRDA:1121,191,0,0
BRDA:1121,191,1,0
BRDA:1126,192,0,0
BRDA:1126,192,1,0
BRDA:1126,193,0,0
BRDA:1126,193,1,0
BRDA:1126,193,2,0
BRDA:1149,194,0,2
BRDA:1149,194,1,0
BRDA:1159,195,0,17
BRDA:1159,195,1,1
BRDA:1167,196,0,4
BRDA:1167,196,1,14
BRDA:1179,197,0,19
BRDA:1179,197,1,2
BRDA:1187,198,0,9
BRDA:1187,198,1,12
BRDA:1199,199,0,6
BRDA:1199,199,1,6
BRDA:1201,200,0,6
BRDA:1201,200,1,2
BRDA:1202,201,0,6
BRDA:1202,201,1,0
BRDA:1212,202,0,10
BRDA:1212,202,1,1
BRDA:1213,203,0,9
BRDA:1213,203,1,1
BRDA:1222,204,0,0
BRDA:1222,204,1,0
BRDA:1237,205,0,0
BRDA:1237,205,1,0
BRDA:1238,206,0,0
BRDA:1238,206,1,0
BRDA:1247,207,0,0
BRDA:1247,207,1,10
BRDA:1248,208,0,2
BRDA:1248,208,1,8
BRDA:1264,209,0,0
BRDA:1264,209,1,11
BRDA:1266,210,0,1
BRDA:1266,210,1,10
BRDA:1274,211,0,0
BRDA:1274,211,1,6
BRDA:1282,212,0,2
BRDA:1282,212,1,2
BRDA:1292,213,0,8
BRDA:1292,213,1,0
BRDA:1297,214,0,8
BRDA:1297,214,1,0
BRDA:1297,215,0,8
BRDA:1297,215,1,8
BRDA:1300,216,0,0
BRDA:1300,216,1,0
BRDA:1304,217,0,0
BRDA:1304,217,1,0
BRDA:1308,218,0,8
BRDA:1308,218,1,0
BRDA:1310,219,0,8
BRDA:1310,219,1,0
BRDA:1310,220,0,8
BRDA:1310,220,1,8
BRDA:1311,221,0,8
BRDA:1311,221,1,0
BRDA:1312,222,0,0
BRDA:1312,222,1,8
BRDA:1313,223,0,0
BRDA:1313,223,1,8
BRDA:1318,224,0,8
BRDA:1318,224,1,0
BRDA:1351,225,0,4
BRDA:1351,225,1,2
BRDA:1364,226,0,6
BRDA:1364,226,1,0
BRDA:1366,227,0,6
BRDA:1366,227,1,0
BRDA:1368,228,0,6
BRDA:1368,228,1,0
BRDA:1370,229,0,0
BRDA:1370,229,1,6
BRDA:1381,230,0,0
BRDA:1381,230,1,2
BRDA:1383,231,0,0
BRDA:1383,231,1,2
BRDA:1386,232,0,2
BRDA:1386,232,1,0
BRDA:1396,233,0,44
BRDA:1396,233,1,5
BRDA:1397,234,0,0
BRDA:1397,234,1,44
BRDA:1402,235,0,41
BRDA:1402,235,1,3
BRDA:1406,236,0,43
BRDA:1406,236,1,6
BRDA:1408,237,0,43
BRDA:1408,237,1,6
BRDA:1413,238,0,23
BRDA:1413,238,1,26
BRDA:1417,239,0,49
BRDA:1417,239,1,0
BRDA:1418,240,0,42
BRDA:1418,240,1,7
BRDA:1420,241,0,4
BRDA:1420,241,1,45
BRDA:1422,242,0,4
BRDA:1422,242,1,45
BRDA:1428,243,0,49
BRDA:1428,243,1,0
BRDA:1431,244,0,0
BRDA:1431,244,1,49
BRDA:1431,245,0,49
BRDA:1431,245,1,1
BRDA:1436,246,0,27
BRDA:1436,246,1,22
BRDA:1436,247,0,49
BRDA:1436,247,1,33
BRDA:1469,248,0,0
BRDA:1469,248,1,10
BRDA:1473,249,0,0
BRDA:1473,249,1,10
BRDA:1477,250,0,0
BRDA:1477,250,1,10
BRDA:1481,251,0,10
BRDA:1481,251,1,0
BRDA:1482,252,0,0
BRDA:1482,252,1,10
BRDA:1486,253,0,2
BRDA:1486,253,1,8
BRDA:1512,254,0,0
BRDA:1512,254,1,18
BRDA:1515,255,0,1
BRDA:1515,255,1,17
BRDA:1524,256,0,4
BRDA:1524,256,1,4
BRDA:1525,257,0,8
BRDA:1525,257,1,0
BRDA:1537,258,0,0
BRDA:1537,258,1,18
BRDA:1539,259,0,18
BRDA:1539,259,1,0
BRDA:1552,260,0,0
BRDA:1552,260,1,6
BRDA:1571,261,0,0
BRDA:1571,261,1,6
BRDA:1581,262,0,6
BRDA:1581,262,1,0
BRDA:1586,263,0,6
BRDA:1586,263,1,0
BRDA:1586,264,0,6
BRDA:1586,264,1,6
BRDA:1588,265,0,6
BRDA:1588,265,1,0
BRDA:1588,266,0,6
BRDA:1588,266,1,0
BRDA:1607,267,0,2
BRDA:1607,267,1,30
BRDA:1609,268,0,30
BRDA:1609,268,1,0
BRDA:1611,269,0,30
BRDA:1611,269,1,0
BRDA:1611,270,0,30
BRDA:1611,270,1,30
BRDA:1611,270,2,30
BRDA:1612,271,0,5
BRDA:1612,271,1,25
BRDA:1614,272,0,0
BRDA:1614,272,1,5
BRDA:1616,273,0,2
BRDA:1616,273,1,3
BRDA:1616,274,0,5
BRDA:1616,274,1,2
BRDA:1619,275,0,2
BRDA:1619,275,1,0
BRDA:1620,276,0,2
BRDA:1620,276,1,0
BRDA:1622,277,0,2
BRDA:1622,277,1,0
BRDA:1647,278,0,5
BRDA:1647,278,1,1
BRDA:1649,279,0,3
BRDA:1649,279,1,3
BRDA:1653,280,0,6
BRDA:1653,280,1,0
BRDA:1653,281,0,6
BRDA:1653,281,1,6
BRDA:1658,282,0,0
BRDA:1658,282,1,4
BRDA:1658,283,0,4
BRDA:1658,283,1,4
BRDA:1659,284,0,0
BRDA:1659,284,1,0
BRDA:1659,285,0,0
BRDA:1659,285,1,0
BRDA:1662,286,0,0
BRDA:1662,286,1,0
BRDA:1664,287,0,4
BRDA:1664,287,1,0
BRDA:1675,288,0,17
BRDA:1675,288,1,7
BRDA:1678,289,0,24
BRDA:1678,289,1,24
BRDA:1678,289,2,24
BRDA:1688,290,0,2
BRDA:1688,290,1,6
BRDA:1691,291,0,8
BRDA:1691,291,1,8
BRDA:1691,291,2,8
BRDA:1702,292,0,0
BRDA:1702,292,1,0
BRDA:1708,293,0,1
BRDA:1708,293,1,0
BRDA:1714,294,0,2
BRDA:1714,294,1,0
BRDA:1720,295,0,1
BRDA:1720,295,1,0
BRDA:1726,296,0,347
BRDA:1726,296,1,0
BRDA:1728,297,0,23
BRDA:1728,297,1,324
BRDA:1728,298,0,0
BRDA:1728,298,1,324
BRDA:1728,299,0,324
BRDA:1728,299,1,324
BRDA:1729,300,0,23
BRDA:1729,300,1,324
BRDA:1729,301,0,23
BRDA:1729,301,1,0
BRDA:1742,302,0,380
BRDA:1742,302,1,0
BRDA:1742,303,0,380
BRDA:1742,303,1,380
BRDA:1753,304,0,2
BRDA:1753,304,1,495
BRDA:1756,305,0,487
BRDA:1756,305,1,10
BRDA:1760,306,0,82
BRDA:1760,306,1,415
BRDA:1760,307,0,497
BRDA:1760,307,1,497
BRDA:1768,308,0,0
BRDA:1768,308,1,202
BRDA:1770,309,0,38
BRDA:1770,309,1,164
BRDA:1785,310,0,3
BRDA:1785,310,1,0
BRDA:1785,311,0,3
BRDA:1785,311,1,3
BRDA:1792,312,0,40
BRDA:1792,312,1,2
BRDA:1792,313,0,42
BRDA:1792,313,1,40
BRDA:1793,314,0,0
BRDA:1793,314,1,40
BRDA:1796,315,0,0
BRDA:1796,315,1,40
BRDA:1798,316,0,0
BRDA:1798,316,1,40
BRDA:1803,317,0,4
BRDA:1803,317,1,43
BRDA:1806,318,0,3
BRDA:1806,318,1,37
BRDA:1814,319,0,2
BRDA:1814,319,1,0
BRDA:1826,320,0,1
BRDA:1826,320,1,0
BRDA:1826,321,0,1
BRDA:1826,321,1,1
BRDA:1827,322,0,0
BRDA:1827,322,1,1
BRDA:1837,323,0,0
BRDA:1837,323,1,0
BRDA:1837,324,0,0
BRDA:1837,324,1,0
BRDA:1839,325,0,0
BRDA:1839,325,1,0
BRDA:1839,326,0,0
BRDA:1839,326,1,0
BRDA:1842,327,0,0
BRDA:1842,327,1,0
BRDA:1847,328,0,0
BRDA:1847,328,1,0
BRDA:1864,329,0,328
BRDA:1864,329,1,2485
BRDA:1865,330,0,334
BRDA:1865,330,1,2479
BRDA:1888,331,0,0
BRDA:1888,331,1,53
BRDA:1891,332,0,17
BRDA:1891,332,1,36
BRDA:1893,333,0,19
BRDA:1893,333,1,34
BRDA:1893,334,0,53
BRDA:1893,334,1,53
BRDA:1902,335,0,0
BRDA:1902,335,1,25
BRDA:1914,336,0,0
BRDA:1914,336,1,183
BRDA:1919,337,0,183
BRDA:1919,337,1,183
BRDA:1921,338,0,139
BRDA:1921,338,1,44
BRDA:1923,339,0,4
BRDA:1923,339,1,135
BRDA:1923,340,0,139
BRDA:1923,340,1,4
BRDA:1923,340,2,4
BRDA:1923,340,3,4
BRDA:1926,341,0,134
BRDA:1926,341,1,1
BRDA:1927,342,0,0
BRDA:1927,342,1,134
BRDA:1939,343,0,44
BRDA:1939,343,1,2
BRDA:1943,344,0,45
BRDA:1943,344,1,1
BRDA:1950,345,0,0
BRDA:1950,345,1,46
BRDA:1952,346,0,46
BRDA:1952,346,1,0
BRDA:1952,347,0,46
BRDA:1952,347,1,46
BRDA:1954,348,0,46
BRDA:1954,348,1,46
BRDA:1955,349,0,2
BRDA:1955,349,1,44
BRDA:1957,350,0,2
BRDA:1957,350,1,44
BRDA:1961,351,0,0
BRDA:1961,351,1,2
BRDA:1965,352,0,2
BRDA:1965,352,1,44
BRDA:1967,353,0,0
BRDA:1967,353,1,2
BRDA:1971,354,0,1
BRDA:1971,354,1,1
BRDA:1973,355,0,0
BRDA:1973,355,1,1
BRDA:1975,356,0,1
BRDA:1975,356,1,0
BRDA:1975,357,0,1
BRDA:1975,357,1,1
BRDA:1977,358,0,0
BRDA:1977,358,1,0
BRDA:1977,359,0,0
BRDA:1977,359,1,0
BRDA:1997,360,0,16
BRDA:1997,360,1,57
BRDA:2005,361,0,0
BRDA:2005,361,1,4
BRDA:2008,362,0,1
BRDA:2008,362,1,3
BRDA:2010,363,0,1
BRDA:2010,363,1,2
BRDA:2036,364,0,0
BRDA:2036,364,1,345
BRDA:2092,365,0,22
BRDA:2092,365,1,20
BRDA:2094,366,0,1
BRDA:2094,366,1,21
BRDA:2097,367,0,9
BRDA:2097,367,1,12
BRDA:2101,368,0,0
BRDA:2101,368,1,12
BRDA:2105,369,0,12
BRDA:2105,369,1,10
BRDA:2116,370,0,22
BRDA:2116,370,1,0
BRDA:2118,371,0,9
BRDA:2118,371,1,13
BRDA:2126,372,0,27
BRDA:2126,372,1,0
BRDA:2126,373,0,27
BRDA:2126,373,1,27
BRDA:2127,374,0,27
BRDA:2127,374,1,15
BRDA:2134,375,0,17
BRDA:2134,375,1,5
BRDA:2145,376,0,0
BRDA:2145,376,1,20
BRDA:2154,377,0,12
BRDA:2154,377,1,30
BRDA:2163,378,0,20
BRDA:2163,378,1,0
BRDA:2167,379,0,40
BRDA:2167,379,1,20
BRDA:2171,380,0,2
BRDA:2171,380,1,18
BRDA:2173,381,0,3
BRDA:2173,381,1,17
BRDA:2173,382,0,20
BRDA:2173,382,1,3
BRDA:2183,383,0,3
BRDA:2183,383,1,1
BRDA:2184,384,0,3
BRDA:2184,384,1,1
BRDA:2194,385,0,0
BRDA:2194,385,1,94
BRDA:2197,386,0,94
BRDA:2197,386,1,5
BRDA:2229,387,0,131
BRDA:2229,387,1,1
BRDA:2234,388,0,131
BRDA:2234,388,1,1
BRDA:2261,389,0,3
BRDA:2261,389,1,0
BRDA:2261,390,0,3
BRDA:2261,390,1,3
BRDA:2279,391,0,1
BRDA:2279,391,1,0
BRF:797
BRH:572
end_of_record
TN:
SF:/Users/philipp/code/neo4jmapper/src/relationship.js
FN:8,(anonymous_1)
FN:20,Relationship
FN:103,(anonymous_3)
FN:113,(anonymous_4)
FN:117,(anonymous_5)
FN:129,(anonymous_6)
FN:142,(anonymous_7)
FN:146,(anonymous_8)
FN:158,(anonymous_9)
FN:160,(anonymous_10)
FN:165,(anonymous_11)
FN:174,(anonymous_12)
FN:198,(anonymous_13)
FN:202,(anonymous_14)
FN:232,(anonymous_15)
FN:243,(anonymous_16)
FN:253,(anonymous_17)
FN:286,(anonymous_18)
FN:295,(anonymous_19)
FN:301,(anonymous_20)
FN:302,(anonymous_21)
FN:316,(anonymous_22)
FN:318,(anonymous_23)
FN:326,(anonymous_24)
FN:327,(anonymous_25)
FN:329,(anonymous_26)
FN:338,(anonymous_27)
FN:342,(anonymous_28)
FN:343,(anonymous_29)
FN:348,(anonymous_30)
FN:352,(anonymous_31)
FN:365,(anonymous_32)
FN:384,(anonymous_33)
FN:391,(anonymous_34)
FN:395,(anonymous_35)
FN:399,(anonymous_36)
FN:410,(anonymous_37)
FN:414,(anonymous_38)
FN:423,(anonymous_39)
FN:448,(anonymous_40)
FNF:40
FNH:39
FNDA:8,(anonymous_1)
FNDA:104,Relationship
FNDA:10,(anonymous_3)
FNDA:10,(anonymous_4)
FNDA:58,(anonymous_5)
FNDA:128,(anonymous_6)
FNDA:10,(anonymous_7)
FNDA:10,(anonymous_8)
FNDA:38,(anonymous_9)
FNDA:38,(anonymous_10)
FNDA:38,(anonymous_11)
FNDA:38,(anonymous_12)
FNDA:1,(anonymous_13)
FNDA:1,(anonymous_14)
FNDA:31,(anonymous_15)
FNDA:2,(anonymous_16)
FNDA:62,(anonymous_17)
FNDA:2,(anonymous_18)
FNDA:61,(anonymous_19)
FNDA:122,(anonymous_20)
FNDA:122,(anonymous_21)
FNDA:61,(anonymous_22)
FNDA:61,(anonymous_23)
FNDA:61,(anonymous_24)
FNDA:61,(anonymous_25)
FNDA:61,(anonymous_26)
FNDA:61,(anonymous_27)
FNDA:61,(anonymous_28)
FNDA:61,(anonymous_29)
FNDA:61,(anonymous_30)
FNDA:2,(anonymous_31)
FNDA:125,(anonymous_32)
FNDA:124,(anonymous_33)
FNDA:38,(anonymous_34)
FNDA:38,(anonymous_35)
FNDA:38,(anonymous_36)
FNDA:10,(anonymous_37)
FNDA:0,(anonymous_38)
FNDA:32,(anonymous_39)
FNDA:31,(anonymous_40)
DA:8,1
DA:11,8
DA:12,0
DA:13,0
DA:15,8
DA:16,8
DA:20,8
DA:21,104
DA:22,104
DA:26,104
DA:30,104
DA:32,104
DA:33,104
DA:35,104
DA:36,31
DA:37,1
DA:38,30
DA:39,28
DA:40,2
DA:42,2
DA:44,104
DA:45,29
DA:47,104
DA:48,31
DA:49,1
DA:50,30
DA:51,28
DA:52,2
DA:54,2
DA:56,104
DA:57,29
DA:59,104
DA:64,104
DA:66,104
DA:67,0
DA:68,0
DA:70,104
DA:72,104
DA:73,30
DA:77,8
DA:78,8
DA:79,8
DA:80,8
DA:81,8
DA:82,8
DA:83,8
DA:84,8
DA:85,8
DA:86,8
DA:87,8
DA:88,8
DA:89,8
DA:90,8
DA:91,8
DA:92,8
DA:93,8
DA:94,8
DA:100,8
DA:101,8
DA:103,8
DA:104,10
DA:105,10
DA:106,0
DA:108,10
DA:110,10
DA:113,8
DA:114,10
DA:117,8
DA:118,58
DA:119,0
DA:120,58
DA:121,0
DA:122,58
DA:123,58
DA:124,58
DA:126,58
DA:129,8
DA:130,128
DA:131,0
DA:132,128
DA:133,0
DA:134,128
DA:135,128
DA:136,128
DA:140,8
DA:142,8
DA:143,10
DA:144,10
DA:146,10
DA:147,10
DA:149,7
DA:151,3
DA:155,0
DA:158,8
DA:159,38
DA:160,38
DA:162,38
DA:163,0
DA:165,38
DA:166,38
DA:167,0
DA:169,38
DA:174,8
DA:175,38
DA:176,38
DA:177,0
DA:178,38
DA:179,0
DA:180,38
DA:181,38
DA:183,38
DA:185,38
DA:186,0
DA:187,38
DA:188,0
DA:189,38
DA:190,0
DA:192,38
DA:194,7
DA:198,1
DA:199,1
DA:200,0
DA:202,1
DA:203,1
DA:204,0
DA:206,1
DA:207,1
DA:216,6
DA:224,31
DA:233,31
DA:234,0
DA:236,31
DA:237,31
DA:243,8
DA:244,2
DA:245,2
DA:246,2
DA:248,0
DA:250,2
DA:253,8
DA:254,62
DA:257,62
DA:258,62
DA:259,0
DA:260,62
DA:261,62
DA:262,62
DA:264,0
DA:265,62
DA:266,62
DA:267,62
DA:268,62
DA:269,62
DA:270,62
DA:272,62
DA:273,62
DA:274,62
DA:276,62
DA:277,62
DA:278,62
DA:281,62
DA:282,62
DA:283,62
DA:286,8
DA:287,2
DA:288,0
DA:289,2
DA:290,2
DA:292,0
DA:295,8
DA:296,61
DA:297,61
DA:298,61
DA:299,61
DA:300,61
DA:301,122
DA:302,122
DA:303,122
DA:304,122
DA:305,0
DA:306,122
DA:307,122
DA:308,61
DA:316,8
DA:317,61
DA:318,61
DA:319,61
DA:320,0
DA:322,61
DA:326,8
DA:327,61
DA:328,61
DA:329,61
DA:330,61
DA:333,0
DA:338,8
DA:339,61
DA:342,8
DA:343,61
DA:344,61
DA:348,8
DA:349,61
DA:352,8
DA:353,2
DA:354,2
DA:358,0
DA:361,8
DA:363,8
DA:365,8
DA:366,125
DA:377,125
DA:378,1
DA:379,125
DA:380,1
DA:381,125
DA:384,8
DA:385,124
DA:386,124
DA:388,0
DA:391,8
DA:392,38
DA:395,8
DA:396,38
DA:399,8
DA:400,38
DA:401,38
DA:404,8
DA:410,8
DA:411,10
DA:414,8
DA:415,0
DA:420,8
DA:423,8
DA:424,32
DA:425,32
DA:426,32
DA:427,32
DA:428,32
DA:429,32
DA:430,32
DA:431,32
DA:432,32
DA:433,32
DA:436,8
DA:437,8
DA:438,8
DA:439,8
DA:440,8
DA:441,8
DA:443,8
DA:444,8
DA:445,8
DA:446,8
DA:448,8
DA:449,31
DA:452,8
DA:454,8
DA:457,1
DA:458,1
DA:462,0
LF:260
LH:228
BRDA:11,1,0,0
BRDA:11,1,1,8
BRDA:21,2,0,104
BRDA:21,2,1,73
BRDA:30,3,0,104
BRDA:30,3,1,73
BRDA:35,4,0,31
BRDA:35,4,1,73
BRDA:36,5,0,1
BRDA:36,5,1,30
BRDA:38,6,0,28
BRDA:38,6,1,2
BRDA:40,7,0,2
BRDA:40,7,1,0
BRDA:44,8,0,29
BRDA:44,8,1,75
BRDA:47,9,0,31
BRDA:47,9,1,73
BRDA:48,10,0,1
BRDA:48,10,1,30
BRDA:50,11,0,28
BRDA:50,11,1,2
BRDA:52,12,0,2
BRDA:52,12,1,0
BRDA:56,13,0,29
BRDA:56,13,1,75
BRDA:66,14,0,0
BRDA:66,14,1,104
BRDA:72,15,0,30
BRDA:72,15,1,74
BRDA:105,16,0,0
BRDA:105,16,1,10
BRDA:118,17,0,0
BRDA:118,17,1,58
BRDA:120,18,0,0
BRDA:120,18,1,58
BRDA:120,19,0,58
BRDA:120,19,1,29
BRDA:122,20,0,58
BRDA:122,20,1,0
BRDA:130,21,0,0
BRDA:130,21,1,128
BRDA:132,22,0,0
BRDA:132,22,1,128
BRDA:132,23,0,128
BRDA:132,23,1,64
BRDA:134,24,0,128
BRDA:134,24,1,0
BRDA:144,25,0,10
BRDA:144,25,1,0
BRDA:144,26,0,10
BRDA:144,26,1,10
BRDA:147,27,0,7
BRDA:147,27,1,3
BRDA:147,28,0,10
BRDA:147,28,1,7
BRDA:162,29,0,0
BRDA:162,29,1,38
BRDA:162,30,0,38
BRDA:162,30,1,38
BRDA:166,31,0,0
BRDA:166,31,1,38
BRDA:176,32,0,0
BRDA:176,32,1,38
BRDA:178,33,0,0
BRDA:178,33,1,38
BRDA:185,34,0,0
BRDA:185,34,1,38
BRDA:187,35,0,0
BRDA:187,35,1,38
BRDA:187,36,0,38
BRDA:187,36,1,38
BRDA:189,37,0,0
BRDA:189,37,1,38
BRDA:189,38,0,38
BRDA:189,38,1,38
BRDA:192,39,0,7
BRDA:192,39,1,31
BRDA:194,40,0,1
BRDA:194,40,1,6
BRDA:194,41,0,7
BRDA:194,41,1,7
BRDA:199,42,0,0
BRDA:199,42,1,1
BRDA:203,43,0,0
BRDA:203,43,1,1
BRDA:233,44,0,0
BRDA:233,44,1,31
BRDA:233,45,0,31
BRDA:233,45,1,31
BRDA:244,46,0,2
BRDA:244,46,1,0
BRDA:254,47,0,0
BRDA:254,47,1,62
BRDA:257,48,0,62
BRDA:257,48,1,0
BRDA:258,49,0,0
BRDA:258,49,1,62
BRDA:260,50,0,62
BRDA:260,50,1,0
BRDA:261,51,0,62
BRDA:261,51,1,0
BRDA:261,52,0,62
BRDA:261,52,1,62
BRDA:269,53,0,62
BRDA:269,53,1,0
BRDA:269,54,0,62
BRDA:269,54,1,62
BRDA:272,55,0,62
BRDA:272,55,1,0
BRDA:272,56,0,62
BRDA:272,56,1,62
BRDA:276,57,0,62
BRDA:276,57,1,0
BRDA:276,58,0,62
BRDA:276,58,1,62
BRDA:287,59,0,0
BRDA:287,59,1,2
BRDA:289,60,0,2
BRDA:289,60,1,0
BRDA:304,61,0,0
BRDA:304,61,1,122
BRDA:307,62,0,61
BRDA:307,62,1,61
BRDA:308,63,0,61
BRDA:308,63,1,0
BRDA:319,64,0,0
BRDA:319,64,1,61
BRDA:328,65,0,61
BRDA:328,65,1,0
BRDA:353,66,0,2
BRDA:353,66,1,0
BRDA:377,67,0,1
BRDA:377,67,1,124
BRDA:377,68,0,125
BRDA:377,68,1,125
BRDA:379,69,0,1
BRDA:379,69,1,124
BRDA:379,70,0,125
BRDA:379,70,1,125
BRDA:385,71,0,124
BRDA:385,71,1,0
BRDA:457,72,0,1
BRDA:457,72,1,0
BRF:144
BRH:104
end_of_record
TN:
SF:/Users/philipp/code/neo4jmapper/src/path.js
FN:3,(anonymous_1)
FN:19,Path
FN:46,(anonymous_3)
FN:65,(anonymous_4)
FN:120,(anonymous_5)
FN:124,(anonymous_6)
FN:136,(anonymous_7)
FN:138,(anonymous_8)
FNF:8
FNH:5
FNDA:8,(anonymous_1)
FNDA:2,Path
FNDA:0,(anonymous_3)
FNDA:2,(anonymous_4)
FNDA:1,(anonymous_5)
FNDA:1,(anonymous_6)
FNDA:0,(anonymous_7)
FNDA:0,(anonymous_8)
DA:3,1
DA:5,8
DA:8,8
DA:10,0
DA:11,0
DA:14,8
DA:15,8
DA:19,8
DA:20,2
DA:21,2
DA:22,2
DA:26,2
DA:30,2
DA:33,8
DA:34,8
DA:35,8
DA:36,8
DA:37,8
DA:38,8
DA:39,8
DA:40,8
DA:41,8
DA:42,8
DA:43,8
DA:44,8
DA:46,8
DA:47,0
DA:48,0
DA:49,0
DA:65,8
DA:68,2
DA:69,2
DA:70,2
DA:71,2
DA:73,0
DA:75,2
DA:76,2
DA:77,6
DA:78,6
DA:79,3
DA:86,2
DA:88,2
DA:89,2
DA:90,4
DA:91,4
DA:92,2
DA:99,2
DA:101,2
DA:106,2
DA:111,2
DA:112,2
DA:113,2
DA:116,2
DA:117,2
DA:120,8
DA:121,1
DA:124,8
DA:125,1
DA:136,8
DA:138,8
DA:139,0
DA:142,8
DA:144,8
DA:147,1
DA:148,1
DA:152,0
LF:66
LH:58
BRDA:8,1,0,0
BRDA:8,1,1,8
BRDA:68,2,0,2
BRDA:68,2,1,0
BRDA:69,3,0,2
BRDA:69,3,1,0
BRDA:70,4,0,2
BRDA:70,4,1,0
BRDA:70,5,0,2
BRDA:70,5,1,2
BRDA:75,6,0,2
BRDA:75,6,1,0
BRDA:78,7,0,3
BRDA:78,7,1,3
BRDA:88,8,0,2
BRDA:88,8,1,0
BRDA:91,9,0,2
BRDA:91,9,1,2
BRDA:147,10,0,1
BRDA:147,10,1,0
BRF:20
BRH:13
end_of_record
